\BOOKMARK [0][-]{chapter.1}{\376\377\000I\000n\000t\000r\000o\000d\000u\000c\000t\000i\000o\000n}{}% 1
\BOOKMARK [1][-]{section.1.1}{\376\377\000U\000n\000a\000n\000t\000i\000c\000i\000p\000a\000t\000e\000d\000\040\000R\000e\000c\000a\000p}{chapter.1}% 2
\BOOKMARK [0][-]{chapter.2}{\376\377\000Q\000u\000o\000t\000e\000s}{}% 3
\BOOKMARK [1][-]{section.2.1}{\376\377\000S\000i\000d\000d\000h\000a\000r\000t\000h\000a\000\040\000o\000n\000\040\000s\000e\000t\000t\000i\000n\000g\000\040\000g\000o\000a\000l\000s}{chapter.2}% 4
\BOOKMARK [1][-]{section.2.2}{\376\377\000W\000e\000\040\000H\000y\000p\000e\000r\000b\000o\000r\000e\000a\000n\000s}{chapter.2}% 5
\BOOKMARK [1][-]{section.2.3}{\376\377\000K\000n\000o\000w\000\040\000T\000h\000y\000s\000e\000l\000f}{chapter.2}% 6
\BOOKMARK [1][-]{section.2.4}{\376\377\000T\000h\000e\000\040\000C\000o\000s\000m\000o\000s\000\040\000a\000s\000\040\000S\000p\000e\000c\000t\000a\000c\000l\000e}{chapter.2}% 7
\BOOKMARK [1][-]{section.2.5}{\376\377\000S\000c\000h\000o\000p\000e\000n\000h\000a\000u\000e\000r\000\040\000o\000n\000\040\000C\000h\000r\000i\000s\000t\000i\000a\000n\000i\000t\000y}{chapter.2}% 8
\BOOKMARK [1][-]{section.2.6}{\376\377\000R\000u\000s\000s\000i\000a\000n\000\040\000n\000i\000h\000i\000l\000i\000s\000t\000s\000\040\000a\000n\000d\000\040\000m\000o\000n\000k\000e\000y\000s}{chapter.2}% 9
\BOOKMARK [1][-]{section.2.7}{\376\377\000T\000o\000i\000l\000,\000\040\000P\000a\000i\000n\000,\000\040\000D\000e\000a\000t\000h}{chapter.2}% 10
\BOOKMARK [1][-]{section.2.8}{\376\377\000I\000n\000\040\000p\000a\000i\000n\000\040\000t\000h\000e\000r\000e\000\040\000i\000s\000\040\000s\000o\000m\000e\000t\000h\000i\000n\000g\000\040\000f\000o\000r\000t\000i\000f\000y\000i\000n\000g\000,\000\040\000m\000a\000n\000l\000y\000,\000\040\000a\000n\000d\000\040\000p\000r\000o\000f\000o\000u\000n\000d}{chapter.2}% 11
\BOOKMARK [1][-]{section.2.9}{\376\377\000S\000o\000c\000i\000a\000l\000i\000s\000m\000\040\000a\000n\000d\000\040\000C\000h\000r\000i\000s\000t\000i\000a\000n\000i\000t\000y}{chapter.2}% 12
\BOOKMARK [1][-]{section.2.10}{\376\377\000T\000h\000e\000\040\000T\000h\000i\000r\000d\000\040\000T\000e\000s\000t\000a\000m\000e\000n\000t}{chapter.2}% 13
\BOOKMARK [1][-]{section.2.11}{\376\377\000T\000h\000e\000\040\000T\000r\000u\000e\000\040\000S\000o\000n\000s\000\040\000o\000f\000\040\000G\000o\000d}{chapter.2}% 14
\BOOKMARK [1][-]{section.2.12}{\376\377\000T\000o\000\040\000L\000o\000v\000e\000\040\000t\000h\000e\000\040\000T\000r\000u\000t\000h}{chapter.2}% 15
\BOOKMARK [0][-]{chapter.3}{\376\377\000C\000o\000n\000f\000e\000s\000s\000i\000o\000n\000s}{}% 16
\BOOKMARK [1][-]{section.3.1}{\376\377\000M\000y\000\040\000M\000e\000a\000n\000d\000e\000r\000i\000n\000g\000\040\000S\000p\000i\000r\000i\000t\000u\000a\000l\000\040\000J\000o\000u\000r\000n\000e\000y}{chapter.3}% 17
\BOOKMARK [1][-]{section.3.2}{\376\377\000A\000\040\000S\000t\000o\000r\000y\000\040\000o\000f\000\040\000L\000o\000v\000e\000\040\000a\000n\000d\000\040\000D\000e\000a\000t\000h}{chapter.3}% 18
\BOOKMARK [1][-]{section.3.3}{\376\377\000P\000l\000a\000y\000i\000n\000g\000\040\000b\000y\000\040\000t\000h\000e\000\040\000B\000o\000o\000k}{chapter.3}% 19
\BOOKMARK [1][-]{section.3.4}{\376\377\000P\000e\000r\000s\000o\000n\000a\000l\000\040\000R\000e\000v\000e\000l\000a\000t\000i\000o\000n\000s}{chapter.3}% 20
\BOOKMARK [1][-]{section.3.5}{\376\377\000D\000e\000c\000e\000n\000t\000e\000r\000i\000n\000g\000\040\000t\000h\000e\000\040\000W\000e\000s\000t\000e\000r\000n\000\040\000T\000r\000a\000d\000i\000t\000i\000o\000n}{chapter.3}% 21
\BOOKMARK [1][-]{section.3.6}{\376\377\000P\000o\000l\000y\000m\000a\000t\000h\000s\000\040\000a\000n\000d\000\040\000S\000e\000l\000f\000-\000C\000r\000e\000a\000t\000i\000o\000n}{chapter.3}% 22
\BOOKMARK [1][-]{section.3.7}{\376\377\000T\000h\000e\000\040\000A\000n\000g\000e\000l\000\040\000o\000f\000\040\000D\000e\000a\000t\000h\000\040\000S\000p\000r\000e\000a\000d\000\040\000h\000i\000s\000\040\000W\000i\000n\000g\000s}{chapter.3}% 23
\BOOKMARK [1][-]{section.3.8}{\376\377\000L\000o\000v\000e\000\040\000a\000n\000d\000\040\000W\000o\000r\000k}{chapter.3}% 24
\BOOKMARK [1][-]{section.3.9}{\376\377\000M\000o\000t\000h\000e\000r\040\031\000s\000\040\000D\000a\000y\000\040\0002\0000\0002\0000}{chapter.3}% 25
\BOOKMARK [1][-]{section.3.10}{\376\377\000A\000u\000l\000d\000\040\000L\000a\000n\000g\000\040\000S\000y\000n\000e}{chapter.3}% 26
\BOOKMARK [1][-]{section.3.11}{\376\377\000T\000h\000e\000\040\000P\000e\000l\000i\000c\000a\000n\000,\000\040\000t\000h\000e\000\040\000P\000o\000e\000t\000,\000\040\000a\000n\000d\000\040\000t\000h\000e\000\040\000P\000u\000e\000r}{chapter.3}% 27
\BOOKMARK [1][-]{section.3.12}{\376\377\000T\000h\000e\000\040\000P\000a\000t\000h\000\040\000w\000i\000t\000h\000\040\000a\000\040\000H\000e\000a\000r\000t}{chapter.3}% 28
\BOOKMARK [1][-]{section.3.13}{\376\377\000E\000m\000b\000r\000a\000c\000i\000n\000g\000\040\000I\000n\000s\000o\000m\000n\000i\000a}{chapter.3}% 29
\BOOKMARK [0][-]{chapter.4}{\376\377\000M\000u\000s\000i\000n\000g\000s}{}% 30
\BOOKMARK [1][-]{section.4.1}{\376\377\000T\000h\000e\000\040\000H\000a\000i\000r\000\040\000o\000f\000\040\000t\000h\000e\000\040\000D\000o\000g}{chapter.4}% 31
\BOOKMARK [1][-]{section.4.2}{\376\377\000K\000i\000d\000z\000,\000\040\000K\000u\000l\000c\000h\000a\000,\000\040\000K\000r\000e\000a\000t\000i\000v\000i\000t\000y}{chapter.4}% 32
\BOOKMARK [1][-]{section.4.3}{\376\377\000L\000e\000t\000\040\000n\000o\000\040\000o\000n\000e\000\040\000i\000g\000n\000o\000r\000a\000n\000t\000\040\000o\000f\000\040\000G\000e\000o\000m\000e\000t\000r\000y\000\040\000E\000n\000t\000e\000r}{chapter.4}% 33
\BOOKMARK [1][-]{section.4.4}{\376\377\000K\000a\000l\000a\000s\000h\000n\000i\000k\000o\000v\000\040\000D\000r\000e\000a\000m\000s}{chapter.4}% 34
\BOOKMARK [1][-]{section.4.5}{\376\377\000H\000e\000l\000l\000\040\000a\000n\000d\000\040\000o\000t\000h\000e\000r\000\040\000l\000o\000v\000e\000l\000y\000\040\000t\000h\000o\000u\000g\000h\000t\000s}{chapter.4}% 35
\BOOKMARK [1][-]{section.4.6}{\376\377\000P\000l\000a\000y\000e\000r\000s\000\040\000a\000n\000d\000\040\000P\000u\000g\000i\000l\000i\000s\000t\000s}{chapter.4}% 36
\BOOKMARK [1][-]{section.4.7}{\376\377\000N\000o\000v\000e\000m\000b\000e\000r\000\040\000M\000u\000s\000i\000n\000g\000s}{chapter.4}% 37
\BOOKMARK [1][-]{section.4.8}{\376\377\000A\000v\000o\000i\000d\000i\000n\000g\000\040\000t\000h\000e\000\040\000H\000a\000n\000d\000s\000\040\000o\000f\000\040\000t\000h\000e\000\040\000S\000o\000p\000h\000i\000s\000t\000s}{chapter.4}% 38
\BOOKMARK [1][-]{section.4.9}{\376\377\000U\000n\000s\000e\000r\000i\000o\000u\000s\000\040\000M\000e\000d\000i\000t\000a\000t\000i\000o\000n\000s}{chapter.4}% 39
\BOOKMARK [1][-]{section.4.10}{\376\377\000A\000p\000r\000i\000l\000\040\000F\000o\000o\000l\000s\000\040\000T\000a\000l\000k\000i\000n\000g\000\040\000B\000l\000u\000e\000s}{chapter.4}% 40
\BOOKMARK [1][-]{section.4.11}{\376\377\000A\000p\000r\000i\000l\000\040\000S\000h\000o\000w\000e\000r\000s\000\040\0002\0000\0001\0003}{chapter.4}% 41
\BOOKMARK [1][-]{section.4.12}{\376\377\000B\000e\000n\000e\000v\000o\000l\000e\000n\000t\000\040\000C\000e\000n\000t\000r\000a\000l\000i\000z\000e\000d\000\040\000P\000o\000w\000e\000r}{chapter.4}% 42
\BOOKMARK [1][-]{section.4.13}{\376\377\000T\000h\000e\000\040\000O\000p\000p\000o\000s\000i\000t\000e\000\040\000o\000f\000\040\000a\000\040\000M\000i\000s\000c\000o\000n\000c\000e\000p\000t\000i\000o\000n}{chapter.4}% 43
\BOOKMARK [1][-]{section.4.14}{\376\377\000A\000n\000d\000r\000o\000i\000d\000s\000,\000\040\000A\000v\000a\000t\000a\000r\000s\000,\000\040\000a\000n\000d\000\040\000A\000n\000d\000r\000o\000p\000h\000i\000l\000e\000s}{chapter.4}% 44
\BOOKMARK [1][-]{section.4.15}{\376\377\000M\000i\000d\000s\000u\000m\000m\000e\000r\000\040\000N\000i\000g\000h\000t\000\040\000D\000r\000e\000a\000m\000\040\0002\0000\0001\0003}{chapter.4}% 45
\BOOKMARK [1][-]{section.4.16}{\376\377\000T\000h\000e\000\040\000P\000r\000i\000s\000t\000i\000n\000e\000\040\000T\000h\000e\000o\000l\000o\000g\000y}{chapter.4}% 46
\BOOKMARK [1][-]{section.4.17}{\376\377\000T\000u\000r\000n\000i\000n\000g\000\040\000B\000a\000c\000k\000\040\000f\000r\000o\000m\000\040\000t\000h\000e\000\040\000G\000a\000t\000e\000s\000\040\000o\000f\000\040\000H\000e\000l\000l}{chapter.4}% 47
\BOOKMARK [1][-]{section.4.18}{\376\377\000S\000c\000i\000e\000n\000t\000i\000f\000i\000c\000\040\000a\000n\000d\000\040\000P\000o\000l\000i\000t\000i\000c\000a\000l\000\040\000M\000y\000t\000h\000s}{chapter.4}% 48
\BOOKMARK [1][-]{section.4.19}{\376\377\000T\000h\000e\000o\000d\000i\000c\000y\000\040\000a\000n\000d\000\040\000t\000h\000e\000\040\000O\000t\000h\000e\000r\000\040\000W\000o\000m\000a\000n}{chapter.4}% 49
\BOOKMARK [1][-]{section.4.20}{\376\377\000T\000h\000e\000\040\000V\000i\000r\000g\000i\000n\000\040\000a\000n\000d\000\040\000t\000h\000e\000\040\000M\000a\000c\000h\000i\000n\000e\000\040\000G\000u\000n}{chapter.4}% 50
\BOOKMARK [1][-]{section.4.21}{\376\377\000V\000a\000n\000i\000l\000l\000a\000\040\000T\000r\000a\000d\000i\000t\000i\000o\000n}{chapter.4}% 51
\BOOKMARK [1][-]{section.4.22}{\376\377\000S\000p\000r\000i\000n\000g\000\040\000F\000e\000v\000e\000r\000\040\000I\000n\000t\000o\000x\000i\000c\000a\000t\000i\000o\000n}{chapter.4}% 52
\BOOKMARK [1][-]{section.4.23}{\376\377\000A\000r\000t\000i\000s\000a\000n\000\040\000o\000f\000\040\000t\000h\000e\000\040\000S\000o\000u\000l}{chapter.4}% 53
\BOOKMARK [1][-]{section.4.24}{\376\377\000H\000o\000m\000a\000g\000e\000\040\000t\000o\000\040\000G\000i\000u\000s\000e\000p\000p\000e}{chapter.4}% 54
\BOOKMARK [1][-]{section.4.25}{\376\377\000T\000o\000o\000\040\000L\000a\000t\000e\000\040\000f\000o\000r\000\040\000G\000r\000o\000u\000n\000d\000h\000o\000g\040\031\000s\000\040\000D\000a\000y}{chapter.4}% 55
\BOOKMARK [1][-]{section.4.26}{\376\377\000X\000\040\000F\000i\000l\000e\000s\000\040\000a\000n\000d\000\040\000B\000i\000g\000o\000t\000e\000d\000\040\000O\000p\000i\000n\000i\000o\000n\000s}{chapter.4}% 56
\BOOKMARK [1][-]{section.4.27}{\376\377\000S\000p\000y\000\040\000v\000s\000\040\000S\000p\000y}{chapter.4}% 57
\BOOKMARK [1][-]{section.4.28}{\376\377\000G\000a\000s\000p\000i\000n\000g\000\040\000f\000o\000r\000\040\000A\000i\000r}{chapter.4}% 58
\BOOKMARK [1][-]{section.4.29}{\376\377\000T\000e\000m\000p\000t\000e\000d\000\040\000b\000y\000\040\000C\000a\000l\000y\000p\000s\000o}{chapter.4}% 59
\BOOKMARK [1][-]{section.4.30}{\376\377\000T\000h\000e\000\040\000T\000e\000m\000p\000t\000a\000t\000i\000o\000n\000\040\000o\000f\000\040\000S\000a\000i\000n\000t\000\040\000A\000n\000t\000h\000o\000n\000y}{chapter.4}% 60
\BOOKMARK [1][-]{section.4.31}{\376\377\000T\000h\000e\000\040\000M\000i\000s\000u\000s\000e\000\040\000o\000f\000\040\000I\000n\000t\000e\000l\000l\000i\000g\000e\000n\000c\000e}{chapter.4}% 61
\BOOKMARK [1][-]{section.4.32}{\376\377\000T\000h\000i\000n\000g\000s\000\040\000h\000a\000v\000e\000\040\000a\000l\000w\000a\000y\000s\000\040\000b\000e\000e\000n\000\040\000p\000r\000e\000t\000t\000y\000\040\000b\000a\000d}{chapter.4}% 62
\BOOKMARK [1][-]{section.4.33}{\376\377\000T\000h\000e\000\040\000H\000e\000d\000g\000e\000h\000o\000g\000\040\000a\000n\000d\000\040\000t\000h\000e\000\040\000F\000o\000x}{chapter.4}% 63
\BOOKMARK [1][-]{section.4.34}{\376\377\000A\000\040\000N\000e\000c\000e\000s\000s\000a\000r\000y\000\040\000I\000n\000t\000e\000r\000r\000u\000p\000t\000i\000o\000n}{chapter.4}% 64
\BOOKMARK [1][-]{section.4.35}{\376\377\000P\000e\000t\000\040\000P\000e\000e\000v\000e\000s}{chapter.4}% 65
\BOOKMARK [1][-]{section.4.36}{\376\377\000L\000i\000v\000i\000n\000g\000\040\000i\000n\000\040\000I\000n\000t\000e\000r\000e\000s\000t\000i\000n\000g\000\040\000T\000i\000m\000e\000s}{chapter.4}% 66
\BOOKMARK [1][-]{section.4.37}{\376\377\000D\000e\000a\000t\000h\000\040\000a\000n\000d\000\040\000F\000i\000n\000a\000l\000\040\000J\000u\000d\000g\000m\000e\000n\000t}{chapter.4}% 67
\BOOKMARK [1][-]{section.4.38}{\376\377\000T\000o\000u\000r\000\040\000G\000u\000i\000d\000e\000\040\000t\000h\000r\000o\000u\000g\000h\000\040\000t\000h\000e\000\040\000R\000u\000i\000n\000s}{chapter.4}% 68
\BOOKMARK [1][-]{section.4.39}{\376\377\000A\000\040\000S\000o\000l\000i\000t\000a\000r\000y\000\040\000M\000a\000n}{chapter.4}% 69
\BOOKMARK [1][-]{section.4.40}{\376\377\000W\000a\000i\000t\000i\000n\000g\000\040\000f\000o\000r\000\040\000a\000\040\000M\000i\000r\000a\000c\000l\000e\000\040\000t\000o\000\040\000C\000o\000m\000e}{chapter.4}% 70
\BOOKMARK [1][-]{section.4.41}{\376\377\000M\000e\000s\000s\000a\000g\000e\000\040\000t\000o\000\040\000P\000r\000o\000d\000i\000g\000a\000l\000\040\000S\000o\000n\000s}{chapter.4}% 71
\BOOKMARK [1][-]{section.4.42}{\376\377\000T\000h\000e\000\040\000B\000o\000u\000l\000a\000n\000g\000e\000r\000i\000e\000:\000\040\000A\000\040\000P\000a\000r\000a\000b\000l\000e}{chapter.4}% 72
\BOOKMARK [1][-]{section.4.43}{\376\377\000H\000u\000m\000a\000n\000s\000\040\000m\000a\000y\000\040\000b\000e\000\040\000E\000v\000e\000r\000y\000w\000h\000e\000r\000e}{chapter.4}% 73
\BOOKMARK [1][-]{section.4.44}{\376\377\000I\000d\000e\000s\000\040\000o\000f\000\040\000M\000a\000r\000c\000h}{chapter.4}% 74
\BOOKMARK [1][-]{section.4.45}{\376\377\000S\000i\000m\000u\000l\000a\000t\000i\000o\000n\000\040\000a\000n\000d\000\040\000Y\000e\000l\000l\000o\000w\000\040\000C\000a\000r\000d\000s}{chapter.4}% 75
\BOOKMARK [0][-]{chapter.5}{\376\377\000M\000u\000s\000i\000n\000g\000s\000\040\000a\000b\000o\000u\000t\000\040\000T\000r\000a\000d\000i\000t\000i\000o\000n}{}% 76
\BOOKMARK [1][-]{section.5.1}{\376\377\000T\000h\000e\000\040\000E\000n\000d\000\040\000o\000f\000\040\000A\000l\000l\000\040\000o\000u\000r\000\040\000E\000x\000p\000l\000o\000r\000i\000n\000g}{chapter.5}% 77
\BOOKMARK [1][-]{section.5.2}{\376\377\000H\000e\000a\000r\000d\000\040\000A\000r\000o\000u\000n\000d\000\040\000T\000o\000w\000n}{chapter.5}% 78
\BOOKMARK [1][-]{section.5.3}{\376\377\000I\000d\000e\000a\000\040\000D\000e\000n\000s\000i\000t\000y}{chapter.5}% 79
\BOOKMARK [1][-]{section.5.4}{\376\377\000R\000e\000a\000c\000t\000i\000o\000n\000a\000r\000y\000\040\000C\000h\000i\000c}{chapter.5}% 80
\BOOKMARK [1][-]{section.5.5}{\376\377\000T\000h\000e\000\040\000O\000r\000d\000e\000r\000\040\000o\000f\000\040\000T\000h\000i\000n\000g\000s}{chapter.5}% 81
\BOOKMARK [1][-]{section.5.6}{\376\377\000W\000h\000a\000t\000,\000\040\000M\000e\000\040\000W\000o\000r\000r\000y\000?}{chapter.5}% 82
\BOOKMARK [1][-]{section.5.7}{\376\377\000P\000e\000r\000p\000e\000t\000u\000a\000l\000\040\000M\000o\000t\000i\000o\000n}{chapter.5}% 83
\BOOKMARK [1][-]{section.5.8}{\376\377\000W\000h\000i\000t\000e\000\040\000B\000o\000i\000\040\000S\000u\000m\000m\000e\000r}{chapter.5}% 84
\BOOKMARK [1][-]{section.5.9}{\376\377\000D\000o\000n\040\031\000t\000\040\000b\000e\000\040\000t\000h\000a\000t\000\040\000I\000g\000u\000a\000n\000a}{chapter.5}% 85
\BOOKMARK [0][-]{chapter.6}{\376\377\000L\000i\000t\000e\000r\000a\000t\000u\000r\000e}{}% 86
\BOOKMARK [1][-]{section.6.1}{\376\377\000D\000i\000a\000l\000o\000g\000o\000\040\000d\000i\000\040\000T\000o\000r\000q\000u\000a\000t\000o\000\040\000T\000a\000s\000s\000o\000\040\000e\000\040\000d\000e\000l\000\040\000s\000u\000o\000\040\000G\000e\000n\000i\000o\000\040\000f\000a\000m\000i\000l\000i\000a\000r\000e}{chapter.6}% 87
\BOOKMARK [1][-]{section.6.2}{\376\377\000H\000o\000l\000l\000y\000w\000o\000o\000d\000\040\000A\000c\000t\000i\000o\000n\000\040\000F\000l\000i\000c\000k\000s}{chapter.6}% 88
\BOOKMARK [1][-]{section.6.3}{\376\377\000T\000h\000e\000\040\000F\000i\000n\000g\000e\000r\000\040\000o\000f\000\040\000F\000a\000t\000h\000e\000r\000\040\000S\000e\000r\000g\000i\000u\000s}{chapter.6}% 89
\BOOKMARK [1][-]{section.6.4}{\376\377\000T\000h\000e\000\040\000C\000o\000n\000d\000o\000r\000\040\000a\000n\000d\000\040\000t\000h\000e\000\040\000A\000n\000a\000r\000c\000h}{chapter.6}% 90
\BOOKMARK [1][-]{section.6.5}{\376\377\000K\000e\000r\000o\000u\000a\000c\000\040\000a\000n\000d\000\040\000t\000h\000e\000\040\000F\000a\000u\000s\000t\000i\000a\000n\000\040\000W\000e\000s\000t}{chapter.6}% 91
\BOOKMARK [1][-]{section.6.6}{\376\377\000B\000r\000i\000d\000g\000e\000\040\000o\000f\000\040\000L\000i\000f\000e}{chapter.6}% 92
\BOOKMARK [1][-]{section.6.7}{\376\377\000A\000r\000t\000\040\000a\000n\000d\000\040\000I\000l\000l\000u\000s\000i\000o\000n\000\040\000i\000n\000\040\000M\000e\000y\000r\000i\000n\000k}{chapter.6}% 93
\BOOKMARK [1][-]{section.6.8}{\376\377\000T\000h\000e\000\040\000M\000u\000z\000z\000l\000e\000\040\000o\000f\000\040\000a\000\040\000P\000i\000s\000t\000o\000l}{chapter.6}% 94
\BOOKMARK [0][-]{chapter.7}{\376\377\000P\000o\000e\000t\000r\000y}{}% 95
\BOOKMARK [1][-]{section.7.1}{\376\377\000T\000h\000e\000\040\000M\000a\000i\000d\000\040\000o\000f\000\040\000D\000e\000s\000t\000i\000n\000y}{chapter.7}% 96
\BOOKMARK [1][-]{section.7.2}{\376\377\000W\000h\000e\000n\000\040\000T\000i\000m\000e\000\040\000F\000l\000o\000w\000s\000\040\000B\000a\000c\000k}{chapter.7}% 97
\BOOKMARK [1][-]{section.7.3}{\376\377\000S\000o\000n\000n\000e\000t\000\040\000t\000o\000\040\000t\000h\000e\000\040\000K\000n\000i\000g\000h\000t}{chapter.7}% 98
\BOOKMARK [1][-]{section.7.4}{\376\377\000L\000a\000u\000d\000i\000\040\000a\000l\000l\000a\000\040\000V\000e\000r\000g\000i\000n\000e\000\040\000M\000a\000r\000i\000a}{chapter.7}% 99
\BOOKMARK [1][-]{section.7.5}{\376\377\000T\000h\000e\000\040\000M\000o\000o\000n\000\040\000w\000a\000s\000\040\000a\000\040\000g\000h\000o\000s\000t\000l\000y\000\040\000G\000a\000l\000l\000e\000o\000n}{chapter.7}% 100
\BOOKMARK [1][-]{section.7.6}{\376\377\000T\000h\000e\000\040\000T\000w\000o\000\040\000N\000i\000g\000h\000t\000s}{chapter.7}% 101
\BOOKMARK [1][-]{section.7.7}{\376\377\000C\000a\000s\000t\000\040\000y\000o\000u\000r\000\040\000s\000o\000u\000l\000\040\000t\000o\000\040\000t\000h\000e\000\040\000s\000e\000a}{chapter.7}% 102
\BOOKMARK [1][-]{section.7.8}{\376\377\000T\000h\000e\000\040\000S\000o\000n\000n\000e\000t\000\040\000C\000h\000a\000l\000l\000e\000n\000g\000e}{chapter.7}% 103
\BOOKMARK [1][-]{section.7.9}{\376\377\000S\000o\000n\000n\000e\000t\000:\000\040\000N\000o\000c\000t\000u\000r\000n\000e}{chapter.7}% 104
\BOOKMARK [1][-]{section.7.10}{\376\377\000S\000o\000n\000n\000e\000t\000:\000\040\000S\000p\000r\000i\000n\000g\000t\000i\000m\000e}{chapter.7}% 105
\BOOKMARK [1][-]{section.7.11}{\376\377\000S\000o\000n\000n\000e\000t\000:\000\040\000M\000i\000s\000e\000r\000e\000r\000e}{chapter.7}% 106
\BOOKMARK [1][-]{section.7.12}{\376\377\000S\000o\000n\000n\000e\000t\000:\000\040\000D\000y\000i\000n\000g\000\040\000E\000m\000b\000e\000r}{chapter.7}% 107
\BOOKMARK [1][-]{section.7.13}{\376\377\000C\000l\000e\000m\000e\000n\000t\000i\000a\000\040\000D\000e\000i}{chapter.7}% 108
\BOOKMARK [1][-]{section.7.14}{\376\377\000S\000o\000n\000n\000e\000t\000:\000\040\000A\000l\000l\000\040\000a\000t\000\040\000S\000e\000a}{chapter.7}% 109
\BOOKMARK [0][-]{chapter.8}{\376\377\000F\000i\000l\000m\000s}{}% 110
\BOOKMARK [1][-]{section.8.1}{\376\377\000L\000u\000c\000y\000\040\000i\000n\000\040\000t\000h\000e\000\040\000S\000k\000y}{chapter.8}% 111
\BOOKMARK [1][-]{section.8.2}{\376\377\000M\000a\000n\000\040\000i\000n\000\040\000t\000h\000e\000\040\000H\000i\000g\000h\000\040\000C\000a\000s\000t\000l\000e}{chapter.8}% 112
\BOOKMARK [1][-]{section.8.3}{\376\377\000B\000l\000a\000c\000k\000\040\000W\000h\000i\000t\000e\000\040\000a\000n\000d\000\040\000G\000r\000e\000y}{chapter.8}% 113
\BOOKMARK [1][-]{section.8.4}{\376\377\000H\000a\000p\000p\000y\000\040\000W\000i\000f\000e\000,\000\040\000U\000n\000h\000a\000p\000p\000y\000\040\000L\000i\000f\000e}{chapter.8}% 114
\BOOKMARK [1][-]{section.8.5}{\376\377\000B\000r\000i\000e\000f\000\040\000E\000n\000c\000o\000u\000n\000t\000e\000r}{chapter.8}% 115
\BOOKMARK [1][-]{section.8.6}{\376\377\000G\000o\000n\000e\000,\000\040\000B\000a\000b\000y\000,\000\040\000G\000o\000n\000e\000:\000\040\000M\000a\000n\000'\000s\000\040\000J\000u\000s\000t\000i\000c\000e}{chapter.8}% 116
\BOOKMARK [1][-]{section.8.7}{\376\377\000T\000h\000e\000\040\000U\000n\000f\000o\000r\000g\000i\000v\000e\000n\000\040\000a\000n\000d\000\040\000u\000n\000f\000o\000r\000g\000i\000v\000a\000b\000l\000e}{chapter.8}% 117
\BOOKMARK [1][-]{section.8.8}{\376\377\000T\000h\000e\000\040\000L\000a\000s\000t\000\040\000D\000u\000e\000l\000:\000\040\000G\000o\000d\040\031\000s\000\040\000J\000u\000s\000t\000i\000c\000e}{chapter.8}% 118
\BOOKMARK [1][-]{section.8.9}{\376\377\000F\000a\000l\000l\000e\000n\000\040\000A\000n\000g\000e\000l}{chapter.8}% 119
\BOOKMARK [1][-]{section.8.10}{\376\377\000H\000a\000v\000e\000\040\000G\000u\000n\000,\000\040\000W\000i\000l\000l\000\040\000T\000r\000a\000v\000e\000l}{chapter.8}% 120
\BOOKMARK [1][-]{section.8.11}{\376\377\000S\000l\000e\000e\000p\000i\000n\000g\000\040\000T\000h\000r\000o\000u\000g\000h\000\040\000t\000h\000e\000\040\000J\000u\000n\000t\000a}{chapter.8}% 121
\BOOKMARK [1][-]{section.8.12}{\376\377\000T\000h\000e\000\040\000Z\000o\000n\000e\000\040\000o\000f\000\040\000I\000n\000n\000e\000r\000m\000o\000s\000t\000\040\000D\000e\000s\000i\000r\000e\000s}{chapter.8}% 122
\BOOKMARK [1][-]{section.8.13}{\376\377\000T\000h\000e\000\040\000G\000a\000r\000d\000e\000n\000\040\000o\000f\000\040\000A\000l\000l\000a\000h}{chapter.8}% 123
\BOOKMARK [1][-]{section.8.14}{\376\377\000Z\000a\000b\000r\000i\000s\000k\000i\000e\000\040\000P\000o\000i\000n\000t}{chapter.8}% 124
\BOOKMARK [0][-]{chapter.9}{\376\377\000C\000u\000i\000s\000i\000n\000e}{}% 125
\BOOKMARK [1][-]{section.9.1}{\376\377\000E\000a\000t\000i\000n\000g\000\040\000o\000n\000\040\000L\000a\000\040\000V\000i\000g\000i\000l\000i\000a}{chapter.9}% 126
\BOOKMARK [1][-]{section.9.2}{\376\377\000N\000a\000n\000a\040\031\000s\000\040\000S\000a\000u\000c\000e}{chapter.9}% 127
\BOOKMARK [0][-]{chapter.10}{\376\377\000S\000o\000m\000e\000\040\000T\000r\000a\000n\000s\000l\000a\000t\000i\000o\000n\000s}{}% 128
\BOOKMARK [1][-]{section.10.1}{\376\377\000E\000v\000o\000l\000a\040\031\000s\000\040\000A\000d\000v\000i\000c\000e\000\040\000t\000o\000\040\000t\000h\000e\000\040\000P\000o\000p\000e}{chapter.10}% 129
\BOOKMARK [1][-]{section.10.2}{\376\377\000J\000u\000l\000i\000u\000s\000\040\000E\000v\000o\000l\000a\000\040\000o\000n\000\040\000E\000s\000o\000t\000e\000r\000i\000c\000\040\000C\000a\000t\000h\000o\000l\000i\000c\000i\000s\000m}{chapter.10}% 130
\BOOKMARK [1][-]{section.10.3}{\376\377\000G\000i\000u\000l\000i\000a\000n\000o\000\040\000I\000m\000p\000e\000r\000a\000t\000o\000r\000e}{chapter.10}% 131
\BOOKMARK [1][-]{section.10.4}{\376\377\000W\000e\000\040\000A\000n\000t\000i\000m\000o\000d\000e\000r\000n\000s}{chapter.10}% 132
\BOOKMARK [1][-]{section.10.5}{\376\377\000T\000h\000e\000\040\000M\000y\000t\000h\000\040\000o\000f\000\040\000t\000h\000e\000\040\000F\000u\000t\000u\000r\000e}{chapter.10}% 133
\BOOKMARK [1][-]{section.10.6}{\376\377\000T\000h\000e\000\040\000P\000a\000s\000t\000\040\000a\000s\000\040\000D\000e\000a\000t\000h\000\040\000a\000n\000d\000\040\000L\000i\000f\000e}{chapter.10}% 134
\BOOKMARK [1][-]{section.10.7}{\376\377\000O\000r\000i\000e\000n\000t\000a\000t\000i\000o\000n\000s}{chapter.10}% 135
\BOOKMARK [1][-]{section.10.8}{\376\377\000S\000p\000i\000r\000i\000t\000u\000a\000l\000\040\000K\000n\000i\000g\000h\000t\000h\000o\000o\000d}{chapter.10}% 136
\BOOKMARK [1][-]{section.10.9}{\376\377\000T\000h\000e\000\040\000S\000e\000c\000r\000e\000t\000\040\000M\000e\000a\000n\000i\000n\000g\000\040\000o\000f\000\040\000M\000a\000r\000r\000i\000a\000g\000e}{chapter.10}% 137
\BOOKMARK [1][-]{section.10.10}{\376\377\000N\000i\000e\000t\000z\000s\000c\000h\000e\000\040\000f\000o\000r\000\040\000T\000o\000d\000a\000y}{chapter.10}% 138
\BOOKMARK [1][-]{section.10.11}{\376\377\000I\000n\000i\000t\000i\000a\000t\000i\000c\000\040\000C\000e\000n\000t\000e\000r\000s\000\040\000a\000n\000d\000\040\000H\000i\000s\000t\000o\000r\000y\000\040\000\050\000I\000\051}{chapter.10}% 139
\BOOKMARK [1][-]{section.10.12}{\376\377\000T\000h\000e\000\040\000F\000i\000r\000e\000\040\000o\000f\000\040\000C\000r\000e\000a\000t\000i\000o\000n}{chapter.10}% 140
\BOOKMARK [1][-]{section.10.13}{\376\377\000T\000h\000e\000\040\000I\000d\000e\000a\000\040\000o\000f\000\040\000t\000h\000e\000\040\000W\000o\000r\000l\000d\000\040\000i\000n\000\040\000t\000h\000e\000\040\000E\000a\000s\000t}{chapter.10}% 141
\BOOKMARK [1][-]{section.10.14}{\376\377\000A\000s\000c\000e\000s\000i\000s\000\040\000a\000n\000d\000\040\000A\000n\000t\000i\000-\000E\000u\000r\000o\000p\000e}{chapter.10}% 142
\BOOKMARK [1][-]{section.10.15}{\376\377\000G\000e\000r\000m\000a\000n\000\040\000I\000n\000f\000l\000u\000e\000n\000c\000e\000\040\000o\000n\000\040\000I\000n\000d\000o\000l\000o\000g\000y}{chapter.10}% 143
\BOOKMARK [1][-]{section.10.16}{\376\377\000O\000u\000t\000l\000i\000n\000e\000/\000S\000u\000m\000m\000a\000r\000y\000\040\000f\000o\000r\000\040\000E\000v\000o\000l\000a\000'\000s\000\040\000R\000e\000v\000o\000l\000t}{chapter.10}% 144
\BOOKMARK [1][-]{section.10.17}{\376\377\000T\000h\000e\000\040\000M\000e\000t\000a\000p\000h\000y\000s\000i\000c\000s\000\040\000o\000f\000\040\000S\000e\000x\000\040\000a\000n\000d\000\040\000t\000h\000e\000\240\000O\000n\000e}{chapter.10}% 145
\BOOKMARK [1][-]{section.10.18}{\376\377\000S\000c\000a\000l\000i\000g\000e\000r\000o\000\040\000M\000e\000e\000t\000s\000\040\000E\000v\000o\000l\000a}{chapter.10}% 146
\BOOKMARK [1][-]{section.10.19}{\376\377\000T\000h\000e\000\040\000E\000s\000o\000t\000e\000r\000i\000c\000\040\000O\000r\000i\000g\000i\000n\000\040\000o\000f\000\040\000t\000h\000e\000\040\000S\000p\000e\000c\000i\000e\000s}{chapter.10}% 147
\BOOKMARK [0][-]{chapter.11}{\376\377\000P\000o\000s\000t\000s\000\040\000b\000y\000\040\000L\000o\000g\000r\000e\000s}{}% 148
\BOOKMARK [1][-]{section.11.1}{\376\377\000T\000r\000a\000n\000s\000f\000o\000r\000m\000a\000t\000i\000o\000n\000a\000l\000\040\000P\000o\000s\000s\000i\000b\000i\000l\000i\000t\000i\000e\000s}{chapter.11}% 149
\BOOKMARK [1][-]{section.11.2}{\376\377\000T\000h\000e\000\040\000G\000l\000o\000r\000y\000\040\000o\000f\000\040\000G\000o\000d}{chapter.11}% 150
\BOOKMARK [1][-]{section.11.3}{\376\377\000P\000r\000o\000g\000e\000n\000i\000t\000o\000r\000s\000\040\000o\000f\000\040\000O\000u\000r\000\040\000M\000i\000d\000d\000l\000e\000\040\000E\000a\000r\000t\000h}{chapter.11}% 151
\BOOKMARK [1][-]{section.11.4}{\376\377\000E\000x\000i\000t\000\040\000t\000h\000e\000\040\000C\000a\000v\000e}{chapter.11}% 152
\BOOKMARK [1][-]{section.11.5}{\376\377\000N\000e\000o\000P\000l\000a\000t\000o\000n\000i\000s\000m\000\040\000\046\000\040\000t\000h\000e\000\040\000F\000a\000i\000t\000h}{chapter.11}% 153
\BOOKMARK [1][-]{section.11.6}{\376\377\000F\000e\000a\000r\000s\000\040\000o\000f\000\040\000W\000h\000a\000t\000\040\000M\000a\000y\000\040\000B\000e\000,\000\040\000E\000r\000r\000i\000n\000g\000\040\000P\000o\000p\000e\000s\000\040\000\046\000\040\000C\000o\000u\000n\000c\000i\000l\000s}{chapter.11}% 154
\BOOKMARK [1][-]{section.11.7}{\376\377\000T\000i\000t\000u\000s\000\040\000F\000l\000a\000v\000i\000u\000s\000\040\000C\000l\000e\000m\000e\000n\000s\000\040\000a\000n\000d\000\040\000t\000h\000e\000\040\000G\000o\000l\000d\000e\000n\000\040\000C\000h\000a\000i\000n}{chapter.11}% 155
\BOOKMARK [1][-]{section.11.8}{\376\377\000T\000w\000o\000\040\000G\000n\000o\000s\000t\000i\000c\000i\000s\000m\000s}{chapter.11}% 156
\BOOKMARK [1][-]{section.11.9}{\376\377\000H\000a\000r\000m\000o\000n\000i\000c\000s}{chapter.11}% 157
\BOOKMARK [1][-]{section.11.10}{\376\377\000M\000i\000d\000d\000l\000e\000\040\000E\000a\000r\000t\000h\000\040\000O\000n\000c\000e\000\040\000M\000o\000r\000e}{chapter.11}% 158
\BOOKMARK [1][-]{section.11.11}{\376\377\000M\000a\000k\000i\000n\000g\000\040\000t\000h\000e\000\040\000M\000o\000d\000e\000r\000n\000\040\000M\000i\000n\000d}{chapter.11}% 159
\BOOKMARK [1][-]{section.11.12}{\376\377\000R\000e\000v\000e\000r\000s\000i\000n\000g\000\040\000t\000h\000e\000\040\000M\000o\000d\000e\000r\000n\000\040\000S\000p\000e\000l\000l}{chapter.11}% 160
\BOOKMARK [1][-]{section.11.13}{\376\377\000W\000h\000e\000n\000\040\000t\000h\000e\000\040\000K\000i\000n\000g\000\040\000E\000n\000j\000o\000y\000s\000\040\000H\000i\000s\000\040\000O\000w\000n\000\040\000A\000g\000a\000i\000n}{chapter.11}% 161
\BOOKMARK [1][-]{section.11.14}{\376\377\000T\000h\000e\000\040\000W\000i\000s\000d\000o\000m\000\040\000o\000f\000\040\000G\000o\000d}{chapter.11}% 162
\BOOKMARK [1][-]{section.11.15}{\376\377\000P\000a\000l\000a\000m\000i\000d\000e\000s\000s\000i\000\040\000r\000e\000a\000d\000s\000\040\000E\000v\000o\000l\000a}{chapter.11}% 163
\BOOKMARK [1][-]{section.11.16}{\376\377\000T\000h\000e\000\040\000R\000o\000a\000d\000\040\000t\000o\000\040\000t\000h\000e\000\040\000t\000r\000u\000e\000\040\000W\000e\000s\000t}{chapter.11}% 164
\BOOKMARK [1][-]{section.11.17}{\376\377\000P\000u\000t\000t\000i\000n\000g\000\040\000a\000\040\000R\000o\000s\000e\000\040\000B\000a\000c\000k\000\040\000o\000n\000\040\000t\000h\000e\000\040\000C\000r\000o\000s\000s}{chapter.11}% 165
\BOOKMARK [1][-]{section.11.18}{\376\377\000F\000i\000n\000i\000s\000h\000i\000n\000g\000\040\000W\000h\000a\000t\000\040\000t\000h\000e\000\040\000I\000n\000k\000l\000i\000n\000g\000s\000\040\000S\000t\000a\000r\000t\000e\000d}{chapter.11}% 166
\BOOKMARK [1][-]{section.11.19}{\376\377\000P\000o\000e\000t\000s\000\040\000o\000f\000\040\000t\000h\000e\000\040\000R\000e\000u\000n\000i\000o\000n}{chapter.11}% 167
\BOOKMARK [1][-]{section.11.20}{\376\377\000A\000\040\000H\000i\000g\000h\000e\000r\000\040\000I\000m\000a\000g\000i\000n\000a\000t\000i\000o\000n}{chapter.11}% 168
\BOOKMARK [1][-]{section.11.21}{\376\377\000P\000h\000a\000n\000t\000a\000s\000t\000e\000s}{chapter.11}% 169
\BOOKMARK [1][-]{section.11.22}{\376\377\000R\000e\000s\000t\000o\000r\000a\000t\000i\000o\000n\000,\000\040\000R\000e\000v\000i\000v\000a\000l\000,\000\040\000R\000e\000n\000a\000i\000s\000s\000a\000n\000c\000e}{chapter.11}% 170
\BOOKMARK [1][-]{section.11.23}{\376\377\000W\000e\000s\000t\000e\000r\000n\000\040\000S\000o\000c\000i\000a\000l\000\040\000O\000r\000d\000e\000r}{chapter.11}% 171
\BOOKMARK [1][-]{section.11.24}{\376\377\000L\000a\000\040\000R\000e\000v\000o\000l\000u\000t\000i\000o\000n\000\040\000D\000e\000v\000o\000r\000e\000\040\000S\000e\000s\000\040\000E\000n\000f\000a\000n\000t\000s}{chapter.11}% 172
\BOOKMARK [1][-]{section.11.25}{\376\377\000T\000o\000m\000b\000e\000r\000g\040\031\000s\000\040\000L\000a\000b\000o\000r}{chapter.11}% 173
\BOOKMARK [1][-]{section.11.26}{\376\377\000T\000h\000e\000\040\000S\000y\000l\000l\000a\000b\000l\000e\000s\000\040\000o\000f\000\040\000t\000h\000e\000\040\000G\000o\000d\000s}{chapter.11}% 174
\BOOKMARK [1][-]{section.11.27}{\376\377\000T\000h\000e\000\040\000E\000i\000g\000h\000t\000h\000\040\000V\000i\000c\000t\000o\000r\000y\000\040\000o\000f\000\040\000H\000e\000r\000c\000u\000l\000e\000s\000\040\000O\000v\000e\000r\000\040\000t\000h\000e\000\040\000M\000a\000r\000e\000s\000\040\000o\000f\000\040\000D\000i\000o\000m\000e\000d\000e\000s}{chapter.11}% 175
\BOOKMARK [1][-]{section.11.28}{\376\377\000L\000e\000\040\000B\000a\000t\000e\000l\000e\000u\000r\000,\000\040\000o\000r\000\040\000T\000h\000u\000s\000\040\000E\000n\000d\000e\000t\000h\000\040\000t\000h\000e\000\040\000L\000e\000s\000s\000o\000n}{chapter.11}% 176
\BOOKMARK [1][-]{section.11.29}{\376\377\000T\000h\000e\000\040\000H\000i\000g\000h\000\040\000P\000r\000i\000e\000s\000t\000e\000s\000s}{chapter.11}% 177
\BOOKMARK [1][-]{section.11.30}{\376\377\000T\000h\000e\000\040\000E\000m\000p\000e\000r\000o\000r}{chapter.11}% 178
\BOOKMARK [1][-]{section.11.31}{\376\377\000T\000h\000e\000\040\000S\000u\000p\000e\000r\000s\000t\000i\000t\000i\000o\000n\000\040\000o\000f\000\040\000R\000e\000a\000s\000o\000n}{chapter.11}% 179
\BOOKMARK [1][-]{section.11.32}{\376\377\000T\000h\000e\000\040\000S\000e\000v\000e\000n\000\040\000S\000a\000c\000r\000e\000d\000\040\000L\000i\000b\000e\000r\000a\000l\000\040\000A\000r\000t\000s}{chapter.11}% 180
\BOOKMARK [1][-]{section.11.33}{\376\377\000T\000h\000e\000\040\000T\000h\000e\000o\000l\000o\000g\000y\000\040\000o\000f\000\040\000A\000r\000i\000t\000h\000m\000e\000t\000i\000c}{chapter.11}% 181
\BOOKMARK [2][-]{subsection.11.33.1}{\376\377\000F\000o\000r\000t\000u\000n\000e\040\031\000s\000\040\000F\000o\000o\000l\000\040\000b\000y\000\040\000N\000u\000m\000b\000e\000r\000s}{section.11.33}% 182
\BOOKMARK [2][-]{subsection.11.33.2}{\376\377\000O\000c\000t\000a\000d}{section.11.33}% 183
\BOOKMARK [2][-]{subsection.11.33.3}{\376\377\000E\000n\000n\000e\000a\000d}{section.11.33}% 184
\BOOKMARK [0][-]{chapter.12}{\376\377\000T\000r\000a\000n\000s\000l\000a\000t\000e\000d\000\040\000C\000o\000r\000r\000e\000s\000p\000o\000n\000d\000e\000n\000c\000e}{}% 185
\BOOKMARK [1][-]{section.12.1}{\376\377\000F\000r\000o\000m\000\040\000G\000u\000\351\000n\000o\000n\000\040\000t\000o\000\040\000E\000v\000o\000l\000a}{chapter.12}% 186
\BOOKMARK [2][-]{subsection.12.1.1}{\376\377\000F\000i\000r\000s\000t\000\040\000L\000e\000t\000t\000e\000r}{section.12.1}% 187
\BOOKMARK [2][-]{subsection.12.1.2}{\376\377\000S\000e\000c\000o\000n\000d\000\040\000L\000e\000t\000t\000e\000r}{section.12.1}% 188
\BOOKMARK [2][-]{subsection.12.1.3}{\376\377\000G\000u\000e\000n\000o\000n\000/\000E\000v\000o\000l\000a\000\040\000L\000e\000t\000t\000e\000r\000\040\0007\000\040\000I\000n\000t\000r\000o\000d\000u\000c\000t\000i\000o\000n}{section.12.1}% 189
\BOOKMARK [2][-]{subsection.12.1.4}{\376\377\000S\000e\000v\000e\000n\000t\000h\000\040\000L\000e\000t\000t\000e\000r}{section.12.1}% 190
\BOOKMARK [2][-]{subsection.12.1.5}{\376\377\000N\000i\000n\000t\000h\000\040\000L\000e\000t\000t\000e\000r}{section.12.1}% 191
\BOOKMARK [2][-]{subsection.12.1.6}{\376\377\000T\000e\000n\000t\000h\000\040\000L\000e\000t\000t\000e\000r}{section.12.1}% 192
\BOOKMARK [1][-]{section.12.2}{\376\377\000F\000r\000o\000m\000\040\000G\000u\000\351\000n\000o\000n\000\040\000t\000o\000\040\000G\000u\000i\000d\000o\000\040\000d\000e\000\040\000G\000i\000o\000r\000g\000i\000o}{chapter.12}% 193
\BOOKMARK [2][-]{subsection.12.2.1}{\376\377\000F\000i\000r\000s\000t\000\040\000L\000e\000t\000t\000e\000r}{section.12.2}% 194
\BOOKMARK [2][-]{subsection.12.2.2}{\376\377\000S\000e\000c\000o\000n\000d\000\040\000L\000e\000t\000t\000e\000r}{section.12.2}% 195
\BOOKMARK [2][-]{subsection.12.2.3}{\376\377\000T\000h\000i\000r\000d\000\040\000L\000e\000t\000t\000e\000r}{section.12.2}% 196
\BOOKMARK [2][-]{subsection.12.2.4}{\376\377\000F\000i\000f\000t\000h\000\040\000l\000e\000t\000t\000e\000r}{section.12.2}% 197
\BOOKMARK [2][-]{subsection.12.2.5}{\376\377\000S\000i\000x\000t\000h\000\040\000l\000e\000t\000t\000e\000r}{section.12.2}% 198
\BOOKMARK [2][-]{subsection.12.2.6}{\376\377\000E\000i\000g\000h\000t\000h\000\040\000L\000e\000t\000t\000e\000r}{section.12.2}% 199
\BOOKMARK [1][-]{section.12.3}{\376\377\000F\000r\000o\000m\000\040\000E\000v\000o\000l\000a\000\040\000t\000o\000\040\000E\000l\000i\000a\000d\000e}{chapter.12}% 200
\BOOKMARK [2][-]{subsection.12.3.1}{\376\377\000T\000h\000i\000r\000d\000\040\000L\000e\000t\000t\000e\000r}{section.12.3}% 201
\BOOKMARK [1][-]{section.12.4}{\376\377\000F\000r\000o\000m\000\040\000E\000v\000o\000l\000a\000\040\000t\000o\000\040\000C\000a\000r\000l\000\040\000S\000c\000h\000m\000i\000t\000t}{chapter.12}% 202
\BOOKMARK [2][-]{subsection.12.4.1}{\376\377\000F\000i\000r\000s\000t\000\040\000L\000e\000t\000t\000e\000r}{section.12.4}% 203
\BOOKMARK [1][-]{section.12.5}{\376\377\000O\000t\000h\000e\000r\000\040\000l\000e\000t\000t\000e\000r\000s}{chapter.12}% 204
\BOOKMARK [2][-]{subsection.12.5.1}{\376\377\000J\000u\000l\000i\000u\000s\000\040\000E\000v\000o\000l\000a\000\040\000a\000n\000d\000\040\000L\000o\000u\000r\000d\000e\000s}{section.12.5}% 205
\BOOKMARK [0][-]{chapter.13}{\376\377\000F\000i\000n\000a\000l\000\040\000H\000o\000m\000m\000a\000g\000e\000s}{}% 206
\BOOKMARK [1][-]{section.13.1}{\376\377\000T\000h\000e\000\040\000B\000e\000a\000u\000t\000i\000f\000u\000l\000\040\000O\000l\000d\000\040\000M\000a\000n}{chapter.13}% 207
