\BOOKMARK [0][-]{chapter.1}{\376\377\000I\000n\000t\000r\000o\000d\000u\000c\000t\000i\000o\000n}{}% 1
\BOOKMARK [1][-]{section.1.1}{\376\377\000E\000x\000c\000e\000r\000p\000t\000\040\000f\000r\000o\000m\000\040\000F\000o\000r\000m\000i\000n\000g\000\040\000t\000h\000e\000\040\000S\000o\000u\000l}{chapter.1}% 2
\BOOKMARK [1][-]{section.1.2}{\376\377\000G\000r\000a\000d\000u\000a\000t\000i\000o\000n\000\040\000D\000a\000y}{chapter.1}% 3
\BOOKMARK [1][-]{section.1.3}{\376\377\000R\000u\000l\000e\000s\000\040\000t\000o\000o\000\040\000D\000i\000f\000f\000i\000c\000u\000l\000t\000\040\000f\000o\000r\000\040\000Y\000o\000u\000n\000g\000\040\000M\000e\000n}{chapter.1}% 4
\BOOKMARK [1][-]{section.1.4}{\376\377\000T\000h\000e\000\040\000K\000n\000i\000g\000h\000t\000\040\000a\000s\000\040\000a\000\040\000B\000i\000b\000l\000i\000o\000p\000h\000i\000l\000e}{chapter.1}% 5
\BOOKMARK [1][-]{section.1.5}{\376\377\000W\000h\000a\000t\000\040\000m\000u\000s\000t\000\040\000I\000\040\000r\000e\000a\000d\000\040\000t\000o\000\040\000b\000e\000\040\000s\000a\000v\000e\000d}{chapter.1}% 6
\BOOKMARK [1][-]{section.1.6}{\376\377\000T\000h\000e\000\040\000B\000e\000r\000n\000a\000r\000d\000\040\000O\000p\000t\000i\000o\000n}{chapter.1}% 7
\BOOKMARK [1][-]{section.1.7}{\376\377\000T\000h\000e\000\040\000J\000o\000y\000\040\000o\000f\000\040\000T\000h\000i\000n\000k\000i\000n\000g}{chapter.1}% 8
\BOOKMARK [1][-]{section.1.8}{\376\377\000T\000h\000e\000\040\000I\000n\000t\000e\000l\000l\000e\000c\000t\000u\000a\000l\000\040\000C\000h\000a\000l\000l\000e\000n\000g\000e}{chapter.1}% 9
\BOOKMARK [0][-]{chapter.2}{\376\377\000I\000n\000i\000t\000i\000a\000t\000i\000o\000n\000s}{}% 10
\BOOKMARK [1][-]{section.2.1}{\376\377\000S\000c\000i\000r\000e\000,\000\040\000P\000o\000t\000e\000r\000e\000,\000\040\000A\000u\000d\000e\000r\000e\000,\000\040\000T\000a\000c\000e\000r\000e}{chapter.2}% 11
\BOOKMARK [1][-]{section.2.2}{\376\377\000P\000r\000o\000g\000r\000a\000m\000\040\000f\000o\000r\000\040\000B\000e\000g\000i\000n\000n\000e\000r\000s}{chapter.2}% 12
\BOOKMARK [1][-]{section.2.3}{\376\377\000E\000s\000o\000t\000e\000r\000i\000c\000\040\000T\000r\000a\000i\000n\000i\000n\000g}{chapter.2}% 13
\BOOKMARK [1][-]{section.2.4}{\376\377\000R\000e\000a\000c\000h\000i\000n\000g\000\040\000y\000o\000u\000r\000\040\000f\000u\000l\000l\000\040\000P\000o\000t\000e\000n\000t\000i\000a\000l}{chapter.2}% 14
\BOOKMARK [1][-]{section.2.5}{\376\377\000S\000o\000m\000e\000\040\000O\000b\000s\000e\000r\000v\000a\000t\000i\000o\000n\000s\000\040\000C\000o\000n\000c\000e\000r\000n\000i\000n\000g\000\040\000G\000u\000e\000n\000o\000n\000.\000.\000.}{chapter.2}% 15
\BOOKMARK [1][-]{section.2.6}{\376\377\000T\000r\000u\000e\000\040\000C\000o\000n\000s\000c\000i\000o\000u\000s\000n\000e\000s\000s}{chapter.2}% 16
\BOOKMARK [1][-]{section.2.7}{\376\377\000S\000h\000u\000n\000\040\000P\000o\000i\000s\000o\000n\000,\000\040\000S\000e\000e\000k\000\040\000N\000e\000c\000t\000a\000r}{chapter.2}% 17
\BOOKMARK [1][-]{section.2.8}{\376\377\000E\000s\000o\000t\000e\000r\000i\000c\000\040\000I\000n\000i\000t\000i\000a\000t\000i\000c\000\040\000C\000e\000n\000t\000e\000r\000s}{chapter.2}% 18
\BOOKMARK [1][-]{section.2.9}{\376\377\000K\000i\000s\000s\000\040\000m\000e\000,\000\040\000m\000y\000\040\000m\000o\000r\000t\000a\000l\000\040\000l\000o\000v\000e\000r}{chapter.2}% 19
\BOOKMARK [1][-]{section.2.10}{\376\377\000A\000\040\000F\000o\000o\000l\000\040\000a\000n\000d\000\040\000h\000i\000s\000\040\000F\000o\000l\000l\000y}{chapter.2}% 20
\BOOKMARK [0][-]{chapter.3}{\376\377\000P\000u\000r\000i\000f\000i\000c\000a\000t\000i\000o\000n}{}% 21
\BOOKMARK [1][-]{section.3.1}{\376\377\000P\000s\000y\000c\000h\000i\000c\000\040\000D\000i\000s\000t\000o\000r\000t\000i\000o\000n}{chapter.3}% 22
\BOOKMARK [1][-]{section.3.2}{\376\377\000M\000o\000r\000a\000l\000\040\000P\000u\000r\000i\000f\000i\000c\000a\000t\000i\000o\000n\000\040\000o\000f\000\040\000t\000h\000e\000\040\000W\000i\000l\000l}{chapter.3}% 23
\BOOKMARK [1][-]{section.3.3}{\376\377\000P\000u\000r\000i\000t\000y\000\040\000a\000s\000\040\000M\000e\000t\000a\000p\000h\000y\000s\000i\000c\000a\000l\000\040\000V\000a\000l\000u\000e}{chapter.3}% 24
\BOOKMARK [1][-]{section.3.4}{\376\377\000P\000u\000r\000i\000f\000i\000c\000a\000t\000i\000o\000n\000\040\000o\000f\000\040\000t\000h\000e\000\040\000M\000i\000n\000d}{chapter.3}% 25
\BOOKMARK [1][-]{section.3.5}{\376\377\000P\000u\000r\000i\000f\000i\000c\000a\000t\000i\000o\000n\000\040\000o\000f\000\040\000t\000h\000e\000\040\000W\000i\000l\000l}{chapter.3}% 26
\BOOKMARK [1][-]{section.3.6}{\376\377\000P\000u\000r\000i\000f\000i\000c\000a\000t\000i\000o\000n\000\040\000o\000f\000\040\000t\000h\000e\000\040\000W\000o\000r\000d}{chapter.3}% 27
\BOOKMARK [1][-]{section.3.7}{\376\377\000P\000u\000r\000i\000f\000i\000c\000a\000t\000i\000o\000n\000\040\000o\000f\000\040\000t\000h\000e\000\040\000S\000e\000x\000\040\000A\000c\000t}{chapter.3}% 28
\BOOKMARK [1][-]{section.3.8}{\376\377\000T\000h\000e\000\040\000P\000u\000r\000i\000f\000i\000c\000a\000t\000i\000o\000n\000\040\000o\000f\000\040\000t\000h\000e\000\040\000B\000r\000e\000a\000t\000h}{chapter.3}% 29
\BOOKMARK [1][-]{section.3.9}{\376\377\000F\000i\000n\000d\000i\000n\000g\000\040\000o\000n\000e\040\031\000s\000\040\000p\000r\000e\000d\000o\000m\000i\000n\000a\000n\000t\000\040\000f\000a\000u\000l\000t\000\040}{chapter.3}% 30
\BOOKMARK [0][-]{chapter.4}{\376\377\000T\000r\000a\000i\000n\000i\000n\000g\000\040\000t\000h\000e\000\040\000M\000i\000n\000d}{}% 31
\BOOKMARK [1][-]{section.4.1}{\376\377\000P\000r\000e\000r\000e\000q\000u\000i\000s\000i\000t\000e\000s\000\040\000f\000o\000r\000\040\000t\000h\000e\000\040\000T\000r\000a\000i\000n\000i\000n\000g\000\040\000o\000f\000\040\000t\000h\000e\000\040\000M\000i\000n\000d}{chapter.4}% 32
\BOOKMARK [1][-]{section.4.2}{\376\377\000T\000r\000a\000i\000n\000i\000n\000g\000\040\000t\000h\000e\000\040\000M\000i\000n\000d}{chapter.4}% 33
\BOOKMARK [1][-]{section.4.3}{\376\377\000T\000h\000e\000\040\000W\000a\000y\000\040\000o\000f\000\040\000L\000i\000v\000i\000n\000g\000\040\000T\000h\000o\000u\000g\000h\000t}{chapter.4}% 34
\BOOKMARK [1][-]{section.4.4}{\376\377\000R\000i\000g\000h\000t\000\040\000T\000h\000i\000n\000k\000i\000n\000g\000:\000\040\000I\000m\000p\000a\000r\000t\000i\000a\000l\000i\000t\000y}{chapter.4}% 35
\BOOKMARK [0][-]{chapter.5}{\376\377\000P\000r\000a\000y\000e\000r\000\040\000a\000n\000d\000\040\000t\000h\000o\000u\000g\000h\000t\000s}{}% 36
\BOOKMARK [1][-]{section.5.1}{\376\377\000T\000e\000c\000h\000n\000i\000q\000u\000e\000s\000\040\000o\000f\000\040\000P\000r\000a\000y\000e\000r}{chapter.5}% 37
\BOOKMARK [1][-]{section.5.2}{\376\377\000T\000h\000o\000u\000g\000h\000t\000\040\000P\000o\000w\000e\000r}{chapter.5}% 38
\BOOKMARK [1][-]{section.5.3}{\376\377\000T\000h\000e\000\040\000D\000e\000m\000o\000n\000\040\000o\000f\000\040\000D\000i\000a\000l\000e\000c\000t\000i\000c\000s}{chapter.5}% 39
\BOOKMARK [1][-]{section.5.4}{\376\377\000D\000a\000i\000l\000y\000\040\000S\000p\000i\000r\000i\000t\000u\000a\000l\000\040\000E\000x\000e\000r\000c\000i\000s\000e\000s}{chapter.5}% 40
\BOOKMARK [0][-]{chapter.6}{\376\377\000F\000a\000s\000t\000i\000n\000g}{}% 41
\BOOKMARK [1][-]{section.6.1}{\376\377\000M\000i\000n\000d\000\040\000F\000a\000s\000t\000i\000n\000g}{chapter.6}% 42
\BOOKMARK [0][-]{chapter.7}{\376\377\000M\000e\000m\000o\000r\000y}{}% 43
\BOOKMARK [1][-]{section.7.1}{\376\377\000I\000m\000m\000o\000r\000a\000l\000\040\000D\000i\000l\000e\000m\000m\000a\000s}{chapter.7}% 44
\BOOKMARK [1][-]{section.7.2}{\376\377\000T\000h\000e\000\040\000P\000e\000r\000s\000o\000n\000a\000\040\000a\000n\000d\000\040\000E\000g\000o}{chapter.7}% 45
\BOOKMARK [1][-]{section.7.3}{\376\377\000B\000i\000r\000t\000h\000\040\000o\000f\000\040\000t\000h\000e\000\040\040\034\000I\040\035}{chapter.7}% 46
\BOOKMARK [1][-]{section.7.4}{\376\377\000T\000h\000a\000n\000k\000s\000\040\000f\000o\000r\000\040\000t\000h\000e\000\040\000M\000e\000m\000o\000r\000i\000e\000s}{chapter.7}% 47
\BOOKMARK [1][-]{section.7.5}{\376\377\000I\000m\000m\000a\000t\000e\000r\000i\000a\000l\000\040\000I\000n\000t\000i\000m\000a\000c\000y\000\040\000a\000n\000d\000\040\000M\000a\000t\000e\000r\000i\000a\000l\000\040\000C\000a\000t\000a\000s\000t\000r\000o\000p\000h\000e\000s}{chapter.7}% 48
\BOOKMARK [0][-]{chapter.8}{\376\377\000R\000e\000m\000e\000m\000b\000r\000a\000n\000c\000e\000\040\000o\000f\000\040\000d\000e\000a\000t\000h}{}% 49
\BOOKMARK [1][-]{section.8.1}{\376\377\000D\000e\000a\000t\000h\000\040\000a\000n\000d\000\040\000S\000t\000u\000p\000i\000d\000i\000t\000y}{chapter.8}% 50
\BOOKMARK [1][-]{section.8.2}{\376\377\000D\000e\000a\000t\000h\000\040\000a\000n\000d\000\040\000t\000h\000e\000\040\000R\000e\000a\000l\000\040\000I}{chapter.8}% 51
\BOOKMARK [0][-]{chapter.9}{\376\377\000S\000p\000a\000r\000s\000e\000\040\000n\000o\000t\000e\000s\000\040\000a\000n\000d\000\040\000s\000o\000m\000e\000\040\000g\000u\000i\000d\000e\000s\000\040\000t\000o\000\040\000l\000i\000f\000e}{}% 52
\BOOKMARK [1][-]{section.9.1}{\376\377\000A\000m\000o\000r\000\040\000F\000a\000t\000i\000\040\000a\000n\000d\000\040\000t\000h\000e\000\040\000H\000e\000r\000o\000i\000c\000\040\000L\000i\000f\000e}{chapter.9}% 53
\BOOKMARK [1][-]{section.9.2}{\376\377\000L\000a\000s\000t\000\040\000W\000o\000r\000d}{chapter.9}% 54
\BOOKMARK [1][-]{section.9.3}{\376\377\000T\000h\000e\000\040\000G\000r\000e\000a\000t\000n\000e\000s\000s\000\040\000o\000f\000\040\000t\000h\000e\000\040\000S\000o\000u\000l}{chapter.9}% 55
\BOOKMARK [1][-]{section.9.4}{\376\377\000O\000u\000r\000\040\000T\000h\000o\000u\000g\000h\000t\000s\000\040\000D\000e\000t\000e\000r\000m\000i\000n\000e\000\040\000O\000u\000r\000\040\000L\000i\000v\000e\000s}{chapter.9}% 56
\BOOKMARK [1][-]{section.9.5}{\376\377\000T\000h\000r\000e\000e\000\040\000T\000y\000p\000e\000s\000\040\000o\000f\000\040\000A\000s\000c\000e\000s\000i\000s}{chapter.9}% 57
\BOOKMARK [1][-]{section.9.6}{\376\377\000F\000a\000l\000l\000\040\000C\000l\000e\000a\000n\000i\000n\000g}{chapter.9}% 58
\BOOKMARK [1][-]{section.9.7}{\376\377\000W\000a\000r\000r\000i\000o\000r\000s\000\040\000a\000n\000d\000\040\000A\000c\000t\000u\000a\000l\000i\000z\000e\000d\000\040\000M\000e\000n}{chapter.9}% 59
\BOOKMARK [1][-]{section.9.8}{\376\377\000K\000e\000y\000s\000\040\000t\000o\000\040\000S\000p\000i\000r\000i\000t\000u\000a\000l\000\040\000D\000e\000v\000e\000l\000o\000p\000m\000e\000n\000t}{chapter.9}% 60
\BOOKMARK [1][-]{section.9.9}{\376\377\000T\000h\000e\000\040\000P\000o\000s\000i\000t\000i\000v\000e\000\040\000h\000a\000s\000\040\000p\000e\000r\000m\000a\000n\000e\000n\000t\000\040\000v\000a\000l\000u\000e}{chapter.9}% 61
\BOOKMARK [1][-]{section.9.10}{\376\377\000W\000a\000k\000i\000n\000g\000\040\000u\000p\000\040\000a\000m\000o\000n\000g\000\040\000t\000h\000e\000\040\000B\000e\000a\000s\000t\000s}{chapter.9}% 62
\BOOKMARK [0][-]{chapter.10}{\376\377\000E\000x\000c\000e\000r\000p\000t\000s}{}% 63
\BOOKMARK [1][-]{section.10.1}{\376\377\000O\000b\000s\000e\000r\000v\000e\000\040\000y\000o\000u\000r\000\040\000t\000h\000o\000u\000g\000h\000t\000s}{chapter.10}% 64
\BOOKMARK [1][-]{section.10.2}{\376\377\000D\000o\000u\000b\000l\000e\000-\000m\000i\000n\000d\000e\000d\000n\000e\000s\000s}{chapter.10}% 65
\BOOKMARK [1][-]{section.10.3}{\376\377\000P\000r\000a\000y\000e\000r\000\040\000o\000f\000\040\000t\000h\000e\000\040\000H\000e\000a\000r\000t}{chapter.10}% 66
\BOOKMARK [1][-]{section.10.4}{\376\377\000C\000e\000n\000t\000e\000r\000i\000n\000g\000\040\000P\000r\000a\000y\000e\000r}{chapter.10}% 67
\BOOKMARK [1][-]{section.10.5}{\376\377\000C\000a\000r\000t\000e\000s\000i\000a\000n\000\040\000M\000e\000d\000i\000t\000a\000t\000i\000o\000n}{chapter.10}% 68
\BOOKMARK [1][-]{section.10.6}{\376\377\000M\000i\000d\000d\000l\000e\000\040\000P\000a\000t\000h\000\040\000b\000e\000t\000w\000e\000e\000n\000\040\000S\000p\000i\000r\000i\000t\000u\000a\000l\000i\000t\000y\000\040\000a\000n\000d\000\040\000I\000n\000t\000e\000l\000l\000e\000c\000t\000u\000a\000l\000i\000t\000y}{chapter.10}% 69
\BOOKMARK [1][-]{section.10.7}{\376\377\000A\000t\000t\000i\000t\000u\000d\000e\000\040\000t\000o\000w\000a\000r\000d\000s\000\040\000L\000i\000f\000e}{chapter.10}% 70
\BOOKMARK [1][-]{section.10.8}{\376\377\000R\000e\000m\000e\000m\000b\000e\000r}{chapter.10}% 71
\BOOKMARK [1][-]{section.10.9}{\376\377\000O\000n\000\040\000T\000h\000o\000u\000g\000h\000t\000s}{chapter.10}% 72
