\BOOKMARK [0][-]{chapter.1}{\376\377\000I\000n\000t\000r\000o\000d\000u\000c\000t\000i\000o\000n}{}% 1
\BOOKMARK [1][-]{section.1.1}{\376\377\000P\000r\000o\000l\000e\000g\000o\000m\000e\000n\000a\000\040\000t\000o\000\040\000a\000n\000y\000\040\000F\000u\000t\000u\000r\000e\000\040\000T\000r\000a\000d\000i\000t\000i\000o\000n}{chapter.1}% 2
\BOOKMARK [0][-]{chapter.2}{\376\377\000T\000r\000a\000d\000i\000t\000i\000o\000n\000a\000l\000\040\000p\000s\000y\000c\000h\000o\000l\000o\000g\000y}{}% 3
\BOOKMARK [1][-]{section.2.1}{\376\377\000S\000t\000a\000g\000e\000s\000\040\000o\000f\000\040\000I\000n\000i\000t\000i\000a\000t\000i\000o\000n}{chapter.2}% 4
\BOOKMARK [1][-]{section.2.2}{\376\377\000M\000e\000t\000a\000p\000h\000y\000s\000i\000c\000s\000\040\000a\000n\000d\000\040\000P\000h\000i\000l\000o\000s\000o\000p\000h\000y}{chapter.2}% 5
\BOOKMARK [1][-]{section.2.3}{\376\377\000P\000h\000e\000n\000o\000m\000e\000n\000o\000l\000o\000g\000y\000\040\000o\000f\000\040\000t\000h\000e\000\040\000M\000e\000d\000i\000e\000v\000a\000l\000\040\000M\000i\000n\000d}{chapter.2}% 6
\BOOKMARK [1][-]{section.2.4}{\376\377\000V\000i\000e\000w\000\040\000f\000r\000o\000m\000\040\000t\000h\000e\000\040\000P\000r\000i\000m\000o\000r\000d\000i\000a\000l\000\040\000S\000t\000a\000t\000e}{chapter.2}% 7
\BOOKMARK [1][-]{section.2.5}{\376\377\000T\000h\000e\000\040\000I\000n\000t\000e\000l\000l\000e\000c\000t\000u\000a\000l\000\040\000S\000o\000u\000l}{chapter.2}% 8
\BOOKMARK [1][-]{section.2.6}{\376\377\000P\000s\000y\000c\000h\000i\000c\000\040\000D\000i\000s\000t\000o\000r\000t\000i\000o\000n}{chapter.2}% 9
\BOOKMARK [1][-]{section.2.7}{\376\377\000T\000h\000e\000\040\000C\000r\000e\000a\000t\000i\000v\000e\000\040\000P\000r\000o\000c\000e\000s\000s}{chapter.2}% 10
\BOOKMARK [1][-]{section.2.8}{\376\377\000D\000o\000c\000t\000r\000i\000n\000e\000\040\000o\000f\000\040\000t\000h\000e\000\040\000S\000o\000u\000l}{chapter.2}% 11
\BOOKMARK [1][-]{section.2.9}{\376\377\000T\000h\000e\000\040\000S\000p\000i\000r\000i\000t\000\040\000S\000o\000u\000l}{chapter.2}% 12
\BOOKMARK [1][-]{section.2.10}{\376\377\000D\000e\000g\000r\000e\000e\000s\000\040\000o\000f\000\040\000E\000x\000i\000s\000t\000e\000n\000c\000e}{chapter.2}% 13
\BOOKMARK [1][-]{section.2.11}{\376\377\000C\000h\000a\000o\000s\000\040\000i\000n\000\040\000t\000h\000e\000\040\000N\000o\000o\000s\000p\000h\000e\000r\000e}{chapter.2}% 14
\BOOKMARK [1][-]{section.2.12}{\376\377\000S\000e\000x\000\040\000a\000n\000d\000\040\000V\000i\000o\000l\000e\000n\000c\000e}{chapter.2}% 15
\BOOKMARK [1][-]{section.2.13}{\376\377\000R\000a\000t\000i\000o\000n\000a\000l\000i\000t\000y\000\040\000a\000n\000d\000\040\000t\000h\000e\000\040\000T\000r\000i\000u\000n\000e\000\040\000B\000r\000a\000i\000n}{chapter.2}% 16
\BOOKMARK [1][-]{section.2.14}{\376\377\000D\000r\000e\000a\000m\000i\000n\000g\000\040\000w\000i\000t\000h\000\040\000t\000h\000e\000\040\000A\000n\000i\000m\000a\000l\000s}{chapter.2}% 17
\BOOKMARK [1][-]{section.2.15}{\376\377\000E\000s\000o\000t\000e\000r\000i\000c\000\040\000A\000n\000t\000h\000r\000o\000p\000o\000l\000o\000g\000y}{chapter.2}% 18
\BOOKMARK [1][-]{section.2.16}{\376\377\000D\000e\000m\000o\000n\000i\000c\000\040\000P\000o\000s\000s\000e\000s\000s\000i\000o\000n}{chapter.2}% 19
\BOOKMARK [1][-]{section.2.17}{\376\377\000S\000p\000i\000r\000i\000t\000u\000a\000l\000\040\000P\000i\000l\000g\000r\000i\000m\000s\000:\000\040\000C\000a\000r\000l\000\040\000J\000u\000n\000g\000\040\000a\000n\000d\000\040\000T\000e\000r\000e\000s\000a\000\040\000o\000f\000\040\000A\000v\000i\000l\000a}{chapter.2}% 20
\BOOKMARK [1][-]{section.2.18}{\376\377\000P\000s\000y\000c\000h\000o\000l\000o\000g\000y\000\040\000o\000f\000\040\000M\000y\000s\000t\000i\000c\000a\000l\000\040\000E\000x\000p\000e\000r\000i\000e\000n\000c\000e}{chapter.2}% 21
\BOOKMARK [1][-]{section.2.19}{\376\377\000N\000e\000o\000-\000V\000e\000d\000a\000n\000t\000a\000,\000\040\000E\000v\000i\000l\000\040\000S\000p\000i\000r\000i\000t\000s\000,\000\040\000a\000n\000d\000\040\000D\000o\000n\000\040\000Q\000u\000i\000x\000o\000t\000e}{chapter.2}% 22
\BOOKMARK [1][-]{section.2.20}{\376\377\000W\000h\000y\000\040\000C\000o\000l\000o\000g\000e\000r\000o\000\040\000i\000s\000\040\000M\000e\000l\000a\000n\000c\000h\000o\000l\000y}{chapter.2}% 23
\BOOKMARK [1][-]{section.2.21}{\376\377\000T\000r\000a\000n\000s\000c\000e\000n\000d\000e\000n\000t\000a\000l\000\040\000D\000e\000s\000i\000r\000e\000s}{chapter.2}% 24
\BOOKMARK [1][-]{section.2.22}{\376\377\000S\000p\000i\000r\000i\000t\000u\000a\000l\000\040\000M\000a\000n\000\040\000a\000n\000d\000\040\000t\000h\000e\000\040\000T\000y\000r\000a\000n\000t}{chapter.2}% 25
\BOOKMARK [1][-]{section.2.23}{\376\377\000I\000n\000t\000e\000r\000v\000i\000e\000w\000\040\000w\000i\000t\000h\000\040\000A\000p\000h\000r\000o\000d\000i\000t\000e}{chapter.2}% 26
\BOOKMARK [0][-]{chapter.3}{\376\377\000E\000n\000e\000r\000g\000e\000t\000i\000c\000\040\000C\000e\000n\000t\000r\000e\000s\000\040\000o\000f\000\040\000M\000a\000n}{}% 27
\BOOKMARK [1][-]{section.3.1}{\376\377\000T\000h\000e\000\040\000M\000a\000n\000\040\000o\000f\000\040\000H\000e\000a\000r\000t}{chapter.3}% 28
\BOOKMARK [1][-]{section.3.2}{\376\377\000S\000o\000m\000e\000\040\000A\000s\000p\000e\000c\000t\000s\000\040\000o\000f\000\040\000t\000h\000e\000\040\000T\000r\000a\000d\000i\000t\000i\000o\000n\000a\000l\000\040\000M\000e\000d\000i\000c\000a\000l\000\040\000W\000o\000r\000l\000d\000\040\000V\000i\000e\000w}{chapter.3}% 29
\BOOKMARK [0][-]{chapter.4}{\376\377\000M\000y\000t\000h\000s\000,\000\040\000r\000i\000t\000e\000s\000\040\000a\000n\000d\000\040\000s\000y\000m\000b\000o\000l\000s}{}% 30
\BOOKMARK [1][-]{section.4.1}{\376\377\000D\000e\000f\000i\000n\000i\000t\000i\000o\000n\000\040\000o\000f\000\040\000M\000y\000t\000h}{chapter.4}% 31
\BOOKMARK [1][-]{section.4.2}{\376\377\000S\000y\000m\000b\000o\000l\000i\000s\000m\000\040\000a\000n\000d\000\040\000M\000e\000t\000a\000p\000h\000y\000s\000i\000c\000s}{chapter.4}% 32
\BOOKMARK [1][-]{section.4.3}{\376\377\000T\000h\000o\000u\000g\000h\000t\000,\000\040\000W\000o\000r\000d\000,\000\040\000S\000y\000m\000b\000o\000l}{chapter.4}% 33
\BOOKMARK [1][-]{section.4.4}{\376\377\000T\000h\000e\000\040\000S\000y\000m\000b\000o\000l\000i\000c\000\040\000W\000o\000r\000l\000d}{chapter.4}% 34
\BOOKMARK [1][-]{section.4.5}{\376\377\000T\000h\000e\000\040\000T\000r\000u\000e\000\040\000M\000y\000t\000h}{chapter.4}% 35
\BOOKMARK [1][-]{section.4.6}{\376\377\000T\000h\000e\000\040\000E\000l\000i\000t\000e\000\040\000a\000n\000d\000\040\000t\000h\000e\000\040\000G\000o\000s\000p\000e\000l\000s}{chapter.4}% 36
\BOOKMARK [0][-]{chapter.5}{\376\377\000T\000h\000e\000\040\000I\000m\000a\000g\000i\000n\000a\000l\000\040\000R\000e\000a\000l\000m}{}% 37
\BOOKMARK [1][-]{section.5.1}{\376\377\000T\000h\000e\000\040\000D\000a\000w\000n\000\040\000o\000f\000\040\000t\000h\000e\000\040\000G\000o\000d\000s}{chapter.5}% 38
\BOOKMARK [1][-]{section.5.2}{\376\377\000O\000l\000d\000\040\000m\000e\000n\000\040\000s\000h\000a\000l\000l\000\040\000d\000r\000e\000a\000m\000\040\000d\000r\000e\000a\000m\000s}{chapter.5}% 39
\BOOKMARK [1][-]{section.5.3}{\376\377\000T\000h\000e\000\040\000M\000y\000s\000t\000e\000r\000y\000\040\000o\000f\000\040\000S\000l\000e\000e\000p}{chapter.5}% 40
\BOOKMARK [1][-]{section.5.4}{\376\377\000T\000h\000e\000\040\000S\000o\000u\000l\000\040\000a\000f\000t\000e\000r\000\040\000D\000e\000a\000t\000h}{chapter.5}% 41
\BOOKMARK [1][-]{section.5.5}{\376\377\000E\000v\000o\000l\000a\000\040\000o\000n\000\040\000t\000h\000e\000\040\000T\000i\000b\000e\000t\000a\000n\000\040\000B\000o\000o\000k\000\040\000o\000f\000\040\000t\000h\000e\000\040\000D\000e\000a\000d}{chapter.5}% 42
\BOOKMARK [1][-]{section.5.6}{\376\377\000T\000h\000e\000\040\000O\000t\000h\000e\000r\000s}{chapter.5}% 43
\BOOKMARK [1][-]{section.5.7}{\376\377\000P\000a\000s\000s\000i\000n\000g\000\040\000T\000h\000r\000o\000u\000g\000h\000\040\000t\000h\000e\000\040\000R\000e\000a\000l\000m\000s\000\040\000o\000f\000\040\000t\000h\000e\000\040\000J\000i\000n\000n}{chapter.5}% 44
\BOOKMARK [1][-]{section.5.8}{\376\377\000C\000o\000m\000p\000l\000e\000x\000e\000s\000,\000\040\000T\000u\000l\000p\000a\000s\000\040\000a\000n\000d\000\040\000E\000g\000r\000e\000g\000o\000r\000e\000s}{chapter.5}% 45
\BOOKMARK [1][-]{section.5.9}{\376\377\000T\000h\000e\000\040\000E\000v\000i\000l\000\040\000E\000y\000e}{chapter.5}% 46
\BOOKMARK [1][-]{section.5.10}{\376\377\000T\000h\000e\000\040\000B\000o\000n\000d\000a\000g\000e\000\040\000o\000f\000\040\000S\000p\000i\000r\000i\000t\000s}{chapter.5}% 47
\BOOKMARK [1][-]{section.5.11}{\376\377\000V\000a\000m\000p\000i\000r\000i\000s\000m\000\040\000a\000n\000d\000\040\000V\000a\000m\000p\000i\000r\000e\000s}{chapter.5}% 48
\BOOKMARK [0][-]{chapter.6}{\376\377\000T\000h\000e\000\040\000D\000o\000c\000t\000r\000i\000n\000e\000\040\000o\000f\000\040\000S\000p\000i\000r\000i\000t\000u\000a\000l\000\040\000R\000a\000c\000e\000s}{}% 49
\BOOKMARK [1][-]{section.6.1}{\376\377\000M\000a\000t\000t\000e\000r\000\040\000a\000n\000d\000\040\000F\000o\000r\000m\000:\000\040\000T\000h\000e\000\040\000D\000i\000o\000n\000y\000s\000i\000a\000n\000\040\000R\000a\000c\000e}{chapter.6}% 50
\BOOKMARK [1][-]{section.6.2}{\376\377\000F\000r\000o\000m\000\040\000t\000h\000e\000\040\000A\000m\000a\000z\000o\000n\000s\000\040\000t\000o\000\040\000t\000h\000e\000\040\000H\000e\000r\000o\000e\000s}{chapter.6}% 51
\BOOKMARK [0][-]{chapter.7}{\376\377\000J\000u\000n\000g\000u\000i\000a\000n\000\040\000n\000o\000t\000e\000s}{}% 52
\BOOKMARK [1][-]{section.7.1}{\376\377\000T\000h\000e\000\040\000D\000e\000m\000o\000n\000\040\000L\000o\000v\000e\000r}{chapter.7}% 53
\BOOKMARK [0][-]{chapter.8}{\376\377\000M\000o\000d\000e\000r\000n\000\040\000p\000s\000y\000c\000h\000o\000l\000o\000g\000y\000:\000\040\000T\000h\000e\000\040\000U\000n\000c\000o\000n\000s\000c\000i\000o\000u\000s\000\040\000M\000i\000n\000d}{}% 54
\BOOKMARK [1][-]{section.8.1}{\376\377\000M\000a\000d\000n\000e\000s\000s\000\040\000a\000n\000d\000\040\000t\000h\000e\000\040\000P\000r\000i\000m\000o\000r\000d\000i\000a\000l\000\040\000S\000t\000a\000t\000e}{chapter.8}% 55
\BOOKMARK [1][-]{section.8.2}{\376\377\000E\000n\000t\000h\000e\000o\000g\000e\000n\000s}{chapter.8}% 56
\BOOKMARK [1][-]{section.8.3}{\376\377\000J\000o\000u\000r\000n\000e\000y\000\040\000t\000o\000\040\000t\000h\000e\000\040\000C\000e\000n\000t\000e\000r\000\040\000o\000f\000\040\000t\000h\000e\000\040\000M\000i\000n\000d}{chapter.8}% 57
\BOOKMARK [1][-]{section.8.4}{\376\377\000N\000e\000w\000\040\000T\000h\000o\000u\000g\000h\000t\000\040\000a\000n\000d\000\040\000T\000r\000a\000d\000i\000t\000i\000o\000n}{chapter.8}% 58
\BOOKMARK [1][-]{section.8.5}{\376\377\000T\000h\000e\000\040\000G\000e\000r\000m\000a\000n\000\040\000N\000e\000w\000\040\000T\000h\000o\000u\000g\000h\000t\000\040\000M\000o\000v\000e\000m\000e\000n\000t}{chapter.8}% 59
\BOOKMARK [1][-]{section.8.6}{\376\377\000E\000m\000i\000l\000e\000\040\000C\000o\000u\000e}{chapter.8}% 60
\BOOKMARK [1][-]{section.8.7}{\376\377\000T\000h\000e\000\040\000H\000e\000a\000l\000i\000n\000g\000\040\000P\000o\000w\000e\000r\000\040\000o\000f\000\040\000t\000h\000e\000\040\000M\000i\000n\000d}{chapter.8}% 61
\BOOKMARK [1][-]{section.8.8}{\376\377\000T\000h\000e\000\040\000L\000o\000g\000i\000c\000i\000a\000n}{chapter.8}% 62
\BOOKMARK [0][-]{chapter.9}{\376\377\000S\000o\000m\000e\000\040\000N\000o\000t\000e\000s\000\040\000o\000n\000\040\000S\000e\000x\000\040\000M\000a\000g\000i\000c\000k}{}% 63
\BOOKMARK [1][-]{section.9.1}{\376\377\000F\000u\000n\000d\000a\000m\000e\000n\000t\000a\000l\000s\000\040\000o\000f\000\040\000S\000e\000x\000\040\000M\000a\000g\000i\000c\000k}{chapter.9}% 64
