\BOOKMARK [0][-]{chapter.1}{\376\377\000P\000o\000s\000t\000s\000\040\000b\000y\000\040\000L\000o\000g\000r\000e\000s}{}% 1
\BOOKMARK [1][-]{section.1.1}{\376\377\000T\000r\000a\000n\000s\000f\000o\000r\000m\000a\000t\000i\000o\000n\000a\000l\000\040\000P\000o\000s\000s\000i\000b\000i\000l\000i\000t\000i\000e\000s}{chapter.1}% 2
\BOOKMARK [1][-]{section.1.2}{\376\377\000T\000i\000t\000u\000s\000\040\000F\000l\000a\000v\000i\000u\000s\000\040\000C\000l\000e\000m\000e\000n\000s\000\040\000a\000n\000d\000\040\000t\000h\000e\000\040\000G\000o\000l\000d\000e\000n\000\040\000C\000h\000a\000i\000n}{chapter.1}% 3
\BOOKMARK [1][-]{section.1.3}{\376\377\000T\000h\000e\000\040\000G\000l\000o\000r\000y\000\040\000o\000f\000\040\000G\000o\000d}{chapter.1}% 4
\BOOKMARK [1][-]{section.1.4}{\376\377\000C\000r\000e\000d\000o\000\040\000u\000t\000\040\000i\000n\000t\000e\000l\000l\000i\000g\000a\000m}{chapter.1}% 5
\BOOKMARK [1][-]{section.1.5}{\376\377\000P\000r\000o\000g\000e\000n\000i\000t\000o\000r\000s\000\040\000o\000f\000\040\000O\000u\000r\000\040\000M\000i\000d\000d\000l\000e\000\040\000E\000a\000r\000t\000h}{chapter.1}% 6
\BOOKMARK [1][-]{section.1.6}{\376\377\000E\000x\000i\000t\000\040\000t\000h\000e\000\040\000C\000a\000v\000e}{chapter.1}% 7
\BOOKMARK [1][-]{section.1.7}{\376\377\000T\000w\000o\000\040\000G\000n\000o\000s\000t\000i\000c\000i\000s\000m\000s}{chapter.1}% 8
\BOOKMARK [1][-]{section.1.8}{\376\377\000N\000e\000o\000P\000l\000a\000t\000o\000n\000i\000s\000m\000\040\000\046\000\040\000t\000h\000e\000\040\000F\000a\000i\000t\000h}{chapter.1}% 9
\BOOKMARK [1][-]{section.1.9}{\376\377\000G\000o\000l\000d\000,\000\040\000J\000u\000p\000i\000t\000e\000r\000,\000\040\000\046\000\040\000W\000i\000n\000e}{chapter.1}% 10
\BOOKMARK [1][-]{section.1.10}{\376\377\000E\000u\000r\000o\000p\000e\040\031\000s\000\040\000S\000p\000i\000r\000i\000t\000\040\000i\000n\000\040\000t\000h\000e\000\040\000N\000o\000r\000t\000h}{chapter.1}% 11
\BOOKMARK [1][-]{section.1.11}{\376\377\000A\000\040\000W\000a\000y\000\040\000O\000u\000t\000,\000\040\000F\000u\000r\000t\000h\000e\000r\000\040\000I\000n}{chapter.1}% 12
\BOOKMARK [1][-]{section.1.12}{\376\377\000K\000i\000n\000d\000\040\000H\000e\000a\000r\000t\000s\000,\000\040\000\046\000\040\000N\000o\000r\000m\000a\000n\000\040\000B\000l\000o\000o\000d}{chapter.1}% 13
\BOOKMARK [1][-]{section.1.13}{\376\377\000Y\000a\000h\000w\000e\000h\040\031\000s\000\040\000T\000e\000m\000p\000l\000a\000t\000e}{chapter.1}% 14
\BOOKMARK [1][-]{section.1.14}{\376\377\000T\000h\000e\000\040\000C\000e\000l\000e\000s\000t\000i\000a\000l\000\040\000\046\000\040\000S\000u\000p\000e\000r\000-\000C\000e\000l\000e\000s\000t\000i\000a\000l}{chapter.1}% 15
\BOOKMARK [1][-]{section.1.15}{\376\377\000T\000h\000e\000\040\000S\000e\000v\000e\000n\000\040\000S\000t\000e\000p\000s\000\040\000o\000f\000\040\000E\000s\000o\000t\000e\000r\000i\000c\000\040\000C\000h\000r\000i\000s\000t\000i\000a\000n\000i\000t\000y}{chapter.1}% 16
\BOOKMARK [1][-]{section.1.16}{\376\377\000F\000e\000a\000r\000s\000\040\000o\000f\000\040\000W\000h\000a\000t\000\040\000M\000a\000y\000\040\000B\000e\000,\000\040\000E\000r\000r\000i\000n\000g\000\040\000P\000o\000p\000e\000s\000\040\000\046\000\040\000C\000o\000u\000n\000c\000i\000l\000s}{chapter.1}% 17
\BOOKMARK [1][-]{section.1.17}{\376\377\000H\000a\000r\000m\000o\000n\000i\000c\000s}{chapter.1}% 18
\BOOKMARK [1][-]{section.1.18}{\376\377\000R\000e\000c\000a\000p\000i\000t\000u\000l\000a\000t\000i\000o\000n}{chapter.1}% 19
\BOOKMARK [1][-]{section.1.19}{\376\377\000M\000i\000d\000d\000l\000e\000\040\000E\000a\000r\000t\000h\000\040\000O\000n\000c\000e\000\040\000M\000o\000r\000e}{chapter.1}% 20
\BOOKMARK [1][-]{section.1.20}{\376\377\000M\000a\000k\000i\000n\000g\000\040\000t\000h\000e\000\040\000M\000o\000d\000e\000r\000n\000\040\000M\000i\000n\000d}{chapter.1}% 21
\BOOKMARK [1][-]{section.1.21}{\376\377\000R\000e\000v\000e\000r\000s\000i\000n\000g\000\040\000t\000h\000e\000\040\000M\000o\000d\000e\000r\000n\000\040\000S\000p\000e\000l\000l}{chapter.1}% 22
\BOOKMARK [1][-]{section.1.22}{\376\377\000W\000h\000e\000n\000\040\000t\000h\000e\000\040\000K\000i\000n\000g\000\040\000E\000n\000j\000o\000y\000s\000\040\000H\000i\000s\000\040\000O\000w\000n\000\040\000A\000g\000a\000i\000n}{chapter.1}% 23
\BOOKMARK [1][-]{section.1.23}{\376\377\000T\000h\000e\000\040\000W\000i\000s\000d\000o\000m\000\040\000o\000f\000\040\000G\000o\000d}{chapter.1}% 24
\BOOKMARK [1][-]{section.1.24}{\376\377\000P\000a\000l\000a\000m\000i\000d\000e\000s\000s\000i\000\040\000r\000e\000a\000d\000s\000\040\000E\000v\000o\000l\000a}{chapter.1}% 25
\BOOKMARK [1][-]{section.1.25}{\376\377\000G\000e\000n\000e\000r\000a\000l\000\040\000L\000a\000w}{chapter.1}% 26
\BOOKMARK [1][-]{section.1.26}{\376\377\000T\000h\000e\000\040\000G\000o\000l\000d\000e\000n\000\040\000B\000o\000o\000k\000\040\000\046\000\040\000S\000a\000i\000n\000t\000\040\000C\000l\000e\000m\000e\000n\000t}{chapter.1}% 27
\BOOKMARK [1][-]{section.1.27}{\376\377\000C\000l\000e\000m\000e\000n\000t\040\031\000s\000\040\000I\000n\000i\000t\000i\000a\000t\000i\000o\000n\000:\000\040\000P\000e\000t\000e\000r\000\040\000a\000n\000d\000\040\000S\000h\000i\000m\000o\000n\000\040\000M\000a\000g\000u\000s\000\040\000d\000e\000b\000a\000t\000e}{chapter.1}% 28
\BOOKMARK [1][-]{section.1.28}{\376\377\000T\000h\000e\000\040\000R\000o\000a\000d\000\040\000t\000o\000\040\000t\000h\000e\000\040\000t\000r\000u\000e\000\040\000W\000e\000s\000t}{chapter.1}% 29
\BOOKMARK [1][-]{section.1.29}{\376\377\000P\000u\000t\000t\000i\000n\000g\000\040\000a\000\040\000R\000o\000s\000e\000\040\000B\000a\000c\000k\000\040\000o\000n\000\040\000t\000h\000e\000\040\000C\000r\000o\000s\000s}{chapter.1}% 30
\BOOKMARK [1][-]{section.1.30}{\376\377\000F\000i\000n\000i\000s\000h\000i\000n\000g\000\040\000W\000h\000a\000t\000\040\000t\000h\000e\000\040\000I\000n\000k\000l\000i\000n\000g\000s\000\040\000S\000t\000a\000r\000t\000e\000d}{chapter.1}% 31
\BOOKMARK [1][-]{section.1.31}{\376\377\000P\000o\000e\000t\000s\000\040\000o\000f\000\040\000t\000h\000e\000\040\000R\000e\000u\000n\000i\000o\000n}{chapter.1}% 32
\BOOKMARK [1][-]{section.1.32}{\376\377\000A\000\040\000H\000i\000g\000h\000e\000r\000\040\000I\000m\000a\000g\000i\000n\000a\000t\000i\000o\000n}{chapter.1}% 33
\BOOKMARK [1][-]{section.1.33}{\376\377\000P\000h\000a\000n\000t\000a\000s\000t\000e\000s}{chapter.1}% 34
\BOOKMARK [1][-]{section.1.34}{\376\377\000T\000h\000e\000\040\000P\000h\000i\000l\000o\000k\000a\000l\000i\000a\040\031\000s\000\040\000M\000a\000r\000t\000i\000a\000l\000\040\000C\000h\000a\000r\000a\000c\000t\000e\000r}{chapter.1}% 35
\BOOKMARK [1][-]{section.1.35}{\376\377\000N\000e\000v\000e\000r\000\040\000t\000h\000e\000\040\000T\000w\000a\000i\000n\000\040\000S\000h\000a\000l\000l\000\040\000M\000e\000e\000t}{chapter.1}% 36
\BOOKMARK [1][-]{section.1.36}{\376\377\000T\000h\000e\000\040\000T\000r\000i\000v\000i\000u\000m\000\040\000\046\000\040\000M\000y\000s\000t\000e\000r\000y}{chapter.1}% 37
\BOOKMARK [1][-]{section.1.37}{\376\377\000R\000e\000s\000t\000o\000r\000a\000t\000i\000o\000n\000,\000\040\000R\000e\000v\000i\000v\000a\000l\000,\000\040\000R\000e\000n\000a\000i\000s\000s\000a\000n\000c\000e}{chapter.1}% 38
\BOOKMARK [1][-]{section.1.38}{\376\377\000T\000h\000e\000\040\000C\000h\000r\000i\000s\000t\000i\000a\000n\000\040\000S\000o\000c\000i\000a\000l\000\040\000O\000r\000d\000e\000r\000\040\000\046\000\040\000P\000y\000t\000h\000a\000g\000o\000r\000a\000s}{chapter.1}% 39
\BOOKMARK [1][-]{section.1.39}{\376\377\000W\000e\000s\000t\000e\000r\000n\000\040\000S\000o\000c\000i\000a\000l\000\040\000O\000r\000d\000e\000r}{chapter.1}% 40
\BOOKMARK [1][-]{section.1.40}{\376\377\000T\000h\000e\000\040\000M\000e\000t\000a\000l\000o\000g\000i\000k\000o\000n}{chapter.1}% 41
\BOOKMARK [1][-]{section.1.41}{\376\377\000L\000a\000\040\000R\000e\000v\000o\000l\000u\000t\000i\000o\000n\000\040\000D\000e\000v\000o\000r\000e\000\040\000S\000e\000s\000\040\000E\000n\000f\000a\000n\000t\000s}{chapter.1}% 42
\BOOKMARK [1][-]{section.1.42}{\376\377\000T\000o\000m\000b\000e\000r\000g\040\031\000s\000\040\000L\000a\000b\000o\000r}{chapter.1}% 43
\BOOKMARK [1][-]{section.1.43}{\376\377\000T\000h\000e\000\040\000S\000y\000l\000l\000a\000b\000l\000e\000s\000\040\000o\000f\000\040\000t\000h\000e\000\040\000G\000o\000d\000s}{chapter.1}% 44
\BOOKMARK [1][-]{section.1.44}{\376\377\000N\000a\000t\000u\000r\000e\040\031\000s\000\040\000L\000e\000s\000s\000o\000n\000s\000\040\000o\000n\000\040\000I\000n\000t\000e\000r\000i\000o\000r\000\040\000F\000r\000i\000c\000t\000i\000o\000n}{chapter.1}% 45
\BOOKMARK [1][-]{section.1.45}{\376\377\000E\000c\000c\000e\000\040\000A\000n\000c\000i\000l\000l\000a\000\040\000D\000o\000m\000i\000n\000i}{chapter.1}% 46
\BOOKMARK [1][-]{section.1.46}{\376\377\000T\000h\000e\000\040\000L\000u\000t\000h\000e\000r\000a\000n\000\040\000R\000e\000f\000o\000r\000m\000a\000t\000i\000o\000n}{chapter.1}% 47
\BOOKMARK [1][-]{section.1.47}{\376\377\000T\000h\000e\000\040\000E\000m\000p\000e\000r\000o\000r\040\031\000s\000\040\000P\000o\000s\000t}{chapter.1}% 48
\BOOKMARK [1][-]{section.1.48}{\376\377\000T\000h\000e\000\040\000M\000e\000t\000a\000p\000h\000y\000s\000i\000c\000a\000l\000\040\000P\000r\000i\000n\000c\000i\000p\000l\000e\000s\000\040\000o\000f\000\040\000t\000h\000e\000\040\000I\000n\000f\000i\000n\000t\000e\000s\000i\000m\000a\000l\000\040\000C\000a\000l\000c\000u\000l\000u\000s}{chapter.1}% 49
\BOOKMARK [1][-]{section.1.49}{\376\377\000O\000r\000d\000e\000r\000\040\000\046\000\040\000R\000i\000g\000h\000t\000\040\000v\000e\000r\000s\000u\000s\000\040\000T\000h\000e\000\040\000C\000a\000t\000h\000e\000d\000r\000a\000l}{chapter.1}% 50
\BOOKMARK [1][-]{section.1.50}{\376\377\000L\000e\000\040\000B\000a\000t\000e\000l\000e\000u\000r\000,\000\040\000o\000r\000\040\000T\000h\000u\000s\000\040\000E\000n\000d\000e\000t\000h\000\040\000t\000h\000e\000\040\000L\000e\000s\000s\000o\000n}{chapter.1}% 51
\BOOKMARK [1][-]{section.1.51}{\376\377\000T\000h\000e\000\040\000H\000i\000g\000h\000\040\000P\000r\000i\000e\000s\000t\000e\000s\000s}{chapter.1}% 52
\BOOKMARK [1][-]{section.1.52}{\376\377\000T\000h\000e\000\040\000E\000m\000p\000e\000r\000o\000r}{chapter.1}% 53
\BOOKMARK [1][-]{section.1.53}{\376\377\000T\000h\000e\000\040\000S\000u\000p\000e\000r\000s\000t\000i\000t\000i\000o\000n\000\040\000o\000f\000\040\000R\000e\000a\000s\000o\000n}{chapter.1}% 54
\BOOKMARK [1][-]{section.1.54}{\376\377\000T\000h\000e\000\040\000S\000e\000v\000e\000n\000\040\000S\000a\000c\000r\000e\000d\000\040\000L\000i\000b\000e\000r\000a\000l\000\040\000A\000r\000t\000s}{chapter.1}% 55
\BOOKMARK [1][-]{section.1.55}{\376\377\000T\000h\000e\000\040\000T\000h\000e\000o\000l\000o\000g\000y\000\040\000o\000f\000\040\000A\000r\000i\000t\000h\000m\000e\000t\000i\000c}{chapter.1}% 56
\BOOKMARK [2][-]{subsection.1.55.1}{\376\377\000F\000o\000r\000t\000u\000n\000e\040\031\000s\000\040\000F\000o\000o\000l\000\040\000b\000y\000\040\000N\000u\000m\000b\000e\000r\000s}{section.1.55}% 57
\BOOKMARK [1][-]{section.1.56}{\376\377\000T\000h\000e\000\040\000D\000y\000a\000d}{chapter.1}% 58
\BOOKMARK [1][-]{section.1.57}{\376\377\000T\000h\000e\000\040\000T\000r\000i\000a\000d}{chapter.1}% 59
\BOOKMARK [1][-]{section.1.58}{\376\377\000H\000e\000a\000v\000e\000n\000\040\000B\000y\000\040\000S\000t\000o\000r\000m\000\040\000o\000n\000\040\000t\000h\000e\000\040\000N\000u\000m\000b\000e\000r\000\040\000S\000e\000v\000e\000n}{chapter.1}% 60
\BOOKMARK [2][-]{subsection.1.58.1}{\376\377\000O\000c\000t\000a\000d}{section.1.58}% 61
\BOOKMARK [2][-]{subsection.1.58.2}{\376\377\000E\000n\000n\000e\000a\000d}{section.1.58}% 62
\BOOKMARK [1][-]{section.1.59}{\376\377\000T\000h\000e\000\040\000L\000a\000b\000o\000r\000s\000\040\000o\000f\000\040\000H\000e\000r\000c\000u\000l\000e\000s}{chapter.1}% 63
\BOOKMARK [2][-]{subsection.1.59.1}{\376\377\000T\000h\000e\000\040\000L\000a\000b\000o\000r\000s\000\040\000o\000f\000\040\000H\000e\000r\000c\000u\000l\000e\000s\000,\000\040\000P\000a\000r\000t\000\040\000O\000n\000e}{section.1.59}% 64
\BOOKMARK [2][-]{subsection.1.59.2}{\376\377\000L\000a\000b\000o\000r\000s\000\040\000o\000f\000\040\000H\000e\000r\000c\000u\000l\000e\000s\000,\000\040\000P\000a\000r\000t\000\040\0002}{section.1.59}% 65
\BOOKMARK [1][-]{section.1.60}{\376\377\000T\000h\000e\000\040\000E\000i\000g\000h\000t\000h\000\040\000V\000i\000c\000t\000o\000r\000y\000\040\000o\000f\000\040\000H\000e\000r\000c\000u\000l\000e\000s\000\040\000O\000v\000e\000r\000\040\000t\000h\000e\000\040\000M\000a\000r\000e\000s\000\040\000o\000f\000\040\000D\000i\000o\000m\000e\000d\000e\000s}{chapter.1}% 66
\BOOKMARK [1][-]{section.1.61}{\376\377\000T\000h\000e\000\040\000T\000w\000e\000l\000f\000t\000h\000\040\000a\000n\000d\000\040\000F\000i\000n\000a\000l\000\040\000L\000a\000b\000o\000r}{chapter.1}% 67
