\BOOKMARK [0][-]{chapter.1}{\376\377\000I\000n\000t\000r\000o\000d\000u\000c\000t\000i\000o\000n}{}% 1
\BOOKMARK [1][-]{section.1.1}{\376\377\000T\000h\000e\000\040\000G\000i\000f\000t\000\040\000o\000f\000\040\0001\0000\0000\0000\000\040\000S\000a\000g\000e\000s}{chapter.1}% 2
\BOOKMARK [1][-]{section.1.2}{\376\377\000G\000u\000e\000n\000o\000n\000,\000\040\000M\000a\000r\000i\000t\000a\000i\000n\000,\000\040\000T\000h\000o\000m\000i\000s\000m}{chapter.1}% 3
\BOOKMARK [1][-]{section.1.3}{\376\377\000T\000h\000e\000\040\000G\000a\000r\000d\000e\000n\000\040\000o\000f\000\040\000M\000e\000t\000a\000p\000h\000y\000s\000i\000c\000s}{chapter.1}% 4
\BOOKMARK [1][-]{section.1.4}{\376\377\000V\000e\000d\000a\000n\000t\000a\000\040\000a\000n\000d\000\040\000W\000e\000s\000t\000e\000r\000n\000\040\000T\000r\000a\000d\000i\000t\000i\000o\000n}{chapter.1}% 5
\BOOKMARK [1][-]{section.1.5}{\376\377\000H\000e\000r\000e\000d\000i\000t\000y\000\040\000a\000n\000d\000\040\000t\000h\000e\000\040\000L\000a\000w\000\040\000o\000f\000\040\000A\000t\000t\000r\000a\000c\000t\000i\000o\000n}{chapter.1}% 6
\BOOKMARK [1][-]{section.1.6}{\376\377\000T\000i\000l\000t\000i\000n\000g\000\040\000a\000t\000\040\000W\000i\000n\000d\000m\000i\000l\000l\000s}{chapter.1}% 7
\BOOKMARK [1][-]{section.1.7}{\376\377\000O\000n\000t\000o\000t\000h\000e\000o\000l\000o\000g\000y}{chapter.1}% 8
\BOOKMARK [1][-]{section.1.8}{\376\377\000C\000h\000r\000i\000s\000t\000e\000n\000d\000o\000m\000\040\000a\000n\000d\000\040\000t\000h\000e\000\040\000S\000u\000p\000e\000r\000s\000t\000i\000t\000i\000o\000n\000\040\000o\000f\000\040\000F\000a\000c\000t}{chapter.1}% 9
\BOOKMARK [0][-]{chapter.2}{\376\377\000A\000\040\000p\000r\000i\000m\000e\000r\000\040\000o\000n\000\040\000m\000e\000t\000a\000p\000h\000y\000s\000i\000c\000s}{}% 10
\BOOKMARK [1][-]{section.2.1}{\376\377\000S\000a\000c\000r\000e\000d\000\040\000S\000c\000i\000e\000n\000c\000e\000\040\0001\0000\0001\000:\000\040\000I\000n\000t\000r\000o\000d\000u\000c\000t\000i\000o\000n}{chapter.2}% 11
\BOOKMARK [1][-]{section.2.2}{\376\377\000S\000a\000c\000r\000e\000d\000\040\000S\000c\000i\000e\000n\000c\000e\000\040\0001\0000\0002\000:\000\040\000T\000h\000e\000\040\000S\000e\000l\000f\000\040\000a\000n\000d\000\040\000t\000h\000e\000\040\000E\000g\000o}{chapter.2}% 12
\BOOKMARK [1][-]{section.2.3}{\376\377\000S\000a\000c\000r\000e\000d\000\040\000S\000c\000i\000e\000n\000c\000e\000\040\0001\0000\0003\000:\000\040\000T\000h\000e\000\040\000V\000i\000t\000a\000l\000\040\000C\000e\000n\000t\000e\000r}{chapter.2}% 13
\BOOKMARK [1][-]{section.2.4}{\376\377\000S\000a\000c\000r\000e\000d\000\040\000S\000c\000i\000e\000n\000c\000e\000\040\0001\0000\0004\000:\000\040\000E\000s\000s\000e\000n\000c\000e\000\040\000a\000n\000d\000\040\000S\000u\000b\000s\000t\000a\000n\000c\000e}{chapter.2}% 14
\BOOKMARK [1][-]{section.2.5}{\376\377\000S\000a\000c\000r\000e\000d\000\040\000S\000c\000i\000e\000n\000c\000e\000\040\0001\0000\0005\000:\000\040\000I\000n\000d\000i\000v\000i\000d\000u\000a\000l\000\040\000M\000a\000n\000i\000f\000e\000s\000t\000a\000t\000i\000o\000n}{chapter.2}% 15
\BOOKMARK [1][-]{section.2.6}{\376\377\000S\000a\000c\000r\000e\000d\000\040\000S\000c\000i\000e\000n\000c\000e\000\040\0001\0000\0006\000:\000\040\000O\000r\000i\000g\000i\000n\000\040\000o\000f\000\040\000M\000i\000n\000d}{chapter.2}% 16
\BOOKMARK [1][-]{section.2.7}{\376\377\000S\000a\000c\000r\000e\000d\000\040\000S\000c\000i\000e\000n\000c\000e\000\040\0001\0000\0007\000:\000\040\000T\000h\000e\000\040\000H\000e\000a\000r\000t\000\040\000o\000f\000\040\000t\000h\000e\000\040\000M\000a\000t\000t\000e\000r}{chapter.2}% 17
\BOOKMARK [1][-]{section.2.8}{\376\377\000S\000a\000c\000r\000e\000d\000\040\000S\000c\000i\000e\000n\000c\000e\000\040\0001\0000\0008\000:\000\040\000T\000h\000e\000\040\000S\000u\000b\000t\000l\000e\000\040\000S\000t\000a\000t\000e}{chapter.2}% 18
\BOOKMARK [1][-]{section.2.9}{\376\377\000T\000h\000e\000\040\000D\000e\000s\000c\000e\000n\000t\000\040\000o\000f\000\040\000t\000h\000e\000\040\000A\000b\000s\000o\000l\000u\000t\000e}{chapter.2}% 19
\BOOKMARK [0][-]{chapter.3}{\376\377\000E\000l\000e\000m\000e\000n\000t\000s\000\040\000o\000f\000\040\000m\000e\000t\000a\000p\000h\000y\000s\000i\000c\000s}{}% 20
\BOOKMARK [1][-]{section.3.1}{\376\377\000O\000u\000t\000l\000i\000n\000e\000\040\000o\000f\000\040\000P\000e\000r\000e\000n\000n\000i\000a\000l\000\040\000P\000h\000i\000l\000o\000s\000o\000p\000h\000y\000:\000\040\000B\000e\000i\000n\000g}{chapter.3}% 21
\BOOKMARK [1][-]{section.3.2}{\376\377\000T\000h\000e\000\040\000P\000o\000s\000s\000i\000b\000l\000e\000\040\000a\000n\000d\000\040\000t\000h\000e\000\040\000R\000e\000a\000l}{chapter.3}% 22
\BOOKMARK [1][-]{section.3.3}{\376\377\000V\000i\000r\000t\000u\000a\000l\000\040\000a\000n\000d\000\040\000R\000e\000a\000l\000\040\000M\000e\000t\000a\000p\000h\000y\000i\000c\000s}{chapter.3}% 23
\BOOKMARK [1][-]{section.3.4}{\376\377\000I\000d\000e\000a\000s\000\040\000a\000n\000d\000\040\000H\000i\000d\000d\000e\000n\000\040\000H\000i\000s\000t\000o\000r\000y}{chapter.3}% 24
\BOOKMARK [1][-]{section.3.5}{\376\377\000P\000r\000i\000n\000c\000i\000p\000i\000a\000l\000\040\000O\000r\000i\000g\000i\000n\000\040\000a\000n\000d\000\040\000F\000i\000n\000a\000l\000\040\000D\000e\000s\000t\000i\000n\000y}{chapter.3}% 25
\BOOKMARK [1][-]{section.3.6}{\376\377\000T\000h\000e\000\040\000T\000r\000a\000d\000i\000t\000i\000o\000n\000a\000l\000\040\000N\000o\000t\000i\000o\000n\000\040\000o\000f\000\040\000C\000a\000u\000s\000a\000t\000i\000o\000n}{chapter.3}% 26
\BOOKMARK [1][-]{section.3.7}{\376\377\000U\000n\000i\000t\000y\000,\000\040\000U\000n\000i\000f\000o\000r\000m\000i\000t\000y\000,\000\040\000H\000a\000r\000m\000o\000n\000y}{chapter.3}% 27
\BOOKMARK [1][-]{section.3.8}{\376\377\000M\000u\000l\000t\000i\000p\000l\000i\000c\000i\000t\000y\000\040\000a\000n\000d\000\040\000U\000n\000i\000t\000y}{chapter.3}% 28
\BOOKMARK [1][-]{section.3.9}{\376\377\000E\000x\000i\000s\000t\000e\000n\000c\000e}{chapter.3}% 29
\BOOKMARK [1][-]{section.3.10}{\376\377\000T\000h\000e\000\040\000I\000n\000f\000i\000n\000i\000t\000e}{chapter.3}% 30
\BOOKMARK [1][-]{section.3.11}{\376\377\000T\000h\000e\000\040\000B\000e\000g\000i\000n\000n\000i\000n\000g\000\040\000o\000f\000\040\000t\000h\000e\000\040\000W\000o\000r\000l\000d}{chapter.3}% 31
\BOOKMARK [1][-]{section.3.12}{\376\377\000T\000h\000e\000r\000e\000\040\000i\000s\000\040\000n\000o\000\040\000G\000o\000d\000\040\000b\000u\000t\000\040\000G\000o\000d}{chapter.3}% 32
\BOOKMARK [1][-]{section.3.13}{\376\377\000T\000h\000e\000\040\000R\000e\000c\000t\000i\000f\000i\000c\000a\000t\000i\000o\000n}{chapter.3}% 33
\BOOKMARK [0][-]{chapter.4}{\376\377\000M\000a\000n\000i\000f\000e\000s\000t\000a\000t\000i\000o\000n}{}% 34
\BOOKMARK [1][-]{section.4.1}{\376\377\000E\000n\000t\000i\000t\000i\000e\000s\000\040\000a\000n\000d\000\040\000I\000d\000e\000a\000s}{chapter.4}% 35
\BOOKMARK [1][-]{section.4.2}{\376\377\000P\000r\000i\000n\000c\000i\000p\000l\000e\000s\000\040\000o\000f\000\040\000M\000a\000n\000i\000f\000e\000s\000t\000a\000t\000i\000o\000n}{chapter.4}% 36
\BOOKMARK [1][-]{section.4.3}{\376\377\000C\000r\000e\000a\000t\000i\000n\000g\000\040\000a\000\040\000W\000o\000r\000l\000d\000:\000\040\000D\000a\000y\000\040\000O\000n\000e}{chapter.4}% 37
\BOOKMARK [1][-]{section.4.4}{\376\377\000P\000r\000o\000c\000e\000s\000s\000\040\000o\000f\000\040\000M\000a\000n\000i\000f\000e\000s\000t\000a\000t\000i\000o\000n}{chapter.4}% 38
\BOOKMARK [1][-]{section.4.5}{\376\377\000M\000e\000d\000i\000t\000a\000t\000i\000o\000n\000\040\000o\000n\000\040\000t\000h\000e\000\040\000T\000r\000i\000n\000i\000t\000y}{chapter.4}% 39
\BOOKMARK [1][-]{section.4.6}{\376\377\000T\000h\000e\000\040\000B\000e\000s\000t\000\040\000P\000o\000s\000s\000i\000b\000l\000e\000\040\000W\000o\000r\000l\000d}{chapter.4}% 40
\BOOKMARK [1][-]{section.4.7}{\376\377\000K\000n\000i\000g\000h\000t\000s\000\040\000o\000f\000\040\000L\000i\000g\000h\000t}{chapter.4}% 41
\BOOKMARK [1][-]{section.4.8}{\376\377\000P\000r\000i\000n\000c\000i\000p\000l\000e\000\040\000o\000f\000\040\000M\000a\000n\000i\000f\000e\000s\000t\000a\000t\000i\000o\000n}{chapter.4}% 42
\BOOKMARK [1][-]{section.4.9}{\376\377\000P\000a\000r\000a\000l\000l\000e\000l\000\040\000U\000n\000i\000v\000e\000r\000s\000e\000s\000\040\000a\000n\000d\000\040\000E\000t\000e\000r\000n\000a\000l\000\040\000R\000e\000t\000u\000r\000n}{chapter.4}% 43
\BOOKMARK [0][-]{chapter.5}{\376\377\000T\000h\000e\000\040\000T\000r\000u\000e\000\040\000M\000a\000n\000.\000\040\000T\000h\000e\000\040\000P\000e\000r\000s\000o\000n}{}% 44
\BOOKMARK [1][-]{section.5.1}{\376\377\000T\000h\000e\000\040\000F\000o\000u\000r\000t\000h\000\040\000R\000e\000v\000e\000r\000e\000n\000c\000e}{chapter.5}% 45
\BOOKMARK [1][-]{section.5.2}{\376\377\000T\000h\000e\000\040\000T\000r\000u\000e\000\040\000S\000a\000g\000e}{chapter.5}% 46
\BOOKMARK [1][-]{section.5.3}{\376\377\000M\000e\000t\000a\000p\000h\000y\000s\000i\000c\000a\000l\000\040\000P\000o\000s\000i\000t\000i\000v\000i\000s\000m}{chapter.5}% 47
\BOOKMARK [1][-]{section.5.4}{\376\377\000T\000h\000e\000\040\000H\000u\000m\000a\000n\000\040\000P\000e\000r\000s\000o\000n}{chapter.5}% 48
\BOOKMARK [1][-]{section.5.5}{\376\377\000B\000l\000e\000s\000s\000e\000d\000\040\000a\000r\000e\000\040\000t\000h\000e\000\040\000M\000e\000e\000k}{chapter.5}% 49
\BOOKMARK [1][-]{section.5.6}{\376\377\000R\000a\000t\000i\000o\000n\000a\000l\000\040\000M\000a\000n\000\040\000a\000n\000d\000\040\000R\000e\000a\000l\000\040\000M\000a\000n}{chapter.5}% 50
\BOOKMARK [1][-]{section.5.7}{\376\377\000S\000a\000l\000v\000a\000t\000i\000o\000n\000,\000\040\000D\000e\000l\000i\000v\000e\000r\000a\000n\000c\000e\000,\000\040\000A\000c\000t\000i\000o\000n}{chapter.5}% 51
\BOOKMARK [1][-]{section.5.8}{\376\377\000T\000h\000e\000\040\000P\000o\000s\000s\000i\000b\000i\000l\000i\000t\000y\000\040\000o\000f\000\040\000L\000i\000b\000e\000r\000a\000t\000i\000o\000n}{chapter.5}% 52
\BOOKMARK [1][-]{section.5.9}{\376\377\000M\000e\000t\000a\000p\000h\000y\000s\000i\000c\000s\000\040\000o\000f\000\040\000F\000r\000e\000e\000d\000o\000m}{chapter.5}% 53
\BOOKMARK [1][-]{section.5.10}{\376\377\000P\000r\000o\000v\000i\000d\000e\000n\000c\000e\000,\000\040\000W\000i\000l\000l\000,\000\040\000D\000e\000s\000t\000i\000n\000y}{chapter.5}% 54
\BOOKMARK [1][-]{section.5.11}{\376\377\000P\000r\000o\000v\000i\000d\000e\000n\000c\000e\000,\000\040\000W\000i\000l\000l\000,\000\040\000D\000e\000s\000t\000i\000n\000y}{chapter.5}% 55
\BOOKMARK [1][-]{section.5.12}{\376\377\000U\000n\000k\000n\000o\000w\000i\000n\000g\000\040\000a\000n\000d\000\040\000T\000r\000u\000e\000\040\000W\000i\000l\000l}{chapter.5}% 56
\BOOKMARK [1][-]{section.5.13}{\376\377\000T\000h\000e\000\040\000P\000e\000r\000s\000o\000n\000\040\000a\000s\000\040\000S\000u\000b\000j\000e\000c\000t}{chapter.5}% 57
\BOOKMARK [1][-]{section.5.14}{\376\377\000G\000e\000n\000i\000u\000s\000\040\000a\000n\000d\000\040\000t\000h\000e\000\040\000R\000e\000a\000l\000\040\000M\000a\000n}{chapter.5}% 58
\BOOKMARK [1][-]{section.5.15}{\376\377\000T\000h\000e\000\040\000T\000r\000u\000e\000\040\000M\000a\000n}{chapter.5}% 59
\BOOKMARK [1][-]{section.5.16}{\376\377\000P\000h\000i\000l\000o\000s\000o\000p\000h\000y\000\040\000a\000n\000d\000\040\000t\000h\000e\000\040\000N\000o\000b\000l\000e\000\040\000L\000i\000f\000e}{chapter.5}% 60
\BOOKMARK [1][-]{section.5.17}{\376\377\000F\000r\000e\000e\000d\000o\000m\000\040\000a\000n\000d\000\040\000D\000e\000s\000t\000i\000n\000y}{chapter.5}% 61
\BOOKMARK [1][-]{section.5.18}{\376\377\000M\000a\000n\000'\000s\000\040\000P\000l\000a\000c\000e\000\040\000i\000n\000\040\000N\000a\000t\000u\000r\000e}{chapter.5}% 62
\BOOKMARK [1][-]{section.5.19}{\376\377\000S\000p\000i\000r\000i\000t\000u\000a\000l\000i\000t\000y\000\040\000f\000o\000r\000\040\000t\000h\000e\000\040\000X\000X\000I\000s\000t\000\040\000C\000e\000n\000t\000u\000r\000y}{chapter.5}% 63
\BOOKMARK [1][-]{section.5.20}{\376\377\000M\000e\000d\000i\000t\000a\000t\000i\000o\000n\000\040\000o\000n\000\040\000a\000\040\000W\000o\000r\000l\000d\000\040\000C\000o\000n\000c\000e\000p\000t\000i\000o\000n}{chapter.5}% 64
\BOOKMARK [1][-]{section.5.21}{\376\377\000A\000\040\000M\000a\000t\000t\000e\000r\000\040\000o\000f\000\040\000C\000h\000o\000i\000c\000e}{chapter.5}% 65
\BOOKMARK [1][-]{section.5.22}{\376\377\000S\000e\000l\000f\000\040\000K\000n\000o\000w\000l\000e\000d\000g\000e}{chapter.5}% 66
\BOOKMARK [1][-]{section.5.23}{\376\377\000T\000h\000e\000\040\000A\000c\000t\000i\000n\000g\000\040\000P\000e\000r\000s\000o\000n}{chapter.5}% 67
\BOOKMARK [1][-]{section.5.24}{\376\377\000M\000o\000r\000a\000l\000\040\000I\000m\000a\000g\000i\000n\000a\000t\000i\000o\000n}{chapter.5}% 68
\BOOKMARK [1][-]{section.5.25}{\376\377\000T\000h\000e\000\040\000C\000a\000s\000t\000a\000w\000a\000y}{chapter.5}% 69
\BOOKMARK [1][-]{section.5.26}{\376\377\000T\000h\000e\000\040\000P\000u\000r\000p\000o\000s\000e\000\040\000o\000f\000\040\000L\000i\000f\000e}{chapter.5}% 70
\BOOKMARK [1][-]{section.5.27}{\376\377\000W\000a\000l\000k\000i\000n\000g\000\040\000o\000u\000t\000\040\000o\000f\000\040\000t\000h\000e\000\040\000F\000o\000r\000e\000s\000t}{chapter.5}% 71
\BOOKMARK [1][-]{section.5.28}{\376\377\000S\000e\000l\000f\000l\000e\000s\000s\000\040\000S\000e\000r\000v\000i\000c\000e\000\040\000t\000o\000\040\000H\000u\000m\000a\000n\000i\000t\000y}{chapter.5}% 72
\BOOKMARK [1][-]{section.5.29}{\376\377\000I\000n\000d\000i\000s\000p\000e\000n\000s\000a\000b\000l\000e\000\040\000S\000p\000i\000r\000i\000t\000u\000a\000l\000\040\000Q\000u\000a\000l\000i\000t\000i\000e\000s}{chapter.5}% 73
\BOOKMARK [0][-]{chapter.6}{\376\377\000T\000h\000e\000\040\000I\000n\000d\000i\000v\000i\000d\000u\000a\000l\000\040\000a\000n\000d\000\040\000t\000h\000e\000\040\000B\000e\000c\000o\000m\000i\000n\000g\000\040\000o\000f\000\040\000t\000h\000e\000\040\000W\000o\000r\000l\000d}{}% 74
\BOOKMARK [1][-]{section.6.1}{\376\377\000C\000o\000s\000m\000i\000c\000\040\000D\000i\000g\000n\000i\000t\000y}{chapter.6}% 75
\BOOKMARK [1][-]{section.6.2}{\376\377\000A\000w\000a\000k\000e\000n\000i\000n\000g\000\040\000t\000o\000\040\000C\000o\000n\000s\000c\000i\000o\000u\000s\000n\000e\000s\000s}{chapter.6}% 76
\BOOKMARK [1][-]{section.6.3}{\376\377\000B\000u\000i\000l\000d\000e\000r\000\040\000o\000f\000\040\000W\000o\000r\000l\000d\000s}{chapter.6}% 77
\BOOKMARK [0][-]{chapter.7}{\376\377\000T\000h\000e\000\040\000P\000r\000i\000m\000o\000r\000d\000i\000a\000l\000\040\000S\000t\000a\000t\000e\000.\000\040\000A\000d\000a\000m\000\040\000a\000n\000d\000\040\000E\000v\000e}{}% 78
\BOOKMARK [1][-]{section.7.1}{\376\377\000T\000h\000e\000\040\000P\000l\000a\000t\000o\000n\000i\000c\000\040\000T\000r\000a\000d\000i\000t\000i\000o\000n}{chapter.7}% 79
\BOOKMARK [1][-]{section.7.2}{\376\377\000T\000h\000e\000\040\000E\000d\000e\000n\000i\000c\000\040\000S\000t\000a\000t\000e}{chapter.7}% 80
\BOOKMARK [1][-]{section.7.3}{\376\377\000T\000h\000e\000\040\000P\000r\000i\000m\000o\000r\000d\000i\000a\000l\000\040\000S\000t\000a\000t\000e}{chapter.7}% 81
\BOOKMARK [1][-]{section.7.4}{\376\377\000T\000h\000e\000\040\000F\000a\000l\000l\000\040\000f\000r\000o\000m\000\040\000t\000h\000e\000\040\000P\000r\000i\000m\000o\000r\000d\000i\000a\000l\000\040\000S\000t\000a\000t\000e}{chapter.7}% 82
\BOOKMARK [1][-]{section.7.5}{\376\377\000T\000h\000e\000\040\000M\000e\000t\000a\000p\000h\000y\000s\000i\000c\000s\000\040\000o\000f\000\040\000R\000e\000i\000n\000t\000e\000g\000r\000a\000t\000i\000o\000n}{chapter.7}% 83
\BOOKMARK [1][-]{section.7.6}{\376\377\000T\000h\000e\000\040\000G\000u\000a\000r\000d\000i\000a\000n\000\040\000o\000f\000\040\000t\000h\000e\000\040\000T\000h\000r\000e\000s\000h\000o\000l\000d}{chapter.7}% 84
\BOOKMARK [1][-]{section.7.7}{\376\377\000V\000i\000e\000w\000\040\000f\000r\000o\000m\000\040\000t\000h\000e\000\040\000P\000r\000i\000m\000o\000r\000d\000i\000a\000l\000\040\000S\000t\000a\000t\000e}{chapter.7}% 85
\BOOKMARK [1][-]{section.7.8}{\376\377\000T\000h\000e\000\040\000E\000n\000d\000\040\000o\000f\000\040\000t\000h\000e\000\040\000G\000o\000l\000d\000e\000n\000\040\000A\000g\000e}{chapter.7}% 86
\BOOKMARK [1][-]{section.7.9}{\376\377\000T\000h\000e\000\040\000C\000r\000e\000a\000t\000o\000r\000\040\000h\000a\000s\000\040\000a\000\040\000M\000a\000s\000t\000e\000r\000\040\000P\000l\000a\000n}{chapter.7}% 87
\BOOKMARK [0][-]{chapter.8}{\376\377\000S\000t\000a\000t\000e\000s\000\040\000o\000f\000\040\000b\000e\000i\000n\000g\000.\000\040\000T\000h\000e\000\040\000D\000i\000v\000i\000n\000e\000\040\000J\000o\000u\000r\000n\000e\000y}{}% 88
\BOOKMARK [1][-]{section.8.1}{\376\377\000D\000i\000v\000i\000n\000e\000\040\000J\000o\000u\000r\000n\000e\000y\000\040\000S\000u\000m\000m\000a\000r\000y}{chapter.8}% 89
\BOOKMARK [1][-]{section.8.2}{\376\377\000S\000p\000i\000r\000i\000t\000u\000a\000l\000\040\000B\000e\000i\000n\000g\000s}{chapter.8}% 90
\BOOKMARK [1][-]{section.8.3}{\376\377\000M\000u\000l\000t\000i\000p\000l\000e\000\040\000S\000t\000a\000t\000e\000s\000\040\000i\000n\000\040\000C\000h\000r\000i\000s\000t\000i\000a\000n\000i\000t\000y}{chapter.8}% 91
\BOOKMARK [1][-]{section.8.4}{\376\377\000A\000s\000t\000r\000a\000l\000\040\000S\000y\000m\000b\000o\000l\000i\000s\000m}{chapter.8}% 92
\BOOKMARK [1][-]{section.8.5}{\376\377\000T\000h\000e\000\040\000D\000i\000v\000i\000n\000e\000\040\000J\000o\000u\000r\000n\000e\000y}{chapter.8}% 93
\BOOKMARK [1][-]{section.8.6}{\376\377\000M\000u\000l\000t\000i\000p\000l\000e\000\040\000S\000t\000a\000t\000e\000s\000\040\000o\000f\000\040\000t\000h\000e\000\040\000H\000u\000m\000a\000n\000\040\000B\000e\000i\000n\000g}{chapter.8}% 94
\BOOKMARK [1][-]{section.8.7}{\376\377\000O\000n\000\040\000B\000e\000i\000n\000g\000\040\000a\000\040\000P\000e\000r\000s\000o\000n}{chapter.8}% 95
\BOOKMARK [1][-]{section.8.8}{\376\377\000P\000r\000i\000n\000c\000i\000p\000l\000e\000s\000\040\000o\000f\000\040\000M\000a\000n\000i\000f\000e\000s\000t\000a\000t\000i\000o\000n}{chapter.8}% 96
\BOOKMARK [1][-]{section.8.9}{\376\377\000C\000o\000s\000m\000i\000c\000\040\000E\000n\000v\000i\000r\000o\000n\000m\000e\000n\000t}{chapter.8}% 97
\BOOKMARK [1][-]{section.8.10}{\376\377\000L\000a\000n\000g\000u\000a\000g\000e\000\040\000o\000f\000\040\000t\000h\000e\000\040\000B\000i\000r\000d\000s}{chapter.8}% 98
\BOOKMARK [1][-]{section.8.11}{\376\377\000E\000n\000o\000c\000h\000'\000s\000\040\000E\000l\000e\000v\000a\000t\000i\000o\000n\000\040\000t\000o\000\040\000H\000e\000a\000v\000e\000n}{chapter.8}% 99
\BOOKMARK [1][-]{section.8.12}{\376\377\000L\000i\000v\000i\000n\000g\000\040\000i\000n\000\040\000t\000h\000e\000\040\000R\000e\000a\000l\000\040\000W\000o\000r\000l\000d}{chapter.8}% 100
\BOOKMARK [1][-]{section.8.13}{\376\377\000T\000h\000e\000\040\000I\000n\000f\000e\000r\000i\000o\000r\000\040\000S\000t\000a\000t\000e\000s\000\040\000o\000f\000\040\000t\000h\000e\000\040\000B\000e\000i\000n\000g}{chapter.8}% 101
\BOOKMARK [1][-]{section.8.14}{\376\377\000A\000s\000c\000e\000n\000t\000\040\000t\000o\000\040\000t\000h\000e\000\040\000D\000i\000v\000i\000n\000e}{chapter.8}% 102
\BOOKMARK [1][-]{section.8.15}{\376\377\000T\000h\000e\000\040\000P\000r\000i\000m\000a\000c\000y\000\040\000o\000f\000\040\000W\000i\000l\000l}{chapter.8}% 103
\BOOKMARK [0][-]{chapter.9}{\376\377\000V\000e\000d\000a\000n\000t\000a\000,\000\040\000T\000a\000n\000t\000r\000a\000\040\000a\000n\000d\000\040\000O\000t\000h\000e\000r\000\040\000E\000a\000s\000t\000e\000r\000n\000\040\000M\000e\000t\000a\000p\000h\000y\000s\000i\000c\000s}{}% 104
\BOOKMARK [1][-]{section.9.1}{\376\377\000B\000u\000d\000d\000h\000i\000s\000m\000\040\000a\000n\000d\000\040\000T\000r\000a\000d\000i\000t\000i\000o\000n}{chapter.9}% 105
\BOOKMARK [1][-]{section.9.2}{\376\377\000V\000e\000d\000a\000n\000t\000a\000\040\000a\000n\000d\000\040\000W\000e\000s\000t\000e\000r\000n\000\040\000T\000r\000a\000d\000i\000t\000i\000o\000n}{chapter.9}% 106
\BOOKMARK [1][-]{section.9.3}{\376\377\000M\000e\000n\000\040\000o\000f\000\040\000F\000i\000n\000e\000\040\000D\000i\000s\000p\000o\000s\000i\000t\000i\000o\000n}{chapter.9}% 107
\BOOKMARK [1][-]{section.9.4}{\376\377\000S\000h\000a\000k\000t\000i\000\040\000P\000o\000w\000e\000r\000\040\000a\000s\000\040\000P\000l\000a\000y}{chapter.9}% 108
\BOOKMARK [1][-]{section.9.5}{\376\377\000T\000h\000e\000\040\000K\000n\000o\000w\000l\000e\000d\000g\000e\000\040\000o\000f\000\040\000G\000o\000d}{chapter.9}% 109
\BOOKMARK [1][-]{section.9.6}{\376\377\000T\000h\000e\000\040\000C\000o\000s\000m\000i\000c\000\040\000R\000e\000v\000e\000l\000a\000t\000i\000o\000n}{chapter.9}% 110
\BOOKMARK [1][-]{section.9.7}{\376\377\000D\000o\000e\000s\000\040\000D\000e\000a\000t\000h\000\040\000E\000x\000i\000s\000t}{chapter.9}% 111
\BOOKMARK [1][-]{section.9.8}{\376\377\000S\000u\000b\000r\000a\000t\000i\000o\000n}{chapter.9}% 112
\BOOKMARK [1][-]{section.9.9}{\376\377\000T\000h\000e\000\040\000B\000u\000t\000t\000e\000r\000f\000l\000y\000\040\000L\000o\000v\000e\000r\000s}{chapter.9}% 113
\BOOKMARK [0][-]{chapter.10}{\376\377\000P\000r\000i\000n\000c\000i\000p\000l\000e\000\040\000a\000n\000d\000\040\000A\000c\000t\000i\000o\000n}{}% 114
\BOOKMARK [1][-]{section.10.1}{\376\377\000C\000h\000a\000p\000t\000e\000r\000\040\0001}{chapter.10}% 115
\BOOKMARK [1][-]{section.10.2}{\376\377\000C\000h\000a\000p\000t\000e\000r\000\040\0002}{chapter.10}% 116
\BOOKMARK [1][-]{section.10.3}{\376\377\000C\000h\000a\000p\000t\000e\000r\000\040\0003}{chapter.10}% 117
\BOOKMARK [1][-]{section.10.4}{\376\377\000C\000h\000a\000p\000t\000e\000r\000\040\0004}{chapter.10}% 118
\BOOKMARK [1][-]{section.10.5}{\376\377\000C\000h\000a\000p\000t\000e\000r\000s\000\040\0001\0008\000\040\000a\000n\000d\000\040\0001\0009}{chapter.10}% 119
\BOOKMARK [1][-]{section.10.6}{\376\377\000T\000h\000e\000\040\000K\000i\000n\000g\000d\000o\000m\000s\000\040\000F\000e\000l\000l\000\040\000i\000n\000t\000o\000\040\000D\000i\000s\000o\000r\000d\000e\000r}{chapter.10}% 120
\BOOKMARK [1][-]{section.10.7}{\376\377\000C\000h\000a\000p\000t\000e\000r\000s\000\040\0002\0000\000\040\000a\000n\000d\000\040\0002\0001}{chapter.10}% 121
\BOOKMARK [1][-]{section.10.8}{\376\377\000C\000h\000a\000p\000t\000e\000r\000\040\0002\0002}{chapter.10}% 122
\BOOKMARK [1][-]{section.10.9}{\376\377\000C\000h\000a\000p\000t\000e\000r\000\040\0002\0003}{chapter.10}% 123
\BOOKMARK [1][-]{section.10.10}{\376\377\000C\000h\000a\000p\000t\000e\000r\000\040\0002\0004}{chapter.10}% 124
\BOOKMARK [0][-]{chapter.11}{\376\377\000M\000e\000t\000a\000p\000h\000y\000s\000i\000c\000s\000\040\000o\000f\000\040\000N\000o\000n\000b\000e\000i\000n\000g}{}% 125
\BOOKMARK [1][-]{section.11.1}{\376\377\000N\000a\000t\000u\000r\000e\000\040\000A\000b\000h\000o\000r\000s\000\040\000a\000\040\000V\000a\000c\000u\000u\000m}{chapter.11}% 126
\BOOKMARK [1][-]{section.11.2}{\376\377\000T\000h\000e\000\040\000V\000o\000i\000d\000\040\000a\000n\000d\000\040\000t\000h\000e\000\040\000F\000u\000l\000l\000n\000e\000s\000s\000\040\000a\000r\000e\000\040\000I\000n\000d\000i\000s\000s\000o\000l\000u\000b\000l\000y\000\040\000B\000o\000u\000n\000d}{chapter.11}% 127
\BOOKMARK [1][-]{section.11.3}{\376\377\000T\000h\000e\000\040\000M\000e\000t\000a\000p\000h\000y\000s\000i\000c\000s\000\040\000o\000f\000\040\000N\000o\000n\000b\000e\000i\000n\000g}{chapter.11}% 128
\BOOKMARK [1][-]{section.11.4}{\376\377\000L\000o\000g\000o\000s\000\040\000a\000n\000d\000\040\000C\000h\000a\000o\000s}{chapter.11}% 129
\BOOKMARK [1][-]{section.11.5}{\376\377\000C\000h\000a\000o\000s\000\040\000i\000n\000\040\000M\000a\000t\000h\000e\000m\000a\000t\000i\000c\000s}{chapter.11}% 130
\BOOKMARK [0][-]{chapter.12}{\376\377\000E\000p\000i\000s\000t\000e\000m\000o\000l\000o\000g\000y}{}% 131
\BOOKMARK [1][-]{section.12.1}{\376\377\000K\000n\000o\000w\000l\000e\000d\000g\000e\000\040\000o\000f\000\040\000t\000h\000e\000\040\000H\000e\000a\000r\000t}{chapter.12}% 132
\BOOKMARK [1][-]{section.12.2}{\376\377\000E\000s\000o\000t\000e\000r\000i\000c\000\040\000E\000p\000i\000s\000t\000e\000m\000o\000l\000o\000g\000y}{chapter.12}% 133
\BOOKMARK [1][-]{section.12.3}{\376\377\000T\000h\000e\000\040\000M\000e\000t\000a\000p\000h\000y\000s\000i\000c\000s\000\040\000o\000f\000\040\000K\000n\000o\000w\000i\000n\000g}{chapter.12}% 134
\BOOKMARK [1][-]{section.12.4}{\376\377\000S\000e\000l\000f\000-\000R\000e\000a\000l\000i\000z\000a\000t\000i\000o\000n\000\040\000t\000h\000r\000o\000u\000g\000h\000\040\000K\000n\000o\000w\000l\000e\000d\000g\000e}{chapter.12}% 135
\BOOKMARK [1][-]{section.12.5}{\376\377\000L\000o\000s\000i\000n\000g\000\040\000O\000n\000e\000'\000s\000\040\000H\000e\000a\000d}{chapter.12}% 136
\BOOKMARK [1][-]{section.12.6}{\376\377\000T\000h\000e\000\040\000K\000n\000o\000w\000e\000r\000\040\000a\000n\000d\000\040\000t\000h\000e\000\040\000K\000n\000o\000w\000n}{chapter.12}% 137
\BOOKMARK [1][-]{section.12.7}{\376\377\000K\000n\000o\000w\000l\000e\000d\000g\000e\000\040\000o\000f\000\040\000t\000h\000e\000\040\000F\000u\000t\000u\000r\000e}{chapter.12}% 138
\BOOKMARK [1][-]{section.12.8}{\376\377\000G\000o\000d\000s\000,\000\040\000A\000n\000g\000e\000l\000s\000,\000\040\000a\000n\000d\000\040\000M\000e\000n}{chapter.12}% 139
\BOOKMARK [1][-]{section.12.9}{\376\377\000P\000o\000w\000e\000r\000\040\000a\000s\000\040\000C\000a\000u\000s\000a\000l\000i\000t\000y}{chapter.12}% 140
\BOOKMARK [1][-]{section.12.10}{\376\377\000W\000o\000r\000l\000d\000s\000\040\000A\000p\000a\000r\000t}{chapter.12}% 141
\BOOKMARK [1][-]{section.12.11}{\376\377\000T\000h\000e\000\040\000D\000e\000g\000r\000e\000e\000s\000\040\000o\000f\000\040\000K\000n\000o\000w\000l\000e\000d\000g\000e}{chapter.12}% 142
\BOOKMARK [1][-]{section.12.12}{\376\377\000O\000r\000g\000a\000n\000i\000c\000\040\000a\000n\000d\000\040\000M\000e\000c\000h\000a\000n\000i\000c\000a\000l\000\040\000T\000h\000i\000n\000k\000i\000n\000g}{chapter.12}% 143
\BOOKMARK [1][-]{section.12.13}{\376\377\000P\000a\000r\000t\000i\000c\000i\000p\000a\000t\000i\000o\000n\000\040\000i\000n\000\040\000t\000h\000e\000\040\000W\000o\000r\000l\000d\000\040\000P\000r\000o\000c\000e\000s\000s}{chapter.12}% 144
\BOOKMARK [1][-]{section.12.14}{\376\377\000K\000n\000o\000w\000l\000e\000d\000g\000e\000\040\000o\000f\000\040\000t\000h\000e\000\040\000F\000u\000t\000u\000r\000e}{chapter.12}% 145
\BOOKMARK [1][-]{section.12.15}{\376\377\000C\000r\000e\000a\000t\000i\000v\000i\000t\000y\000,\000\040\000N\000o\000n\000d\000u\000a\000l\000i\000t\000y\000,\000\040\000I\000n\000s\000p\000i\000r\000a\000t\000i\000o\000n}{chapter.12}% 146
\BOOKMARK [1][-]{section.12.16}{\376\377\000T\000h\000e\000\040\000I\000n\000t\000e\000l\000l\000e\000c\000t\000\040\000a\000n\000d\000\040\000t\000h\000e\000\040\000M\000i\000r\000r\000o\000r}{chapter.12}% 147
\BOOKMARK [0][-]{chapter.13}{\376\377\000P\000e\000r\000s\000p\000e\000c\000t\000i\000v\000e\000s\000\040\000o\000n\000\040\000T\000r\000a\000d\000i\000t\000i\000o\000n}{}% 148
\BOOKMARK [1][-]{section.13.1}{\376\377\000T\000h\000e\000\040\000A\000p\000p\000e\000a\000l\000\040\000o\000f\000\040\000T\000r\000a\000d\000i\000t\000i\000o\000n}{chapter.13}% 149
\BOOKMARK [1][-]{section.13.2}{\376\377\000R\000e\000s\000t\000a\000t\000e\000m\000e\000n\000t\000\040\000o\000f\000\040\000P\000u\000r\000p\000o\000s\000e}{chapter.13}% 150
\BOOKMARK [1][-]{section.13.3}{\376\377\000T\000h\000e\000\040\000T\000r\000a\000d\000i\000t\000i\000o\000n\000a\000l\000\040\000A\000p\000p\000r\000o\000a\000c\000h}{chapter.13}% 151
\BOOKMARK [1][-]{section.13.4}{\376\377\000T\000h\000e\000\040\000T\000r\000a\000d\000i\000t\000i\000o\000n\000a\000l\000\040\000M\000e\000t\000h\000o\000d}{chapter.13}% 152
\BOOKMARK [1][-]{section.13.5}{\376\377\000S\000i\000g\000n\000\040\000o\000f\000\040\000t\000h\000e\000\040\000T\000i\000m\000e\000s}{chapter.13}% 153
\BOOKMARK [1][-]{section.13.6}{\376\377\000P\000r\000o\000l\000e\000g\000o\000m\000e\000n\000a\000\040\000t\000o\000\040\000a\000n\000y\000\040\000F\000u\000t\000u\000r\000e\000\040\000T\000r\000a\000d\000i\000t\000i\000o\000n}{chapter.13}% 154
\BOOKMARK [1][-]{section.13.7}{\376\377\000O\000n\000\040\000L\000a\000c\000k\000i\000n\000g\000\040\000C\000r\000e\000d\000e\000n\000t\000i\000a\000l\000s}{chapter.13}% 155
\BOOKMARK [1][-]{section.13.8}{\376\377\000T\000r\000a\000d\000i\000t\000i\000o\000n\000\040\000a\000n\000d\000\040\000T\000r\000a\000d\000i\000t\000i\000o\000n\000a\000l\000i\000s\000m}{chapter.13}% 156
\BOOKMARK [1][-]{section.13.9}{\376\377\000T\000h\000r\000e\000e\000\040\000A\000m\000i\000g\000o\000s}{chapter.13}% 157
\BOOKMARK [1][-]{section.13.10}{\376\377\000T\000h\000e\000\040\000G\000r\000e\000a\000t\000\040\000D\000i\000v\000i\000d\000e\000\040\000a\000n\000d\000\040\000o\000u\000r\000\040\000O\000w\000n\000m\000o\000s\000t}{chapter.13}% 158
\BOOKMARK [1][-]{section.13.11}{\376\377\000F\000o\000r\000g\000o\000t\000t\000e\000n\000\040\000T\000r\000a\000d\000i\000t\000i\000o\000n}{chapter.13}% 159
\BOOKMARK [1][-]{section.13.12}{\376\377\000C\000r\000e\000a\000t\000i\000v\000e\000\040\000a\000n\000d\000\040\000H\000e\000r\000o\000i\000c\000\040\000A\000c\000t\000i\000o\000n}{chapter.13}% 160
\BOOKMARK [1][-]{section.13.13}{\376\377\000A\000c\000t\000i\000o\000n\000\040\000a\000n\000d\000\040\000C\000o\000n\000t\000e\000m\000p\000l\000a\000t\000i\000o\000n}{chapter.13}% 161
\BOOKMARK [1][-]{section.13.14}{\376\377\000F\000r\000o\000m\000\040\000C\000r\000i\000s\000i\000s\000\040\000t\000o\000\040\000R\000e\000v\000o\000l\000t}{chapter.13}% 162
\BOOKMARK [1][-]{section.13.15}{\376\377\000E\000l\000i\000a\000d\000e\000\040\000o\000n\000\040\000E\000v\000o\000l\000a\040\031\000s\000\040\000R\000e\000v\000o\000l\000t}{chapter.13}% 163
\BOOKMARK [1][-]{section.13.16}{\376\377\000G\000u\000e\000n\000o\000n\000\040\000o\000n\000\040\000t\000h\000e\000\040\000Y\000o\000u\000n\000g\000\040\000E\000v\000o\000l\000a}{chapter.13}% 164
\BOOKMARK [1][-]{section.13.17}{\376\377\000G\000u\000e\000n\000o\000n\000\040\000a\000n\000d\000\040\000I\000s\000l\000a\000m}{chapter.13}% 165
\BOOKMARK [1][-]{section.13.18}{\376\377\000T\000h\000e\000\040\000C\000a\000s\000e\000\040\000f\000o\000r\000\040\000E\000v\000o\000l\000a}{chapter.13}% 166
\BOOKMARK [1][-]{section.13.19}{\376\377\000T\000h\000o\000u\000g\000h\000t\000,\000\040\000A\000c\000t\000i\000o\000n\000,\000\040\000a\000n\000d\000\040\000t\000h\000e\000\040\000E\000l\000i\000t\000e}{chapter.13}% 167
\BOOKMARK [1][-]{section.13.20}{\376\377\000C\000o\000n\000f\000r\000o\000n\000t\000i\000n\000g\000\040\000W\000o\000r\000l\000d\000\040\000T\000r\000a\000d\000i\000t\000i\000o\000n\000s}{chapter.13}% 168
\BOOKMARK [1][-]{section.13.21}{\376\377\000T\000h\000e\000\040\000O\000p\000p\000o\000s\000i\000t\000e\000\040\000o\000f\000\040\000I\000d\000e\000n\000t\000i\000t\000y}{chapter.13}% 169
\BOOKMARK [1][-]{section.13.22}{\376\377\000T\000h\000e\000\040\000S\000e\000e\000d\000\040\000o\000f\000\040\000t\000h\000e\000\040\000F\000u\000t\000u\000r\000e\000\040\000W\000o\000r\000l\000d}{chapter.13}% 170
\BOOKMARK [1][-]{section.13.23}{\376\377\000T\000r\000a\000d\000i\000t\000i\000o\000n\000\040\000a\000n\000d\000\040\000B\000e\000i\000n\000g}{chapter.13}% 171
\BOOKMARK [1][-]{section.13.24}{\376\377\000I\000n\000s\000t\000i\000t\000u\000t\000i\000o\000n\000s\000,\000\040\000I\000n\000t\000e\000l\000l\000e\000c\000t\000u\000a\000l\000s\000,\000\040\000M\000y\000s\000t\000i\000c\000s}{chapter.13}% 172
\BOOKMARK [1][-]{section.13.25}{\376\377\000D\000e\000f\000e\000n\000d\000i\000n\000g\000\040\000t\000h\000e\000\040\000D\000e\000f\000e\000n\000s\000i\000b\000l\000e}{chapter.13}% 173
\BOOKMARK [1][-]{section.13.26}{\376\377\000T\000h\000e\000\040\000C\000r\000o\000w\000n\000\040\000o\000f\000\040\000C\000r\000e\000a\000t\000i\000o\000n}{chapter.13}% 174
\BOOKMARK [1][-]{section.13.27}{\376\377\000E\000v\000e\000r\000y\000o\000n\000e\000\040\000E\000l\000s\000e\000\040\000K\000n\000o\000w\000s\000\040\000B\000e\000t\000t\000e\000r}{chapter.13}% 175
\BOOKMARK [1][-]{section.13.28}{\376\377\000T\000h\000e\000\040\000C\000o\000n\000v\000e\000r\000s\000i\000o\000n\000\040\000o\000f\000\040\000R\000e\000n\000e\000\040\000G\000u\000e\000n\000o\000n}{chapter.13}% 176
\BOOKMARK [1][-]{section.13.29}{\376\377\000G\000u\000e\000n\000o\000n\000\040\000a\000n\000d\000\040\000I\000s\000l\000a\000m}{chapter.13}% 177
\BOOKMARK [1][-]{section.13.30}{\376\377\000T\000h\000e\000\040\000E\000x\000o\000t\000e\000r\000i\000c\000\040\000P\000a\000t\000h}{chapter.13}% 178
\BOOKMARK [1][-]{section.13.31}{\376\377\000S\000e\000n\000s\000e\000\040\000a\000n\000d\000\040\000N\000o\000n\000s\000e\000n\000s\000e}{chapter.13}% 179
\BOOKMARK [0][-]{chapter.14}{\376\377\000A\000c\000t\000i\000o\000n\000\040\000a\000n\000d\000\040\000A\000c\000t\000i\000v\000e\000\040\000M\000e\000t\000a\000p\000h\000y\000s\000i\000c\000s}{}% 180
\BOOKMARK [1][-]{section.14.1}{\376\377\000P\000o\000s\000s\000e\000s\000s\000i\000n\000g\000\040\000t\000h\000e\000\040\000T\000r\000u\000t\000h\000\040\000A\000c\000t\000i\000v\000e\000l\000y}{chapter.14}% 181
\BOOKMARK [1][-]{section.14.2}{\376\377\000P\000r\000i\000m\000e\000r\000\040\000o\000n\000\040\000T\000r\000a\000d\000i\000t\000i\000o\000n\000\040\000a\000n\000d\000\040\000i\000t\000s\000\040\000F\000u\000t\000u\000r\000e}{chapter.14}% 182
\BOOKMARK [0][-]{chapter.15}{\376\377\000N\000o\000t\000e\000s\000\040\000o\000n\000\040\000M\000e\000t\000a\000p\000h\000y\000s\000i\000c\000s}{}% 183
\BOOKMARK [1][-]{section.15.1}{\376\377\000L\000o\000g\000i\000c\000a\000l\000\040\000A\000n\000a\000l\000y\000s\000i\000s\000\040\000S\000q\000u\000a\000r\000e\000d}{chapter.15}% 184
\BOOKMARK [1][-]{section.15.2}{\376\377\000I\000n\000t\000u\000i\000t\000i\000o\000n}{chapter.15}% 185
\BOOKMARK [1][-]{section.15.3}{\376\377\000Q\000u\000a\000l\000i\000t\000y}{chapter.15}% 186
\BOOKMARK [1][-]{section.15.4}{\376\377\000T\000h\000e\000\040\000H\000u\000m\000a\000n\000\040\000B\000e\000i\000n\000g}{chapter.15}% 187
\BOOKMARK [1][-]{section.15.5}{\376\377\000L\000i\000f\000e\000\040\000o\000f\000\040\000t\000h\000e\000\040\000S\000p\000i\000r\000i\000t}{chapter.15}% 188
\BOOKMARK [1][-]{section.15.6}{\376\377\000N\000o\000n\000d\000u\000a\000l\000i\000t\000y}{chapter.15}% 189
\BOOKMARK [1][-]{section.15.7}{\376\377\000I\000l\000l\000u\000s\000i\000o\000n\000\040\000a\000n\000d\000\040\000S\000p\000i\000r\000i\000t\000u\000a\000l\000\040\000W\000a\000r\000f\000a\000r\000e}{chapter.15}% 190
\BOOKMARK [1][-]{section.15.8}{\376\377\000O\000r\000i\000e\000n\000t\000a\000l\000\040\000M\000e\000t\000a\000p\000h\000y\000s\000i\000c\000s}{chapter.15}% 191
\BOOKMARK [1][-]{section.15.9}{\376\377\000N\000o\000t\000e\000s\000\040\000t\000o\000\040\000O\000r\000i\000e\000n\000t\000a\000l\000\040\000M\000e\000t\000a\000p\000h\000y\000s\000i\000c\000s}{chapter.15}% 192
\BOOKMARK [1][-]{section.15.10}{\376\377\000T\000h\000e\000\040\000I\000n\000t\000e\000l\000l\000e\000c\000t\000u\000a\000l\000\040\000L\000o\000v\000e\000\040\000o\000f\000\040\000G\000o\000d}{chapter.15}% 193
\BOOKMARK [1][-]{section.15.11}{\376\377\000S\000p\000a\000c\000e\000\040\000A\000l\000i\000e\000n\000s\000,\000\040\000P\000i\000g\000s\000,\000\040\000R\000o\000o\000s\000t\000e\000r\000s\000,\000\040\000a\000n\000d\000\040\000S\000n\000a\000k\000e\000s}{chapter.15}% 194
\BOOKMARK [1][-]{section.15.12}{\376\377\000I\000n\000f\000i\000d\000e\000l\000s\000\040\000a\000n\000d\000\040\000t\000h\000e\000\040\000F\000a\000i\000t\000h\000f\000u\000l}{chapter.15}% 195
\BOOKMARK [1][-]{section.15.13}{\376\377\000D\000e\000f\000e\000c\000t\000s\000\040\000a\000n\000d\000\040\000A\000c\000c\000i\000d\000e\000n\000t\000s}{chapter.15}% 196
\BOOKMARK [1][-]{section.15.14}{\376\377\000A\000s\000l\000e\000e\000p\000\040\000t\000o\000\040\000t\000h\000e\000\040\000R\000e\000a\000l\000\040\000W\000o\000r\000l\000d}{chapter.15}% 197
