\BOOKMARK [-1][-]{part.1}{\376\377\000I\000\040\000O\000u\000r\000\040\000F\000a\000t\000h\000e\000r\000\040\000C\000o\000u\000r\000s\000e}{}% 1
\BOOKMARK [0][-]{chapter.1}{\376\377\000G\000u\000i\000d\000e\000\040\000t\000o\000\040\000M\000e\000d\000i\000t\000a\000t\000i\000v\000e\000\040\000R\000e\000a\000d\000i\000n\000g}{part.1}% 2
\BOOKMARK [0][-]{chapter.2}{\376\377\000D\000a\000i\000l\000y\000\040\000S\000p\000i\000r\000i\000t\000u\000a\000l\000\040\000E\000x\000e\000r\000c\000i\000s\000e\000s}{part.1}% 3
\BOOKMARK [0][-]{chapter.3}{\376\377\000W\000e\000e\000k\000\040\0001\000:\000\040\000F\000i\000r\000s\000t\000\040\000r\000e\000a\000d\000i\000n\000g}{part.1}% 4
\BOOKMARK [1][-]{section.3.1}{\376\377\000D\000a\000y\000\040\0001\000:\000\040\000O\000u\000r\000\040\000F\000a\000t\000h\000e\000r\000\040\000w\000h\000o\000\040\000a\000r\000t\000\040\000i\000n\000\040\000H\000e\000a\000v\000e\000n}{chapter.3}% 5
\BOOKMARK [1][-]{section.3.2}{\376\377\000D\000a\000y\000\040\0002\000:\000\040\000H\000a\000l\000l\000o\000w\000e\000d\000\040\000b\000e\000\040\000t\000h\000y\000\040\000n\000a\000m\000e}{chapter.3}% 6
\BOOKMARK [1][-]{section.3.3}{\376\377\000D\000a\000y\000\040\0003\000:\000\040\000T\000h\000y\000\040\000K\000i\000n\000g\000d\000o\000m\000\040\000C\000o\000m\000e}{chapter.3}% 7
\BOOKMARK [1][-]{section.3.4}{\376\377\000D\000a\000y\000\040\0004\000:\000\040\000T\000h\000y\000\040\000w\000i\000l\000l\000\040\000b\000e\000\040\000d\000o\000n\000e\000\040\000o\000n\000\040\000e\000a\000r\000t\000h\000\040\000a\000s\000\040\000i\000t\000\040\000i\000s\000\040\000i\000n\000\040\000H\000e\000a\000v\000e\000n}{chapter.3}% 8
\BOOKMARK [1][-]{section.3.5}{\376\377\000D\000a\000y\000\040\0005\000:\000\040\000G\000i\000v\000e\000\040\000u\000s\000\040\000t\000h\000i\000s\000\040\000d\000a\000y\000\040\000o\000u\000r\000\040\000d\000a\000i\000l\000y\000\040\000b\000r\000e\000a\000d}{chapter.3}% 9
\BOOKMARK [2][-]{subsection.3.5.1}{\376\377\000I\000m\000a\000g\000i\000n\000a\000t\000i\000o\000n}{section.3.5}% 10
\BOOKMARK [2][-]{subsection.3.5.2}{\376\377\000I\000n\000s\000p\000i\000r\000a\000t\000i\000o\000n}{section.3.5}% 11
\BOOKMARK [2][-]{subsection.3.5.3}{\376\377\000T\000h\000e\000\040\0003\000r\000d\000\040\000T\000e\000m\000p\000t\000a\000t\000i\000o\000n\000\040\000o\000f\000\040\000J\000e\000s\000u\000s\000:\000\040\000T\000u\000r\000n\000i\000n\000g\000\040\000s\000t\000o\000n\000e\000s\000\040\000i\000n\000t\000o\000\040\000b\000r\000e\000a\000d}{section.3.5}% 12
\BOOKMARK [1][-]{section.3.6}{\376\377\000D\000a\000y\000\040\0006\000:\000\040\000F\000o\000r\000g\000i\000v\000e\000\040\000u\000s\000\040\000o\000u\000r\000\040\000t\000r\000e\000s\000p\000a\000s\000s\000e\000s\000\040\000a\000s\000\040\000w\000e\000\040\000f\000o\000r\000g\000i\000v\000e\000\040\000t\000h\000o\000s\000e\000\040\000w\000h\000o\000\040\000t\000r\000e\000s\000p\000a\000s\000s\000\040\000a\000g\000a\000i\000n\000s\000t\000\040\000u\000s}{chapter.3}% 13
\BOOKMARK [2][-]{subsection.3.6.1}{\376\377\000T\000h\000e\000\040\0002\000n\000d\000\040\000T\000e\000m\000p\000t\000a\000t\000i\000o\000n\000\040\000o\000f\000\040\000J\000e\000s\000u\000s\000:\000\040\000C\000a\000s\000t\000i\000n\000g\000\040\000d\000o\000w\000n\000\040\000f\000r\000o\000m\000\040\000t\000h\000e\000\040\000p\000i\000n\000n\000a\000c\000l\000e\000\040\000o\000f\000\040\000t\000h\000e\000\040\000t\000e\000m\000p\000l\000e}{section.3.6}% 14
\BOOKMARK [1][-]{section.3.7}{\376\377\000D\000a\000y\000\040\0007\000:\000\040\000A\000n\000d\000\040\000l\000e\000a\000d\000\040\000u\000s\000\040\000n\000o\000t\000\040\000i\000n\000t\000o\000\040\000t\000e\000m\000p\000t\000a\000t\000i\000o\000n}{chapter.3}% 15
\BOOKMARK [2][-]{subsection.3.7.1}{\376\377\000T\000h\000e\000\040\0001\000s\000t\000\040\000T\000e\000m\000p\000t\000a\000t\000i\000o\000n\000\040\000o\000f\000\040\000J\000e\000s\000u\000s\000:\000\040\000A\000l\000l\000\040\000t\000h\000e\000\040\000k\000i\000n\000g\000d\000o\000m\000s\000\040\000o\000f\000\040\000t\000h\000e\000\040\000w\000o\000r\000l\000d}{section.3.7}% 16
\BOOKMARK [1][-]{section.3.8}{\376\377\000D\000a\000y\000\040\0008\000:\000\040\000B\000u\000t\000\040\000d\000e\000l\000i\000v\000e\000r\000\040\000u\000s\000\040\000f\000r\000o\000m\000\040\000E\000v\000i\000l}{chapter.3}% 17
\BOOKMARK [2][-]{subsection.3.8.1}{\376\377\000R\000e\000v\000e\000l\000a\000t\000i\000o\000n\000\040\0001\0002\000:}{section.3.8}% 18
\BOOKMARK [2][-]{subsection.3.8.2}{\376\377\000R\000e\000v\000e\000l\000a\000t\000i\000o\000n\000\040\0001\0003\000:}{section.3.8}% 19
\BOOKMARK [0][-]{chapter.4}{\376\377\000W\000e\000e\000k\000\040\0002\000:\000\040\000O\000u\000r\000\040\000F\000a\000t\000h\000e\000r\000\040\000w\000h\000o\000\040\000a\000r\000t\000\040\000i\000n\000\040\000H\000e\000a\000v\000e\000n}{part.1}% 20
\BOOKMARK [1][-]{section.4.1}{\376\377\000D\000a\000y\000\040\0001\000:\000\040\000F\000i\000r\000s\000t\000\040\000c\000u\000r\000s\000e\000\040\000o\000f\000\040\000t\000h\000e\000\040\000F\000a\000t\000h\000e\000r}{chapter.4}% 21
\BOOKMARK [1][-]{section.4.2}{\376\377\000D\000a\000y\000\040\0002\000:\000\040\000S\000e\000c\000o\000n\000d\000\040\000c\000u\000r\000s\000e\000\040\000o\000f\000\040\000t\000h\000e\000\040\000F\000a\000t\000h\000e\000r}{chapter.4}% 22
\BOOKMARK [1][-]{section.4.3}{\376\377\000D\000a\000y\000\040\0003\000:\000\040\000T\000h\000i\000r\000d\000\040\000c\000u\000r\000s\000e\000\040\000o\000f\000\040\000t\000h\000e\000\040\000F\000a\000t\000h\000e\000r}{chapter.4}% 23
\BOOKMARK [1][-]{section.4.4}{\376\377\000D\000a\000y\000\040\0004\000:\000\040\000T\000h\000e\000\040\000s\000p\000i\000r\000i\000t\000u\000a\000l\000i\000z\000a\000t\000i\000o\000n\000\040\000o\000f\000\040\000t\000o\000i\000l}{chapter.4}% 24
\BOOKMARK [1][-]{section.4.5}{\376\377\000D\000a\000y\000\040\0005\000:\000\040\000T\000h\000e\000\040\000t\000r\000a\000n\000s\000f\000i\000g\000u\000r\000a\000t\000i\000o\000n\000\040\000o\000f\000\040\000s\000u\000f\000f\000e\000r\000i\000n\000g}{chapter.4}% 25
\BOOKMARK [1][-]{section.4.6}{\376\377\000D\000a\000y\000\040\0006\000:\000\040\000T\000h\000e\000\040\000t\000r\000a\000n\000s\000f\000o\000r\000m\000a\000t\000i\000o\000n\000\040\000o\000f\000\040\000d\000e\000a\000t\000h}{chapter.4}% 26
\BOOKMARK [1][-]{section.4.7}{\376\377\000D\000a\000y\000\040\0007\000:\000\040\000M\000e\000d\000i\000t\000a\000t\000i\000o\000n\000\040\000o\000n\000\040\000t\000h\000e\000\040\000T\000r\000i\000n\000i\000t\000y}{chapter.4}% 27
\BOOKMARK [0][-]{chapter.5}{\376\377\000W\000e\000e\000k\000\040\0003\000:\000\040\000H\000a\000l\000l\000o\000w\000e\000d\000\040\000b\000e\000\040\000t\000h\000y\000\040\000n\000a\000m\000e}{part.1}% 28
\BOOKMARK [1][-]{section.5.1}{\376\377\000D\000a\000y\000\040\0001\000:\000\040\000F\000i\000r\000s\000t\000\040\000B\000e\000a\000t\000i\000t\000u\000d\000e\000:\000\040\000e\000m\000p\000t\000y\000i\000n\000g\000\040\000t\000h\000e\000\040\000h\000e\000a\000d}{chapter.5}% 29
\BOOKMARK [1][-]{section.5.2}{\376\377\000D\000a\000y\000\040\0002\000:\000\040\000S\000e\000c\000o\000n\000d\000\040\000B\000e\000a\000t\000i\000t\000u\000d\000e\000:\000\040\000c\000o\000u\000r\000a\000g\000e\000\040\000o\000f\000\040\000t\000h\000e\000\040\000h\000e\000a\000r\000t}{chapter.5}% 30
\BOOKMARK [1][-]{section.5.3}{\376\377\000D\000a\000y\000\040\0003\000:\000\040\000T\000h\000i\000r\000d\000\040\000B\000e\000a\000t\000i\000t\000u\000d\000e\000:\000\040\000c\000o\000n\000t\000r\000o\000l\000\040\000o\000f\000\040\000t\000h\000e\000\040\000w\000i\000l\000l\000,\000\040\000m\000i\000n\000d\000f\000u\000l\000n\000e\000s\000s}{chapter.5}% 31
\BOOKMARK [1][-]{section.5.4}{\376\377\000D\000a\000y\000\040\0004\000:\000\040\000F\000o\000u\000r\000t\000h\000\040\000B\000e\000a\000t\000i\000t\000u\000d\000e\000:\000\040\000C\000h\000r\000i\000s\000t\000\040\000i\000m\000p\000u\000l\000s\000e\000\040\000i\000n\000\040\000t\000h\000e\000\040\000S\000e\000n\000t\000i\000e\000n\000t\000\040\000S\000o\000u\000l}{chapter.5}% 32
\BOOKMARK [1][-]{section.5.5}{\376\377\000D\000a\000y\000\040\0005\000:\000\040\000F\000i\000f\000t\000h\000\040\000B\000e\000a\000t\000i\000t\000u\000d\000e\000:\000\040\000C\000h\000r\000i\000s\000t\000\040\000i\000m\000p\000u\000l\000s\000e\000\040\000i\000n\000\040\000t\000h\000e\000\040\000I\000n\000t\000e\000l\000l\000e\000c\000t\000u\000a\000l\000\040\000S\000o\000u\000l}{chapter.5}% 33
\BOOKMARK [1][-]{section.5.6}{\376\377\000D\000a\000y\000\040\0006\000:\000\040\000S\000i\000x\000t\000h\000\040\000B\000e\000a\000t\000i\000t\000u\000d\000e\000:\000\040\000C\000h\000r\000i\000s\000t\000\040\000i\000m\000p\000u\000l\000s\000e\000\040\000i\000n\000\040\000C\000o\000n\000s\000c\000i\000o\000u\000s\000n\000e\000s\000s}{chapter.5}% 34
\BOOKMARK [1][-]{section.5.7}{\376\377\000D\000a\000y\000\040\0007\000:\000\040\000S\000e\000v\000e\000n\000t\000h\000\040\000B\000e\000a\000t\000i\000t\000u\000d\000e\000:\000\040\000C\000h\000r\000i\000s\000t\000\040\000i\000m\000p\000u\000l\000s\000e\000\040\000i\000n\000\040\000t\000h\000e\000\040\000S\000e\000l\000f}{chapter.5}% 35
\BOOKMARK [0][-]{chapter.6}{\376\377\000W\000e\000e\000k\000\040\0004\000:\000\040\000H\000a\000l\000l\000o\000w\000e\000d\000\040\000b\000e\000\040\000t\000h\000y\000\040\000n\000a\000m\000e\000\040\000\050\000I\000I\000\051}{part.1}% 36
\BOOKMARK [1][-]{section.6.1}{\376\377\000D\000a\000y\000\040\0001\000:\000\040\000E\000i\000g\000h\000t\000h\000\040\000B\000e\000a\000t\000i\000t\000u\000d\000e\000:\000\040\000C\000h\000r\000i\000s\000t\000\040\000i\000m\000p\000u\000l\000s\000e\000\040\000i\000n\000\040\000t\000h\000e\000\040\000M\000a\000n\000a\000s}{chapter.6}% 37
\BOOKMARK [1][-]{section.6.2}{\376\377\000D\000a\000y\000\040\0002\000:\000\040\000N\000i\000n\000t\000h\000\040\000B\000e\000a\000t\000i\000t\000u\000d\000e\000:\000\040\000C\000h\000r\000i\000s\000t\000\040\000i\000m\000p\000u\000l\000s\000e\000\040\000i\000n\000\040\000t\000h\000e\000\040\000B\000u\000d\000d\000h\000i}{chapter.6}% 38
\BOOKMARK [1][-]{section.6.3}{\376\377\000D\000a\000y\000\040\0003\000:\000\040\000A\000u\000t\000h\000e\000n\000t\000i\000c\000\040\000e\000x\000p\000e\000r\000i\000e\000n\000c\000e\000\040\000o\000f\000\040\000t\000h\000e\000\040\000s\000p\000i\000r\000i\000t\000u\000a\000l\000\040\000w\000o\000r\000l\000d}{chapter.6}% 39
\BOOKMARK [1][-]{section.6.4}{\376\377\000D\000a\000y\000\040\0004\000:\000\040\000T\000h\000e\000\040\000p\000r\000o\000c\000l\000a\000m\000a\000t\000i\000o\000n\000\040\000o\000f\000\040\000t\000h\000e\000\040\000k\000i\000n\000g\000d\000o\000m}{chapter.6}% 40
\BOOKMARK [1][-]{section.6.5}{\376\377\000D\000a\000y\000\040\0005\000:\000\040\000T\000h\000e\000\040\000B\000e\000a\000t\000i\000t\000u\000d\000e\000s\000\040\000a\000s\000\040\000t\000h\000e\000\040\000S\000e\000e\000d\000\040\000o\000f\000\040\000t\000h\000e\000\040\000F\000u\000t\000u\000r\000e\000\040\000o\000f\000\040\000H\000u\000m\000a\000n\000i\000t\000y}{chapter.6}% 41
\BOOKMARK [1][-]{section.6.6}{\376\377\000D\000a\000y\000\040\0006\000:\000\040\000K\000n\000i\000g\000h\000t\000s\000\040\000o\000f\000\040\000t\000h\000e\000\040\000G\000r\000a\000i\000l}{chapter.6}% 42
\BOOKMARK [1][-]{section.6.7}{\376\377\000D\000a\000y\000\040\0007\000:\000\040\000G\000u\000i\000l\000t\000,\000\040\000N\000e\000e\000d\000,\000\040\000C\000a\000r\000e\000,\000\040\000D\000e\000a\000t\000h}{chapter.6}% 43
\BOOKMARK [0][-]{chapter.7}{\376\377\000W\000e\000e\000k\000\040\0005\000:\000\040\000T\000h\000y\000\040\000K\000i\000n\000g\000d\000o\000m\000\040\000C\000o\000m\000e}{part.1}% 44
\BOOKMARK [1][-]{section.7.1}{\376\377\000D\000a\000y\000\040\0001\000:\000\040\000F\000i\000r\000s\000t\000\040\000s\000t\000a\000g\000e\000\040\000o\000f\000\040\000t\000h\000e\000\040\000p\000a\000s\000s\000i\000o\000n\000:\000\040\000W\000a\000s\000h\000i\000n\000g\000\040\000o\000f\000\040\000t\000h\000e\000\040\000f\000e\000e\000t}{chapter.7}% 45
\BOOKMARK [1][-]{section.7.2}{\376\377\000D\000a\000y\000\040\0002\000:\000\040\000S\000e\000c\000o\000n\000d\000\040\000s\000t\000a\000g\000e\000\040\000o\000f\000\040\000t\000h\000e\000\040\000p\000a\000s\000s\000i\000o\000n\000:\000\040\000T\000h\000e\000\040\000s\000c\000o\000u\000r\000g\000i\000n\000g}{chapter.7}% 46
\BOOKMARK [1][-]{section.7.3}{\376\377\000D\000a\000y\000\040\0003\000:\000\040\000T\000h\000i\000r\000d\000\040\000s\000t\000a\000g\000e\000\040\000o\000f\000\040\000t\000h\000e\000\040\000p\000a\000s\000s\000i\000o\000n\000:\000\040\000T\000h\000e\000\040\000c\000r\000o\000w\000n\000i\000n\000g\000\040\000w\000i\000t\000h\000\040\000t\000h\000o\000r\000n\000s}{chapter.7}% 47
\BOOKMARK [1][-]{section.7.4}{\376\377\000D\000a\000y\000\040\0004\000:\000\040\000F\000o\000u\000r\000t\000h\000\040\000s\000t\000a\000g\000e\000\040\000o\000f\000\040\000t\000h\000e\000\040\000p\000a\000s\000s\000i\000o\000n\000:\000\040\000C\000a\000r\000r\000y\000i\000n\000g\000\040\000t\000h\000e\000\040\000c\000r\000o\000s\000s}{chapter.7}% 48
\BOOKMARK [1][-]{section.7.5}{\376\377\000D\000a\000y\000\040\0005\000:\000\040\000F\000i\000f\000t\000h\000\040\000s\000t\000a\000g\000e\000\040\000o\000f\000\040\000t\000h\000e\000\040\000p\000a\000s\000s\000i\000o\000n\000:\000\040\000T\000h\000e\000\040\000c\000r\000u\000c\000i\000f\000i\000x\000i\000o\000n}{chapter.7}% 49
\BOOKMARK [1][-]{section.7.6}{\376\377\000D\000a\000y\000\040\0006\000:\000\040\000S\000i\000x\000t\000h\000\040\000s\000t\000a\000g\000e\000\040\000o\000f\000\040\000t\000h\000e\000\040\000p\000a\000s\000s\000i\000o\000n\000:\000\040\000E\000n\000t\000o\000m\000b\000m\000e\000n\000t}{chapter.7}% 50
\BOOKMARK [1][-]{section.7.7}{\376\377\000D\000a\000y\000\040\0007\000:\000\040\000S\000e\000v\000e\000n\000t\000h\000\040\000s\000t\000a\000g\000e\000\040\000o\000f\000\040\000t\000h\000e\000\040\000p\000a\000s\000s\000i\000o\000n\000:\000\040\000T\000h\000e\000\040\000r\000e\000s\000u\000r\000r\000e\000c\000t\000i\000o\000n}{chapter.7}% 51
\BOOKMARK [0][-]{chapter.8}{\376\377\000W\000e\000e\000k\000\040\0006\000:\000\040\000T\000h\000y\000\040\000W\000i\000l\000l\000\040\000b\000e\000\040\000d\000o\000n\000e}{part.1}% 52
\BOOKMARK [1][-]{section.8.1}{\376\377\000D\000a\000y\000\040\0001\000:\000\040\000F\000i\000r\000s\000t\000\040\000b\000l\000e\000s\000s\000i\000n\000g\000\040\000o\000f\000\040\000G\000o\000d}{chapter.8}% 53
\BOOKMARK [1][-]{section.8.2}{\376\377\000D\000a\000y\000\040\0002\000:\000\040\000S\000e\000c\000o\000n\000d\000\040\000b\000l\000e\000s\000s\000i\000n\000g\000\040\000o\000f\000\040\000G\000o\000d}{chapter.8}% 54
\BOOKMARK [1][-]{section.8.3}{\376\377\000D\000a\000y\000\040\0003\000:\000\040\000T\000h\000i\000r\000d\000\040\000b\000l\000e\000s\000s\000i\000n\000g\000\040\000o\000f\000\040\000G\000o\000d}{chapter.8}% 55
\BOOKMARK [1][-]{section.8.4}{\376\377\000D\000a\000y\000\040\0004\000:\000\040\000F\000o\000u\000r\000t\000h\000\040\000b\000l\000e\000s\000s\000i\000n\000g\000\040\000o\000f\000\040\000G\000o\000d}{chapter.8}% 56
\BOOKMARK [0][-]{chapter.9}{\376\377\000W\000e\000e\000k\000\040\0007\000:\000\040\000T\000h\000y\000\040\000W\000i\000l\000l\000\040\000b\000e\000\040\000d\000o\000n\000e\000\040\000\050\000I\000I\000\051}{part.1}% 57
\BOOKMARK [1][-]{section.9.1}{\376\377\000D\000a\000y\000\040\0001\000:\000\040\000M\000e\000s\000s\000a\000g\000e\000\040\000t\000o\000\040\000E\000p\000h\000e\000s\000u\000s}{chapter.9}% 58
\BOOKMARK [1][-]{section.9.2}{\376\377\000D\000a\000y\000\040\0002\000:\000\040\000M\000e\000s\000s\000a\000g\000e\000\040\000t\000o\000\040\000S\000m\000y\000r\000n\000a}{chapter.9}% 59
\BOOKMARK [1][-]{section.9.3}{\376\377\000D\000a\000y\000\040\0003\000:\000\040\000M\000e\000s\000s\000a\000g\000e\000\040\000t\000o\000\040\000P\000e\000r\000g\000a\000m\000o\000s}{chapter.9}% 60
\BOOKMARK [1][-]{section.9.4}{\376\377\000D\000a\000y\000\040\0004\000:\000\040\000M\000e\000s\000s\000a\000g\000e\000\040\000t\000o\000\040\000T\000h\000y\000a\000t\000i\000r\000a}{chapter.9}% 61
\BOOKMARK [1][-]{section.9.5}{\376\377\000D\000a\000y\000\040\0005\000:\000\040\000M\000e\000s\000s\000a\000g\000e\000\040\000t\000o\000\040\000S\000a\000r\000d\000i\000s}{chapter.9}% 62
\BOOKMARK [1][-]{section.9.6}{\376\377\000D\000a\000y\000\040\0006\000:\000\040\000M\000e\000s\000s\000a\000g\000e\000\040\000t\000o\000\040\000P\000h\000i\000l\000a\000d\000e\000l\000p\000h\000i\000a}{chapter.9}% 63
\BOOKMARK [1][-]{section.9.7}{\376\377\000D\000a\000y\000\040\0007\000:\000\040\000M\000e\000s\000s\000a\000g\000e\000\040\000t\000o\000\040\000L\000a\000o\000d\000i\000c\000e\000a}{chapter.9}% 64
\BOOKMARK [0][-]{chapter.10}{\376\377\000W\000e\000e\000k\000\040\0008\000:\000\040\000G\000i\000v\000e\000\040\000u\000s\000\040\000t\000h\000i\000s\000\040\000d\000a\000y\000\040\000o\000u\000r\000\040\000d\000a\000i\000l\000y\000\040\000b\000r\000e\000a\000d}{part.1}% 65
\BOOKMARK [1][-]{section.10.1}{\376\377\000D\000a\000y\000\040\0001\000:\000\040\000S\000p\000i\000r\000i\000t\000u\000a\000l\000-\000p\000h\000y\000s\000i\000c\000a\000l\000\040\000n\000o\000u\000r\000i\000s\000h\000m\000e\000n\000t}{chapter.10}% 66
\BOOKMARK [1][-]{section.10.2}{\376\377\000D\000a\000y\000\040\0002\000:\000\040\000A\000b\000r\000a\000h\000a\000m\000'\000s\000\040\000I\000n\000i\000t\000i\000a\000t\000i\000o\000n}{chapter.10}% 67
\BOOKMARK [1][-]{section.10.3}{\376\377\000D\000a\000y\000\040\0003\000:\000\040\000M\000o\000s\000e\000s\000\040\000f\000e\000e\000d\000s\000\040\000h\000i\000s\000\040\000p\000e\000o\000p\000l\000e}{chapter.10}% 68
\BOOKMARK [2][-]{subsection.10.3.1}{\376\377\000T\000h\000e\000\040\000f\000l\000e\000s\000h\000p\000o\000t\000s\000\040\000o\000f\000\040\000E\000g\000y\000p\000t}{section.10.3}% 69
\BOOKMARK [1][-]{section.10.4}{\376\377\000D\000a\000y\000\040\0004\000:\000\040\000T\000h\000e\000\040\000F\000e\000e\000d\000i\000n\000g\000\040\000o\000f\000\040\000t\000h\000e\000\040\0005\0000\0000\0000}{chapter.10}% 70
\BOOKMARK [1][-]{section.10.5}{\376\377\000D\000a\000y\000\040\0005\000:\000\040\000T\000h\000e\000\040\000L\000a\000s\000t\000\040\000S\000u\000p\000p\000e\000r}{chapter.10}% 71
\BOOKMARK [2][-]{subsection.10.5.1}{\376\377\000B\000i\000b\000l\000e\000\040\000P\000a\000s\000s\000a\000g\000e\000s}{section.10.5}% 72
\BOOKMARK [1][-]{section.10.6}{\376\377\000D\000a\000y\000\040\0006\000:\000\040\000I\000n\000s\000t\000i\000t\000u\000t\000i\000n\000g\000\040\000t\000h\000e\000\040\000E\000u\000c\000h\000a\000r\000i\000s\000t}{chapter.10}% 73
\BOOKMARK [2][-]{subsection.10.6.1}{\376\377\000B\000i\000b\000l\000e\000\040\000p\000a\000s\000s\000a\000g\000e\000s\000:\000\040\000T\000h\000e\000\040\000L\000a\000s\000t\000\040\000S\000u\000p\000p\000e\000r}{section.10.6}% 74
\BOOKMARK [2][-]{subsection.10.6.2}{\376\377\000T\000h\000e\000\040\000T\000e\000m\000p\000t\000a\000t\000i\000o\000n\000s\000\040\000i\000n\000\040\000t\000h\000e\000\040\000D\000e\000s\000e\000r\000t}{section.10.6}% 75
\BOOKMARK [1][-]{section.10.7}{\376\377\000D\000a\000y\000\040\0007\000:\000\040\000T\000h\000e\000\040\000R\000o\000a\000d\000\040\000t\000o\000\040\000E\000m\000m\000a\000u\000s}{chapter.10}% 76
\BOOKMARK [0][-]{chapter.11}{\376\377\000W\000e\000e\000k\000\040\0009\000:\000\040\000F\000o\000r\000g\000i\000v\000e\000\040\000U\000s\000\040\000o\000u\000r\000\040\000T\000r\000e\000s\000p\000a\000s\000s\000e\000s}{part.1}% 77
\BOOKMARK [1][-]{section.11.1}{\376\377\000D\000a\000y\000\040\0001\000:\000\040\000T\000h\000e\000\040\000W\000e\000d\000d\000i\000n\000g\000\040\000a\000t\000\040\000C\000a\000n\000a}{chapter.11}% 78
\BOOKMARK [1][-]{section.11.2}{\376\377\000D\000a\000y\000\040\0002\000:\000\040\000H\000e\000a\000l\000i\000n\000g\000\040\000o\000f\000\040\000t\000h\000e\000\040\000N\000o\000b\000l\000e\000m\000a\000n\000'\000s\000\040\000S\000o\000n}{chapter.11}% 79
\BOOKMARK [1][-]{section.11.3}{\376\377\000D\000a\000y\000\040\0003\000:\000\040\000H\000e\000a\000l\000i\000n\000g\000\040\000o\000f\000\040\000t\000h\000e\000\040\000P\000a\000r\000a\000l\000y\000z\000e\000d\000\040\000M\000a\000n}{chapter.11}% 80
\BOOKMARK [1][-]{section.11.4}{\376\377\000D\000a\000y\000\040\0004\000:\000\040\000F\000e\000e\000d\000i\000n\000g\000\040\000o\000f\000\040\000t\000h\000e\000\040\000F\000i\000v\000e\000\040\000T\000h\000o\000u\000s\000a\000n\000d}{chapter.11}% 81
\BOOKMARK [1][-]{section.11.5}{\376\377\000D\000a\000y\000\040\0005\000:\000\040\000J\000e\000s\000u\000s\000\040\000W\000a\000l\000k\000s\000\040\000o\000n\000\040\000W\000a\000t\000e\000r}{chapter.11}% 82
\BOOKMARK [1][-]{section.11.6}{\376\377\000D\000a\000y\000\040\0006\000:\000\040\000H\000e\000a\000l\000i\000n\000g\000\040\000o\000f\000\040\000t\000h\000e\000\040\000M\000a\000n\000\040\000b\000o\000r\000n\000\040\000B\000l\000i\000n\000d}{chapter.11}% 83
\BOOKMARK [1][-]{section.11.7}{\376\377\000D\000a\000y\000\040\0007\000:\000\040\000T\000h\000e\000\040\000R\000a\000i\000s\000i\000n\000g\000\040\000o\000f\000\040\000L\000a\000z\000a\000r\000u\000s}{chapter.11}% 84
\BOOKMARK [1][-]{section.11.8}{\376\377\000A\000f\000t\000e\000r\000w\000o\000r\000d}{chapter.11}% 85
\BOOKMARK [1][-]{section.11.9}{\376\377\000W\000e\000e\000k\000\040\0001\0000\000:\000\040\000L\000e\000a\000d\000\040\000u\000s\000\040\000n\000o\000t\000\040\000i\000n\000t\000o\000\040\000T\000e\000m\000p\000t\000a\000t\000i\000o\000n}{chapter.11}% 86
\BOOKMARK [1][-]{section.11.10}{\376\377\000W\000e\000e\000k\000\040\0001\0001\000:\000\040\000D\000e\000l\000i\000v\000e\000r\000\040\000U\000s\000\040\000f\000r\000o\000m\000\040\000E\000v\000i\000l}{chapter.11}% 87
