\BOOKMARK [0][-]{chapter.1}{\376\377\000I\000n\000t\000r\000o\000d\000u\000c\000t\000i\000o\000n}{}% 1
\BOOKMARK [1][-]{section.1.1}{\376\377\000A\000\040\000P\000i\000e\000c\000e\000\040\000o\000f\000\040\000L\000a\000v\000a\000\040\000o\000n\000\040\000t\000h\000e\000\040\000M\000o\000o\000n}{chapter.1}% 2
\BOOKMARK [1][-]{section.1.2}{\376\377\000P\000h\000i\000l\000o\000s\000o\000p\000h\000i\000c\000\040\000I\000d\000e\000a\000l\000i\000s\000m}{chapter.1}% 3
\BOOKMARK [1][-]{section.1.3}{\376\377\000K\000n\000o\000w\000l\000e\000d\000g\000e\000\040\000a\000n\000d\000\040\000L\000o\000v\000e}{chapter.1}% 4
\BOOKMARK [1][-]{section.1.4}{\376\377\000T\000h\000e\000\040\000P\000h\000i\000l\000o\000s\000o\000p\000h\000y\000\040\000o\000f\000\040\000t\000h\000e\000\040\000F\000u\000t\000u\000r\000e}{chapter.1}% 5
\BOOKMARK [1][-]{section.1.5}{\376\377\000T\000h\000e\000\040\000G\000o\000d\000\040\000o\000f\000\040\000t\000h\000e\000\040\000M\000e\000t\000a\000p\000h\000y\000s\000i\000c\000i\000a\000n\000s}{chapter.1}% 6
\BOOKMARK [1][-]{section.1.6}{\376\377\000M\000a\000t\000t\000e\000r\000\040\000a\000n\000d\000\040\000S\000u\000b\000t\000l\000e\000\040\000B\000o\000d\000i\000e\000s}{chapter.1}% 7
\BOOKMARK [1][-]{section.1.7}{\376\377\000T\000h\000r\000e\000e\000\040\000S\000a\000t\000u\000r\000n\000i\000n\000e\000\040\000P\000h\000i\000l\000o\000s\000o\000p\000h\000e\000r\000s}{chapter.1}% 8
\BOOKMARK [1][-]{section.1.8}{\376\377\000T\000h\000e\000\040\000E\000m\000p\000t\000i\000n\000e\000s\000s\000\040\000o\000f\000\040\000M\000e\000a\000n\000i\000n\000g}{chapter.1}% 9
\BOOKMARK [0][-]{chapter.2}{\376\377\000L\000o\000g\000i\000c}{}% 10
\BOOKMARK [1][-]{section.2.1}{\376\377\000N\000a\000i\000v\000e\000\040\000S\000e\000t\000\040\000T\000h\000e\000o\000r\000y}{chapter.2}% 11
\BOOKMARK [1][-]{section.2.2}{\376\377\000I\000n\000f\000i\000n\000i\000t\000y\000,\000\040\000t\000h\000e\000\040\000A\000b\000s\000o\000l\000u\000t\000e\000,\000\040\000t\000h\000e\000\040\000S\000e\000l\000f}{chapter.2}% 12
\BOOKMARK [0][-]{chapter.3}{\376\377\000T\000r\000a\000d\000i\000t\000i\000o\000n\000a\000l\000\040\000P\000h\000i\000l\000o\000s\000o\000p\000h\000y}{}% 13
\BOOKMARK [1][-]{section.3.1}{\376\377\000T\000h\000e\000\040\000S\000c\000h\000o\000o\000l\000\040\000o\000f\000\040\000A\000t\000h\000e\000n\000s}{chapter.3}% 14
\BOOKMARK [1][-]{section.3.2}{\376\377\000E\000s\000o\000t\000e\000r\000i\000c\000\040\000P\000a\000g\000a\000n\000i\000s\000m}{chapter.3}% 15
\BOOKMARK [1][-]{section.3.3}{\376\377\000E\000s\000o\000t\000e\000r\000i\000c\000\040\000S\000t\000o\000i\000c\000i\000s\000m}{chapter.3}% 16
\BOOKMARK [1][-]{section.3.4}{\376\377\000E\000s\000o\000t\000e\000r\000i\000c\000\040\000P\000l\000a\000t\000o\000n\000i\000s\000m}{chapter.3}% 17
\BOOKMARK [1][-]{section.3.5}{\376\377\000R\000e\000a\000l\000i\000z\000a\000t\000i\000o\000n\000\040\000i\000n\000\040\000t\000h\000e\000\040\000P\000r\000e\000-\000S\000o\000c\000r\000a\000t\000i\000c\000s}{chapter.3}% 18
\BOOKMARK [1][-]{section.3.6}{\376\377\000T\000h\000e\000\040\000M\000o\000s\000t\000\040\000B\000e\000a\000u\000t\000i\000f\000u\000l\000\040\000W\000o\000r\000k}{chapter.3}% 19
\BOOKMARK [1][-]{section.3.7}{\376\377\000P\000l\000o\000t\000i\000n\000u\000s\000:\000\040\000T\000h\000e\000\040\000P\000e\000a\000k\000\040\000o\000f\000\040\000P\000a\000g\000a\000n\000\040\000W\000i\000s\000d\000o\000m}{chapter.3}% 20
\BOOKMARK [1][-]{section.3.8}{\376\377\000Y\000a\000n\000g\000m\000i\000n\000g\000'\000s\000\040\000D\000o\000c\000t\000r\000i\000n\000e\000\040\000o\000f\000\040\000A\000w\000a\000k\000e\000n\000i\000n\000g}{chapter.3}% 21
\BOOKMARK [1][-]{section.3.9}{\376\377\000B\000u\000r\000i\000d\000a\000n\040\031\000s\000\040\000D\000o\000n\000k\000e\000y}{chapter.3}% 22
\BOOKMARK [0][-]{chapter.4}{\376\377\000I\000d\000e\000a\000l\000i\000s\000m}{}% 23
\BOOKMARK [1][-]{section.4.1}{\376\377\000T\000r\000a\000d\000i\000t\000i\000o\000n\000\040\000a\000n\000d\000\040\000G\000e\000r\000m\000a\000n\000\040\000P\000h\000i\000l\000o\000s\000o\000p\000h\000y}{chapter.4}% 24
\BOOKMARK [1][-]{section.4.2}{\376\377\000T\000h\000e\000\040\000P\000e\000r\000s\000o\000n\000a\000\040\000a\000n\000d\000\040\000E\000g\000o}{chapter.4}% 25
\BOOKMARK [1][-]{section.4.3}{\376\377\000S\000c\000h\000o\000p\000e\000n\000h\000a\000u\000e\000r\000\040\000o\000n\000\040\000t\000h\000e\000\040\000W\000i\000l\000l}{chapter.4}% 26
\BOOKMARK [1][-]{section.4.4}{\376\377\000N\000i\000e\000t\000z\000s\000c\000h\000e\000\040\000o\000n\000\040\000t\000h\000e\000\040\000W\000i\000l\000l}{chapter.4}% 27
\BOOKMARK [1][-]{section.4.5}{\376\377\000E\000v\000o\000l\000a\000\040\000o\000n\000\040\000W\000i\000l\000l}{chapter.4}% 28
\BOOKMARK [1][-]{section.4.6}{\376\377\000W\000h\000e\000n\000\040\000t\000h\000e\000\040\000A\000n\000g\000e\000l\000s\000\040\000D\000i\000s\000a\000p\000p\000e\000a\000r}{chapter.4}% 29
\BOOKMARK [1][-]{section.4.7}{\376\377\000T\000h\000e\000\040\000B\000e\000a\000u\000t\000i\000f\000u\000l\000\040\000L\000o\000s\000e\000r\000s\000\040\000o\000f\000\040\000H\000i\000s\000t\000o\000r\000y}{chapter.4}% 30
\BOOKMARK [1][-]{section.4.8}{\376\377\000I\000n\000t\000u\000i\000t\000i\000o\000n\000,\000\040\000I\000n\000f\000i\000n\000i\000t\000y\000,\000\040\000S\000c\000i\000e\000n\000c\000e}{chapter.4}% 31
\BOOKMARK [1][-]{section.4.9}{\376\377\000S\000o\000l\000o\000v\000i\000o\000v\000'\000s\000\040\000P\000h\000i\000l\000o\000s\000o\000p\000h\000i\000c\000a\000l\000\040\000P\000r\000i\000n\000c\000i\000p\000l\000e\000s\000\040\000o\000f\000\040\000I\000n\000t\000e\000g\000r\000a\000l\000\040\000K\000n\000o\000w\000l\000e\000d\000g\000e}{chapter.4}% 32
\BOOKMARK [2][-]{subsection.4.9.1}{\376\377\000L\000a\000w\000\040\000o\000f\000\040\000D\000e\000v\000e\000l\000o\000p\000m\000e\000n\000t}{section.4.9}% 33
\BOOKMARK [2][-]{subsection.4.9.2}{\376\377\000D\000e\000v\000e\000l\000o\000p\000m\000e\000n\000t\000\040\000o\000f\000\040\000t\000h\000e\000\040\000W\000i\000l\000l}{section.4.9}% 34
\BOOKMARK [2][-]{subsection.4.9.3}{\376\377\000T\000h\000e\000\040\000D\000e\000v\000e\000l\000o\000p\000m\000e\000n\000t\000\040\000o\000f\000\040\000M\000i\000n\000d}{section.4.9}% 35
\BOOKMARK [2][-]{subsection.4.9.4}{\376\377\000D\000e\000v\000e\000l\000o\000p\000m\000e\000n\000t\000\040\000o\000f\000\040\000F\000e\000e\000l\000i\000n\000g}{section.4.9}% 36
\BOOKMARK [2][-]{subsection.4.9.5}{\376\377\000T\000h\000r\000e\000e\000\040\000S\000t\000a\000g\000e\000s\000\040\000o\000f\000\040\000D\000e\000v\000e\000l\000o\000p\000m\000e\000n\000t}{section.4.9}% 37
\BOOKMARK [1][-]{section.4.10}{\376\377\000T\000h\000e\000\040\000T\000e\000m\000p\000t\000a\000t\000i\000o\000n\000\040\000o\000f\000\040\000t\000h\000e\000\040\000A\000b\000s\000o\000l\000u\000t\000e}{chapter.4}% 38
\BOOKMARK [0][-]{chapter.5}{\376\377\000E\000v\000o\000l\000a\000'\000s\000\040\000M\000a\000g\000i\000c\000a\000l\000\040\000I\000d\000e\000a\000l\000i\000s\000m}{}% 39
\BOOKMARK [1][-]{section.5.1}{\376\377\000T\000h\000e\000\040\000T\000h\000r\000e\000e\000\040\000T\000r\000i\000a\000l\000s}{chapter.5}% 40
\BOOKMARK [1][-]{section.5.2}{\376\377\000C\000o\000n\000t\000e\000m\000p\000o\000r\000a\000r\000y\000\040\000R\000e\000q\000u\000i\000r\000e\000m\000e\000n\000t\000s\000\040\000f\000o\000r\000\040\000M\000a\000g\000i\000c\000a\000l\000\040\000I\000d\000e\000a\000l\000i\000s\000m}{chapter.5}% 41
\BOOKMARK [1][-]{section.5.3}{\376\377\000C\000o\000n\000v\000i\000c\000t\000i\000o\000n\000\040\000a\000n\000d\000\040\000R\000h\000e\000t\000o\000r\000i\000c}{chapter.5}% 42
\BOOKMARK [1][-]{section.5.4}{\376\377\000C\000a\000r\000l\000o\000\040\000M\000i\000c\000h\000e\000l\000s\000t\000a\000e\000d\000t\000e\000r}{chapter.5}% 43
\BOOKMARK [1][-]{section.5.5}{\376\377\000G\000i\000o\000v\000a\000n\000n\000i\000\040\000G\000e\000n\000t\000i\000l\000e}{chapter.5}% 44
\BOOKMARK [1][-]{section.5.6}{\376\377\000H\000e\000r\000m\000a\000n\000n\000\040\000K\000e\000y\000s\000e\000r\000l\000i\000n\000g}{chapter.5}% 45
\BOOKMARK [1][-]{section.5.7}{\376\377\000T\000h\000e\000\040\000P\000e\000a\000r\000l\000\040\000T\000i\000a\000r\000a}{chapter.5}% 46
\BOOKMARK [0][-]{chapter.6}{\376\377\000M\000o\000d\000e\000r\000n\000\040\000P\000h\000i\000l\000o\000s\000o\000p\000h\000y}{}% 47
\BOOKMARK [1][-]{section.6.1}{\376\377\000T\000h\000e\000\040\000M\000o\000r\000a\000l\000\040\000U\000n\000i\000v\000e\000r\000s\000e}{chapter.6}% 48
\BOOKMARK [1][-]{section.6.2}{\376\377\000T\000h\000e\000\040\000T\000h\000i\000r\000d\000\040\000R\000i\000n\000g\000\040\000o\000f\000\040\000S\000a\000t\000u\000r\000n}{chapter.6}% 49
\BOOKMARK [0][-]{chapter.7}{\376\377\000T\000h\000e\000\040\000F\000o\000u\000n\000d\000a\000t\000i\000o\000n\000\040\000o\000f\000\040\000t\000h\000e\000\040\000M\000o\000d\000e\000r\000n\000\040\000W\000o\000r\000l\000d}{}% 50
\BOOKMARK [1][-]{section.7.1}{\376\377\000T\000h\000e\000\040\000M\000e\000t\000a\000p\000h\000y\000s\000i\000c\000s\000\040\000o\000f\000\040\000D\000e\000l\000i\000q\000u\000e\000s\000c\000e\000n\000c\000e}{chapter.7}% 51
\BOOKMARK [1][-]{section.7.2}{\376\377\000T\000w\000o\000\040\000I\000n\000c\000o\000m\000p\000a\000t\000i\000b\000l\000e\000\040\000a\000n\000d\000\040\000I\000r\000r\000e\000c\000o\000n\000c\000i\000l\000a\000b\000l\000e\000\040\000W\000o\000r\000l\000d\000v\000i\000e\000w\000s}{chapter.7}% 52
\BOOKMARK [1][-]{section.7.3}{\376\377\000T\000h\000e\000\040\000T\000r\000u\000t\000h\000\040\000i\000s\000\040\000f\000a\000r\000\040\000f\000r\000o\000m\000\040\000S\000u\000s\000p\000e\000c\000t\000e\000d}{chapter.7}% 53
\BOOKMARK [1][-]{section.7.4}{\376\377\000T\000h\000e\000\040\000F\000u\000t\000u\000r\000e\000\040\000T\000h\000e\000y\000\040\000H\000o\000p\000e\000\040\000f\000o\000r}{chapter.7}% 54
\BOOKMARK [1][-]{section.7.5}{\376\377\000F\000r\000a\000n\000c\000i\000s\000\040\000B\000a\000c\000o\000n\000\040\000a\000n\000d\000\040\000t\000h\000e\000\040\000C\000r\000e\000a\000t\000i\000o\000n\000\040\000o\000f\000\040\000M\000o\000d\000e\000r\000n\000i\000t\000y}{chapter.7}% 55
\BOOKMARK [1][-]{section.7.6}{\376\377\000C\000u\000l\000t\000u\000r\000a\000l\000\040\000M\000a\000r\000x\000i\000s\000m}{chapter.7}% 56
\BOOKMARK [0][-]{chapter.8}{\376\377\000D\000i\000s\000c\000r\000i\000m\000i\000n\000a\000t\000i\000o\000n\000\040\000o\000f\000\040\000u\000n\000h\000e\000a\000l\000t\000h\000y\000\040\000i\000d\000e\000a\000s}{}% 57
\BOOKMARK [1][-]{section.8.1}{\376\377\000S\000p\000i\000n\000o\000z\000a\000\040\000a\000n\000d\000\040\000E\000i\000n\000s\000t\000e\000i\000n}{chapter.8}% 58
\BOOKMARK [1][-]{section.8.2}{\376\377\000H\000e\000r\000m\000i\000t\000\040\000C\000r\000a\000b\000s\000\040\000a\000n\000d\000\040\000N\000i\000e\000t\000z\000s\000c\000h\000e}{chapter.8}% 59
\BOOKMARK [1][-]{section.8.3}{\376\377\000E\000v\000e\000r\000y\000t\000h\000i\000n\000g\000\040\000e\000l\000s\000e\000\040\000i\000s\000\040\000a\000\040\000P\000a\000s\000t\000i\000m\000e}{chapter.8}% 60
\BOOKMARK [1][-]{section.8.4}{\376\377\000T\000w\000i\000l\000i\000g\000h\000t\000\040\000o\000f\000\040\000t\000h\000e\000\040\000G\000o\000d\000s}{chapter.8}% 61
\BOOKMARK [1][-]{section.8.5}{\376\377\000M\000e\000n\000t\000a\000l\000\040\000D\000e\000a\000t\000h}{chapter.8}% 62
\BOOKMARK [1][-]{section.8.6}{\376\377\000P\000e\000r\000s\000p\000e\000c\000t\000i\000v\000i\000s\000m}{chapter.8}% 63
\BOOKMARK [1][-]{section.8.7}{\376\377\000O\000n\000\040\000d\000i\000s\000c\000o\000v\000e\000r\000i\000n\000g\000\040\000y\000o\000u\000'\000r\000e\000\040\000n\000o\000t\000\040\000a\000n\000\040\000A\000n\000d\000r\000o\000i\000d}{chapter.8}% 64
\BOOKMARK [1][-]{section.8.8}{\376\377\000P\000i\000n\000k\000e\000r\000\040\000t\000h\000e\000\040\000T\000h\000i\000n\000k\000e\000r}{chapter.8}% 65
\BOOKMARK [1][-]{section.8.9}{\376\377\000P\000r\000e\000l\000e\000s\000t\000\040\000a\000n\000d\000\040\000O\000t\000h\000e\000r\000\040\000D\000r\000e\000a\000m\000s}{chapter.8}% 66
\BOOKMARK [1][-]{section.8.10}{\376\377\000A\000n\000t\000i\000-\000p\000h\000i\000l\000o\000s\000o\000p\000h\000y\000\040\000a\000n\000d\000\040\000P\000a\000n\000p\000s\000y\000c\000h\000i\000s\000m}{chapter.8}% 67
\BOOKMARK [1][-]{section.8.11}{\376\377\000S\000o\000c\000i\000a\000l\000\040\000S\000u\000r\000g\000e\000r\000y}{chapter.8}% 68
\BOOKMARK [0][-]{chapter.9}{\376\377\000N\000e\000w\000\040\000A\000g\000e\000\040\000a\000n\000d\000\040\000T\000r\000a\000d\000i\000t\000i\000o\000n}{}% 69
\BOOKMARK [1][-]{section.9.1}{\376\377\000T\000r\000a\000d\000i\000t\000i\000o\000n\000\040\000a\000n\000d\000\040\000t\000h\000e\000\040\000N\000e\000w\000\040\000A\000g\000e}{chapter.9}% 70
\BOOKMARK [1][-]{section.9.2}{\376\377\000T\000h\000e\000\040\000D\000e\000c\000e\000p\000t\000i\000o\000n\000\040\000o\000f\000\040\000t\000h\000e\000\040\000N\000e\000w\000\040\000A\000g\000e}{chapter.9}% 71
\BOOKMARK [1][-]{section.9.3}{\376\377\000N\000e\000w\000\040\000A\000g\000e\000\040\000a\000n\000d\000\040\000A\000n\000c\000i\000e\000n\000t\000\040\000W\000i\000s\000d\000o\000m}{chapter.9}% 72
\BOOKMARK [1][-]{section.9.4}{\376\377\000P\000e\000r\000f\000e\000c\000t\000,\000\040\000W\000h\000o\000l\000e\000,\000\040\000a\000n\000d\000\040\000C\000o\000m\000p\000l\000e\000t\000e}{chapter.9}% 73
\BOOKMARK [0][-]{chapter.10}{\376\377\000A\000b\000o\000u\000t\000\040\000s\000c\000i\000e\000n\000c\000e}{}% 74
\BOOKMARK [1][-]{section.10.1}{\376\377\000S\000c\000i\000e\000n\000c\000e\000\040\000a\000t\000\040\000a\000\040\000S\000t\000a\000n\000d\000s\000t\000i\000l\000l}{chapter.10}% 75
\BOOKMARK [1][-]{section.10.2}{\376\377\000N\000u\000c\000l\000e\000a\000r\000\040\000E\000n\000e\000r\000g\000y\000,\000\040\000E\000v\000o\000l\000u\000t\000i\000o\000n\000,\000\040\000t\000h\000e\000\040\000U\000n\000c\000o\000n\000s\000c\000i\000o\000u\000s}{chapter.10}% 76
\BOOKMARK [1][-]{section.10.3}{\376\377\000T\000h\000e\000\040\000M\000u\000l\000t\000i\000v\000e\000r\000s\000e\000\040\000a\000n\000d\000\040\000M\000a\000s\000s\000a\000c\000h\000u\000s\000e\000t\000t\000s}{chapter.10}% 77
\BOOKMARK [1][-]{section.10.4}{\376\377\000T\000h\000e\000\040\000L\000o\000c\000u\000s\000t\000\040\000C\000o\000n\000s\000p\000i\000r\000a\000c\000y}{chapter.10}% 78
\BOOKMARK [1][-]{section.10.5}{\376\377\000A\000\040\000M\000i\000l\000l\000i\000o\000n\000\040\000t\000o\000\040\000O\000n\000e}{chapter.10}% 79
\BOOKMARK [1][-]{section.10.6}{\376\377\000A\000\040\000R\000e\000v\000o\000l\000u\000t\000i\000o\000n\000a\000r\000y\000\040\000K\000i\000n\000d\000\040\000o\000f\000\040\000S\000c\000i\000e\000n\000c\000e}{chapter.10}% 80
\BOOKMARK [1][-]{section.10.7}{\376\377\000T\000h\000e\000\040\000N\000a\000t\000u\000r\000e\000\040\000o\000f\000\040\000T\000h\000i\000n\000g\000s}{chapter.10}% 81
\BOOKMARK [1][-]{section.10.8}{\376\377\000G\000o\000d\000s\000\040\000o\000f\000\040\000P\000h\000y\000s\000i\000c\000s}{chapter.10}% 82
\BOOKMARK [1][-]{section.10.9}{\376\377\000N\000A\000S\000A\000,\000\040\000t\000h\000e\000\040\000M\000o\000o\000n\000,\000\040\000G\000e\000n\000e\000s\000i\000s\000\040\000a\000n\000d\000\040\000t\000h\000e\000\040\000T\000a\000o}{chapter.10}% 83
\BOOKMARK [1][-]{section.10.10}{\376\377\000E\000x\000\040\000M\000a\000c\000h\000i\000n\000a\000\040\000o\000r\000\040\000t\000h\000e\000\040\000E\000s\000o\000t\000e\000r\000i\000c\000\040\000T\000u\000r\000i\000n\000g\000\040\000T\000e\000s\000t}{chapter.10}% 84
\BOOKMARK [1][-]{section.10.11}{\376\377\000T\000h\000e\000\040\000C\000o\000n\000u\000n\000d\000r\000u\000m\000\040\000o\000f\000\040\000t\000h\000e\000\040\000B\000i\000g\000\040\000B\000a\000n\000g}{chapter.10}% 85
\BOOKMARK [1][-]{section.10.12}{\376\377\000B\000a\000b\000o\000o\000n\000\040\000U\000t\000o\000p\000i\000a}{chapter.10}% 86
\BOOKMARK [1][-]{section.10.13}{\376\377\000H\000e\000l\000i\000o\000c\000e\000n\000t\000r\000i\000s\000m\000\040\000R\000e\000d\000u\000x}{chapter.10}% 87
\BOOKMARK [1][-]{section.10.14}{\376\377\000W\000h\000a\000t\000'\000s\000\040\000t\000h\000e\000\040\000M\000a\000t\000t\000e\000r}{chapter.10}% 88
\BOOKMARK [1][-]{section.10.15}{\376\377\000S\000u\000p\000e\000r\000d\000e\000t\000e\000r\000m\000i\000n\000i\000s\000m}{chapter.10}% 89
\BOOKMARK [0][-]{chapter.11}{\376\377\000D\000a\000r\000w\000i\000n\000i\000s\000m\000\040\000a\000n\000d\000\040\000I\000n\000t\000e\000l\000l\000i\000g\000e\000n\000t\000\040\000D\000e\000s\000i\000g\000n}{}% 90
\BOOKMARK [1][-]{section.11.1}{\376\377\000F\000r\000u\000i\000t\000\040\000F\000l\000i\000e\000s\000\040\000a\000n\000d\000\040\000E\000v\000o\000l\000u\000t\000i\000o\000n}{chapter.11}% 91
\BOOKMARK [1][-]{section.11.2}{\376\377\000T\000e\000n\000e\000t\000s\000\040\000o\000f\000\040\000D\000a\000r\000w\000i\000n\000i\000s\000m}{chapter.11}% 92
\BOOKMARK [1][-]{section.11.3}{\376\377\000T\000h\000e\000\040\000R\000e\000a\000l\000\040\000O\000b\000j\000e\000c\000t\000i\000o\000n\000\040\000t\000o\000\040\000I\000n\000t\000e\000l\000l\000i\000g\000e\000n\000t\000\040\000D\000e\000s\000i\000g\000n}{chapter.11}% 93
\BOOKMARK [1][-]{section.11.4}{\376\377\000I\000n\000t\000e\000l\000l\000i\000g\000e\000n\000t\000\040\000D\000e\000s\000i\000g\000n\000\040\000a\000n\000d\000\040\000R\000e\000a\000l\000i\000s\000m}{chapter.11}% 94
\BOOKMARK [1][-]{section.11.5}{\376\377\000I\000n\000v\000o\000l\000u\000t\000i\000o\000n\000\040\000a\000n\000d\000\040\000E\000v\000o\000l\000u\000t\000i\000o\000n}{chapter.11}% 95
\BOOKMARK [1][-]{section.11.6}{\376\377\000M\000i\000n\000d\000\040\000a\000n\000d\000\040\000C\000o\000s\000m\000o\000s}{chapter.11}% 96
\BOOKMARK [1][-]{section.11.7}{\376\377\000E\000s\000o\000t\000e\000r\000i\000c\000\040\000D\000a\000r\000w\000i\000n\000i\000s\000m}{chapter.11}% 97
\BOOKMARK [1][-]{section.11.8}{\376\377\000S\000t\000e\000a\000l\000t\000h\000\040\000R\000e\000l\000i\000g\000i\000o\000n\000s\000\040\000a\000n\000d\000\040\000A\000t\000h\000e\000i\000s\000m}{chapter.11}% 98
\BOOKMARK [1][-]{section.11.9}{\376\377\000T\000h\000e\000\040\000O\000p\000e\000n\000\040\000U\000n\000i\000v\000e\000r\000s\000e}{chapter.11}% 99
\BOOKMARK [1][-]{section.11.10}{\376\377\000C\000o\000n\000s\000c\000i\000o\000u\000s\000n\000e\000s\000s\000\040\000E\000x\000p\000l\000a\000i\000n\000e\000d}{chapter.11}% 100
\BOOKMARK [0][-]{chapter.12}{\376\377\000R\000e\000v\000i\000e\000w\000\040\000o\000f\000\040\000W\000o\000l\000g\000a\000n\000g\000\040\000S\000m\000i\000t\000h\000'\000s\000\040\000w\000o\000r\000k\000s}{}% 101
\BOOKMARK [1][-]{section.12.1}{\376\377\000P\000s\000e\000u\000d\000o\000s\000c\000i\000e\000n\000c\000e\000\040\000a\000n\000d\000\040\000S\000c\000i\000e\000n\000t\000i\000s\000m}{chapter.12}% 102
\BOOKMARK [1][-]{section.12.2}{\376\377\000D\000a\000b\000b\000l\000i\000n\000g\000\040\000i\000n\000\040\000t\000h\000e\000\040\000Q\000u\000a\000n\000t\000u\000m\000\040\000W\000o\000r\000l\000d}{chapter.12}% 103
\BOOKMARK [1][-]{section.12.3}{\376\377\000F\000r\000o\000m\000\040\000W\000o\000r\000m\000s\000\040\000t\000o\000\040\000G\000o\000d\000s}{chapter.12}% 104
\BOOKMARK [0][-]{chapter.13}{\376\377\000M\000u\000s\000i\000n\000g\000s\000\040\000a\000n\000d\000\040\000S\000p\000a\000r\000s\000e\000\040\000N\000o\000t\000e\000s}{}% 105
\BOOKMARK [1][-]{section.13.1}{\376\377\000A\000\040\000M\000o\000r\000a\000l\000i\000t\000y\000\040\000o\000f\000\040\000A\000s\000c\000e\000t\000i\000c\000i\000s\000m\000\040\000a\000n\000d\000\040\000A\000c\000t\000i\000o\000n}{chapter.13}% 106
\BOOKMARK [1][-]{section.13.2}{\376\377\000R\000o\000u\000s\000s\000e\000a\000u\040\031\000s\000\040\000T\000h\000i\000r\000d\000\040\000S\000o\000l\000i\000t\000a\000r\000y\000\040\000W\000a\000l\000k}{chapter.13}% 107
\BOOKMARK [1][-]{section.13.3}{\376\377\000T\000h\000e\000\040\000D\000i\000v\000i\000d\000e\000d\000\040\000L\000i\000n\000e}{chapter.13}% 108
\BOOKMARK [1][-]{section.13.4}{\376\377\000D\000i\000a\000l\000e\000c\000t\000i\000c\000s\000\040\000f\000o\000r\000\040\000D\000u\000m\000m\000i\000e\000s}{chapter.13}% 109
\BOOKMARK [1][-]{section.13.5}{\376\377\000Q\000u\000a\000n\000t\000u\000m\000\040\000S\000h\000i\000p\000\040\000o\000f\000\040\000T\000h\000e\000s\000e\000u\000s}{chapter.13}% 110
\BOOKMARK [0][-]{chapter.14}{\376\377\000B\000e\000y\000o\000n\000d\000\040\000p\000h\000i\000l\000o\000s\000o\000p\000h\000y}{}% 111
\BOOKMARK [1][-]{section.14.1}{\376\377\000P\000h\000i\000l\000o\000s\000o\000p\000h\000y\000,\000\040\000P\000o\000e\000t\000r\000y\000,\000\040\000P\000i\000e\000t\000y}{chapter.14}% 112
\BOOKMARK [1][-]{section.14.2}{\376\377\000N\000i\000e\000t\000z\000s\000c\000h\000e\040\031\000s\000\040\000P\000a\000r\000a\000d\000o\000x}{chapter.14}% 113
\BOOKMARK [1][-]{section.14.3}{\376\377\000A\000u\000g\000u\000s\000t\000i\000n\000e\000\040\000a\000n\000d\000\040\000M\000e\000t\000a\000p\000h\000y\000s\000i\000c\000a\000l\000\040\000P\000o\000s\000i\000t\000i\000v\000i\000s\000m}{chapter.14}% 114
\BOOKMARK [1][-]{section.14.4}{\376\377\000T\000h\000e\000\040\000S\000p\000i\000r\000i\000t\000u\000a\000l\000\040\000R\000e\000g\000e\000n\000e\000r\000a\000t\000i\000o\000n\000\040\000o\000f\000\040\000t\000h\000e\000\040\000W\000o\000r\000l\000d}{chapter.14}% 115
\BOOKMARK [1][-]{section.14.5}{\376\377\000T\000h\000e\000\040\000G\000r\000e\000a\000t\000\040\000C\000a\000t\000\040\000P\000h\000o\000t\000o\000\040\000C\000o\000n\000t\000e\000s\000t}{chapter.14}% 116
\BOOKMARK [1][-]{section.14.6}{\376\377\000T\000h\000e\000\040\000P\000h\000i\000l\000o\000s\000o\000p\000h\000y\000\040\000o\000f\000\040\000t\000h\000e\000\040\000F\000u\000t\000u\000r\000e}{chapter.14}% 117
\BOOKMARK [1][-]{section.14.7}{\376\377\000M\000a\000g\000i\000c\000a\000l\000\040\000I\000d\000e\000a\000l\000i\000s\000m\000\040\000i\000n\000\040\000a\000\040\000L\000a\000r\000g\000e\000r\000\040\000W\000h\000o\000l\000e}{chapter.14}% 118
\BOOKMARK [1][-]{section.14.8}{\376\377\000T\000h\000e\000\040\000S\000e\000v\000e\000n\000\040\000E\000n\000i\000g\000m\000a\000s\000\040\000o\000f\000\040\000t\000h\000e\000\040\000W\000o\000r\000l\000d}{chapter.14}% 119
\BOOKMARK [1][-]{section.14.9}{\376\377\000W\000o\000r\000l\000d\000v\000i\000e\000w\000s\000,\000\040\000R\000e\000p\000r\000e\000s\000e\000n\000t\000a\000t\000i\000o\000n\000s\000\040\000a\000n\000d\000\040\000R\000e\000a\000l\000i\000t\000y}{chapter.14}% 120
\BOOKMARK [1][-]{section.14.10}{\376\377\000E\000s\000o\000t\000e\000r\000i\000c\000\040\000W\000r\000i\000t\000i\000n\000g}{chapter.14}% 121
\BOOKMARK [1][-]{section.14.11}{\376\377\000T\000h\000e\000\040\000P\000h\000i\000l\000o\000s\000o\000p\000h\000y\000\040\000o\000f\000\040\000C\000h\000a\000o\000s}{chapter.14}% 122
\BOOKMARK [1][-]{section.14.12}{\376\377\000P\000r\000e\000j\000u\000d\000i\000c\000e\000s\000\040\000o\000f\000\040\000P\000h\000i\000l\000o\000s\000o\000p\000h\000e\000r\000s}{chapter.14}% 123
\BOOKMARK [1][-]{section.14.13}{\376\377\000R\000e\000a\000d\000y\000m\000a\000d\000e\000\040\000I\000d\000e\000a\000s}{chapter.14}% 124
\BOOKMARK [1][-]{section.14.14}{\376\377\000T\000h\000e\000\040\000L\000i\000m\000i\000t\000s\000\040\000o\000f\000\040\000H\000u\000m\000a\000n\000\040\000I\000n\000t\000e\000l\000l\000i\000g\000e\000n\000c\000e}{chapter.14}% 125
