\BOOKMARK [0][-]{chapter.1}{\376\377\000I\000n\000t\000r\000o\000d\000u\000c\000t\000i\000o\000n}{}% 1
\BOOKMARK [1][-]{section.1.1}{\376\377\000W\000o\000r\000l\000d\000v\000i\000e\000w\000s}{chapter.1}% 2
\BOOKMARK [1][-]{section.1.2}{\376\377\000D\000e\000s\000c\000a\000r\000t\000e\040\031\000s\000\040\000N\000i\000g\000h\000t\000m\000a\000r\000e}{chapter.1}% 3
\BOOKMARK [1][-]{section.1.3}{\376\377\000T\000h\000e\000\040\000E\000n\000d\000\040\000o\000f\000\040\000T\000h\000i\000n\000k\000i\000n\000g}{chapter.1}% 4
\BOOKMARK [1][-]{section.1.4}{\376\377\000T\000h\000e\000\040\000O\000w\000l\000\040\000o\000f\000\040\000M\000i\000n\000e\000r\000v\000a}{chapter.1}% 5
\BOOKMARK [1][-]{section.1.5}{\376\377\000T\000h\000e\000\040\000N\000e\000w\000\040\000I\000n\000t\000e\000l\000l\000e\000c\000t\000u\000a\000l}{chapter.1}% 6
\BOOKMARK [1][-]{section.1.6}{\376\377\000A\000r\000c\000h\000a\000e\000o\000l\000o\000g\000y\000\040\000o\000f\000\040\000t\000h\000e\000\040\000S\000o\000u\000l}{chapter.1}% 7
\BOOKMARK [1][-]{section.1.7}{\376\377\000T\000h\000e\000\040\000S\000c\000i\000e\000n\000c\000e\000\040\000o\000f\000\040\000P\000r\000e\000h\000i\000s\000t\000o\000r\000y}{chapter.1}% 8
\BOOKMARK [1][-]{section.1.8}{\376\377\000I\000n\000s\000t\000i\000n\000c\000t\000,\000\040\000C\000o\000n\000s\000c\000i\000o\000u\000s\000n\000e\000s\000s\000,\000\040\000S\000c\000i\000e\000n\000c\000e}{chapter.1}% 9
\BOOKMARK [1][-]{section.1.9}{\376\377\000H\000o\000p\000e\000\040\000a\000n\000d\000\040\000C\000h\000a\000n\000g\000e}{chapter.1}% 10
\BOOKMARK [1][-]{section.1.10}{\376\377\000I\000d\000i\000o\000t\040\031\000s\000\040\000G\000u\000i\000d\000e\000\040\000t\000o\000\040\000t\000h\000e\000\040\000M\000o\000d\000e\000r\000n\000\040\000W\000o\000r\000l\000d}{chapter.1}% 11
\BOOKMARK [1][-]{section.1.11}{\376\377\000T\000h\000e\000\040\000G\000l\000a\000s\000s\000\040\000B\000e\000a\000d\000\040\000G\000a\000m\000e}{chapter.1}% 12
\BOOKMARK [0][-]{chapter.2}{\376\377\000H\000y\000p\000e\000r\000b\000o\000r\000e\000a}{}% 13
\BOOKMARK [1][-]{section.2.1}{\376\377\000H\000y\000p\000e\000r\000b\000o\000r\000e\000a\000\040\000a\000n\000d\000\040\000t\000h\000e\000\040\000P\000r\000i\000m\000o\000r\000d\000i\000a\000l\000\040\000T\000r\000a\000d\000i\000t\000i\000o\000n}{chapter.2}% 14
\BOOKMARK [1][-]{section.2.2}{\376\377\000A\000r\000c\000t\000i\000c\000\040\000H\000o\000m\000e\000\040\000i\000n\000\040\000t\000h\000e\000\040\000V\000e\000d\000a\000s}{chapter.2}% 15
\BOOKMARK [1][-]{section.2.3}{\376\377\000F\000i\000g\000h\000t\000\040\000o\000v\000e\000r\000\040\000O\000r\000i\000g\000i\000n\000s}{chapter.2}% 16
\BOOKMARK [1][-]{section.2.4}{\376\377\000T\000h\000e\000\040\000H\000y\000p\000e\000r\000b\000o\000r\000e\000a\000n\000\040\000R\000a\000c\000e\000\040\000a\000n\000d\000\040\000i\000t\000s\000\040\000B\000r\000a\000n\000c\000h\000e\000s}{chapter.2}% 17
\BOOKMARK [1][-]{section.2.5}{\376\377\000T\000h\000e\000\040\000S\000o\000n\000\040\000o\000f\000\040\000D\000u\000t\000y}{chapter.2}% 18
\BOOKMARK [0][-]{chapter.3}{\376\377\000B\000h\000a\000r\000a\000t\000\040\000K\000h\000a\000n\000t\000.\000\040\000V\000e\000d\000i\000c\000\040\000c\000i\000v\000i\000l\000i\000z\000a\000t\000i\000o\000n}{}% 19
\BOOKMARK [1][-]{section.3.1}{\376\377\000T\000h\000e\000\040\000G\000r\000e\000a\000t\000\040\000M\000i\000g\000r\000a\000t\000i\000o\000n}{chapter.3}% 20
\BOOKMARK [0][-]{chapter.4}{\376\377\000C\000J\000K\000\040\000p\000o\000l\000i\000t\000i\000c\000s}{}% 21
\BOOKMARK [1][-]{section.4.1}{\376\377\000T\000h\000e\000\040\000P\000o\000l\000i\000t\000i\000c\000a\000l\000\040\000P\000h\000i\000l\000o\000s\000o\000p\000h\000y\000\040\000o\000f\000\040\000C\000o\000n\000f\000u\000c\000i\000a\000n\000i\000s\000m}{chapter.4}% 22
\BOOKMARK [0][-]{chapter.5}{\376\377\000T\000h\000e\000\040\000A\000n\000c\000i\000e\000n\000t\000\040\000C\000i\000t\000y\000.\000\040\000G\000r\000e\000e\000k\000\040\000a\000n\000d\000\040\000R\000o\000m\000a\000n\000\040\000c\000i\000v\000i\000l\000i\000z\000a\000t\000i\000o\000n\000s}{}% 23
\BOOKMARK [1][-]{section.5.1}{\376\377\000R\000a\000c\000e\000\040\000a\000n\000d\000\040\000t\000h\000e\000\040\000M\000y\000t\000h\000\040\000o\000f\000\040\000t\000h\000e\000\040\000O\000r\000i\000g\000i\000n\000s\000\040\000o\000f\000\040\000R\000o\000m\000e\000\040\000I}{chapter.5}% 24
\BOOKMARK [1][-]{section.5.2}{\376\377\000T\000h\000e\000\040\000M\000y\000s\000t\000i\000q\000u\000e\000\040\000o\000f\000\040\000R\000a\000c\000e\000\040\000i\000n\000\040\000A\000n\000c\000i\000e\000n\000t\000\040\000R\000o\000m\000e\000\040\000I}{chapter.5}% 25
\BOOKMARK [1][-]{section.5.3}{\376\377\000T\000h\000e\000\040\000M\000y\000s\000t\000i\000q\000u\000e\000\040\000o\000f\000\040\000R\000a\000c\000e\000\040\000i\000n\000\040\000A\000n\000c\000i\000e\000n\000t\000\040\000R\000o\000m\000e\000\040\000I\000I}{chapter.5}% 26
\BOOKMARK [1][-]{section.5.4}{\376\377\000R\000a\000p\000e\000\040\000o\000f\000\040\000t\000h\000e\000\040\000S\000a\000b\000i\000n\000e\000\040\000W\000o\000m\000e\000n}{chapter.5}% 27
\BOOKMARK [1][-]{section.5.5}{\376\377\000P\000r\000i\000e\000s\000t\000\040\000a\000n\000d\000\040\000K\000i\000n\000g\000\040\000i\000n\000\040\000R\000o\000m\000e}{chapter.5}% 28
\BOOKMARK [1][-]{section.5.6}{\376\377\000T\000h\000e\000\040\000S\000p\000i\000r\000i\000t\000\040\000o\000f\000\040\000R\000o\000m\000a\000n\000\040\000C\000i\000v\000i\000l\000i\000z\000a\000t\000i\000o\000n}{chapter.5}% 29
\BOOKMARK [1][-]{section.5.7}{\376\377\000R\000o\000m\000a\000n\000s\000\040\000a\000n\000d\000\040\000S\000p\000a\000r\000t\000a\000n\000s\000\040\000a\000t\000\040\000W\000a\000r}{chapter.5}% 30
\BOOKMARK [1][-]{section.5.8}{\376\377\000S\000i\000l\000e\000n\000c\000e\000,\000\040\000R\000h\000y\000t\000h\000m\000s\000,\000\040\000F\000o\000r\000m\000s}{chapter.5}% 31
\BOOKMARK [1][-]{section.5.9}{\376\377\000T\000h\000e\000\040\000E\000s\000t\000a\000b\000l\000i\000s\000h\000m\000e\000n\000t\000\040\000o\000f\000\040\000a\000\040\000T\000r\000a\000d\000i\000t\000i\000o\000n\000a\000l\000\040\000S\000o\000c\000i\000e\000t\000y\000:\000\040\000W\000o\000r\000k\000e\000r\000s}{chapter.5}% 32
\BOOKMARK [1][-]{section.5.10}{\376\377\000H\000u\000n\000g\000r\000y\000\040\000G\000h\000o\000s\000t\000s}{chapter.5}% 33
\BOOKMARK [1][-]{section.5.11}{\376\377\000T\000h\000e\000\040\000R\000e\000l\000i\000g\000i\000o\000n\000\040\000o\000f\000\040\000t\000h\000e\000\040\000A\000n\000c\000i\000e\000n\000t\000\040\000C\000i\000t\000y}{chapter.5}% 34
\BOOKMARK [1][-]{section.5.12}{\376\377\000T\000h\000e\000\040\000D\000e\000g\000e\000n\000e\000r\000a\000t\000i\000o\000n\000\040\000o\000f\000\040\000t\000h\000e\000\040\000A\000n\000c\000i\000e\000n\000t\000\040\000C\000i\000t\000y}{chapter.5}% 35
\BOOKMARK [1][-]{section.5.13}{\376\377\000T\000h\000e\000\040\000M\000i\000n\000d\000\040\000o\000f\000\040\000t\000h\000e\000\040\000A\000n\000c\000i\000e\000n\000t\000\040\000C\000i\000t\000y}{chapter.5}% 36
\BOOKMARK [1][-]{section.5.14}{\376\377\000S\000a\000i\000n\000t\000\040\000C\000o\000n\000s\000t\000a\000n\000t\000i\000n\000e\000\040\000t\000h\000e\000\040\000G\000r\000e\000a\000t}{chapter.5}% 37
\BOOKMARK [0][-]{chapter.6}{\376\377\000T\000h\000e\000\040\000S\000e\000c\000o\000n\000d\000\040\000R\000o\000m\000e\000.\000\040\000C\000h\000r\000i\000s\000t\000e\000n\000d\000o\000m}{}% 38
\BOOKMARK [1][-]{section.6.1}{\376\377\000H\000o\000l\000y\000\040\000R\000o\000m\000e\000,\000\040\000E\000t\000e\000r\000n\000a\000l\000\040\000R\000o\000m\000e}{chapter.6}% 39
\BOOKMARK [1][-]{section.6.2}{\376\377\000S\000p\000i\000r\000i\000t\000u\000a\000l\000\040\000R\000e\000i\000n\000v\000i\000g\000o\000r\000a\000t\000i\000o\000n}{chapter.6}% 40
\BOOKMARK [1][-]{section.6.3}{\376\377\000T\000h\000e\000\040\000F\000l\000o\000w\000e\000r\000i\000n\000g\000\040\000o\000f\000\040\000E\000u\000r\000o\000p\000e\000a\000n\000\040\000C\000i\000v\000i\000l\000i\000s\000a\000t\000i\000o\000n}{chapter.6}% 41
\BOOKMARK [1][-]{section.6.4}{\376\377\000T\000h\000e\000\040\000C\000o\000n\000t\000i\000n\000u\000i\000t\000y\000\040\000o\000f\000\040\000T\000r\000a\000d\000i\000t\000i\000o\000n}{chapter.6}% 42
\BOOKMARK [1][-]{section.6.5}{\376\377\000T\000h\000e\000\040\000V\000a\000l\000o\000r\000i\000z\000a\000t\000i\000o\000n\000\040\000o\000f\000\040\000t\000h\000e\000\040\000M\000i\000d\000d\000l\000e\000\040\000A\000g\000e\000s}{chapter.6}% 43
\BOOKMARK [1][-]{section.6.6}{\376\377\000F\000r\000o\000m\000\040\000V\000i\000r\000g\000i\000l\000\040\000t\000o\000\040\000D\000a\000n\000t\000e}{chapter.6}% 44
\BOOKMARK [1][-]{section.6.7}{\376\377\000F\000r\000o\000m\000\040\000C\000l\000o\000v\000i\000s\000\040\000t\000o\000\040\000C\000h\000a\000r\000l\000e\000m\000a\000g\000n\000e}{chapter.6}% 45
\BOOKMARK [1][-]{section.6.8}{\376\377\000T\000h\000e\000\040\000W\000e\000s\000t\000e\000r\000n\000\040\000T\000r\000a\000d\000i\000t\000i\000o\000n\000\040\000R\000e\000v\000i\000e\000w\000e\000d}{chapter.6}% 46
\BOOKMARK [1][-]{section.6.9}{\376\377\000C\000a\000t\000c\000h\000i\000n\000g\000\040\000o\000u\000r\000\040\000B\000r\000e\000a\000t\000h}{chapter.6}% 47
\BOOKMARK [1][-]{section.6.10}{\376\377\000D\000a\000n\000t\000e\000\040\000a\000n\000d\000\040\000t\000h\000e\000\040\000H\000o\000l\000y\000\040\000C\000u\000l\000m\000i\000n\000a\000t\000i\000o\000n\000\040\000o\000f\000\040\000t\000h\000e\000\040\000R\000o\000m\000a\000n\000\040\000T\000r\000a\000d\000i\000t\000i\000o\000n}{chapter.6}% 48
\BOOKMARK [1][-]{section.6.11}{\376\377\000H\000a\000u\000n\000t\000e\000d\000\040\000b\000y\000\040\000t\000h\000e\000\040\000E\000m\000p\000e\000r\000o\000r}{chapter.6}% 49
\BOOKMARK [0][-]{chapter.7}{\376\377\000S\000p\000i\000r\000i\000t\000u\000a\000l\000\040\000A\000u\000t\000h\000o\000r\000i\000t\000y\000\040\000a\000n\000d\000\040\000T\000e\000m\000p\000o\000r\000a\000l\000\040\000P\000o\000w\000e\000r}{}% 50
\BOOKMARK [1][-]{section.7.1}{\376\377\000A\000c\000t\000i\000o\000n\000\040\000a\000n\000d\000\040\000R\000e\000a\000c\000t\000i\000o\000n}{chapter.7}% 51
\BOOKMARK [0][-]{chapter.8}{\376\377\000M\000o\000n\000a\000r\000c\000h\000y}{}% 52
\BOOKMARK [1][-]{section.8.1}{\376\377\000I\000l\000\040\000C\000a\000p\000o}{chapter.8}% 53
\BOOKMARK [1][-]{section.8.2}{\376\377\000T\000h\000e\000\040\000M\000e\000a\000n\000i\000n\000g\000\040\000a\000n\000d\000\040\000F\000u\000n\000c\000t\000i\000o\000n\000\040\000o\000f\000\040\000M\000o\000n\000a\000r\000c\000h\000y}{chapter.8}% 54
\BOOKMARK [0][-]{chapter.9}{\376\377\000N\000o\000b\000i\000l\000i\000t\000y\000\040\000a\000n\000d\000\040\000C\000h\000i\000v\000a\000l\000r\000y}{}% 55
\BOOKMARK [1][-]{section.9.1}{\376\377\000R\000a\000n\000d\000o\000m\000\040\000t\000h\000o\000u\000g\000h\000t\000s\000\040\000o\000n\000\040\000C\000h\000i\000v\000a\000l\000r\000y}{chapter.9}% 56
\BOOKMARK [1][-]{section.9.2}{\376\377\000N\000i\000n\000e\000\040\000w\000o\000r\000t\000h\000i\000e\000s\000:\000\040\000C\000h\000a\000m\000p\000i\000o\000n\000s\000\040\000o\000f\000\040\000C\000h\000i\000v\000a\000l\000r\000y}{chapter.9}% 57
\BOOKMARK [1][-]{section.9.3}{\376\377\000A\000r\000i\000s\000t\000o\000c\000r\000a\000t\000i\000c\000\040\000P\000h\000i\000l\000o\000s\000o\000p\000h\000y}{chapter.9}% 58
\BOOKMARK [1][-]{section.9.4}{\376\377\000P\000r\000o\000l\000e\000\040\000T\000h\000o\000u\000g\000h\000t\000s}{chapter.9}% 59
\BOOKMARK [1][-]{section.9.5}{\376\377\000P\000r\000o\000l\000e\000g\000o\000m\000e\000n\000a\000\040\000t\000o\000\040\000N\000o\000b\000l\000e\000\040\000P\000h\000i\000l\000o\000s\000o\000p\000h\000y}{chapter.9}% 60
\BOOKMARK [1][-]{section.9.6}{\376\377\000N\000o\000t\000e\000s\000\040\000o\000f\000\040\000a\000\040\000L\000a\000t\000t\000e\000r\000\040\000D\000a\000y\000\040\000K\000n\000i\000g\000h\000t}{chapter.9}% 61
\BOOKMARK [1][-]{section.9.7}{\376\377\000T\000h\000e\000\040\000L\000a\000w\000\040\000o\000f\000\040\000S\000u\000c\000c\000e\000s\000s}{chapter.9}% 62
\BOOKMARK [1][-]{section.9.8}{\376\377\000T\000h\000e\000\040\000H\000o\000l\000y\000\040\000K\000n\000i\000g\000h\000t\000s\000\040\000T\000e\000m\000p\000l\000a\000r}{chapter.9}% 63
\BOOKMARK [1][-]{section.9.9}{\376\377\000T\000h\000e\000\040\000S\000y\000m\000b\000o\000l\000i\000s\000m\000\040\000o\000f\000\040\000t\000h\000e\000\040\000H\000o\000r\000s\000e}{chapter.9}% 64
\BOOKMARK [1][-]{section.9.10}{\376\377\000H\000e\000r\000o\000e\000s\000\040\000a\000n\000d\000\040\000V\000i\000b\000h\000u\000t\000i\000s}{chapter.9}% 65
\BOOKMARK [0][-]{chapter.10}{\376\377\000D\000e\000c\000a\000d\000e\000n\000c\000e\000.\000\040\000L\000i\000b\000e\000r\000a\000l\000i\000s\000m}{}% 66
\BOOKMARK [1][-]{section.10.1}{\376\377\000T\000h\000e\000\040\000F\000r\000a\000n\000k\000f\000u\000r\000t\000\040\000S\000c\000h\000o\000o\000l}{chapter.10}% 67
\BOOKMARK [1][-]{section.10.2}{\376\377\000T\000o\000\040\000B\000e\000\040\000C\000o\000n\000s\000i\000d\000e\000r\000e\000d\000\040\000a\000\040\000M\000a\000n}{chapter.10}% 68
\BOOKMARK [1][-]{section.10.3}{\376\377\000B\000o\000n\000f\000i\000r\000e\000\040\000o\000f\000\040\000t\000h\000e\000\040\000V\000a\000n\000i\000t\000i\000e\000s}{chapter.10}% 69
\BOOKMARK [1][-]{section.10.4}{\376\377\000L\000i\000b\000e\000r\000a\000l\000i\000s\000m\000\040\000a\000n\000d\000\040\000t\000h\000e\000\040\000I\000n\000d\000i\000v\000i\000d\000u\000a\000l}{chapter.10}% 70
\BOOKMARK [1][-]{section.10.5}{\376\377\000T\000h\000e\000\040\000M\000i\000s\000c\000o\000n\000c\000e\000p\000t\000i\000o\000n\000\040\000o\000f\000\040\000E\000g\000a\000l\000i\000t\000a\000r\000i\000a\000n\000i\000s\000m}{chapter.10}% 71
\BOOKMARK [1][-]{section.10.6}{\376\377\000T\000h\000e\000\040\000R\000i\000g\000h\000t\000s\000\040\000o\000f\000\040\000M\000a\000n}{chapter.10}% 72
\BOOKMARK [1][-]{section.10.7}{\376\377\000R\000e\000b\000u\000t\000t\000a\000l\000\040\000t\000o\000\040\000L\000i\000b\000e\000r\000a\000t\000i\000o\000n\000\040\000T\000h\000e\000o\000l\000o\000g\000y}{chapter.10}% 73
\BOOKMARK [1][-]{section.10.8}{\376\377\000G\000u\000e\000n\000o\000n\000\040\000R\000e\000a\000d\000e\000r\000\040\000o\000f\000\040\000N\000i\000e\000t\000z\000s\000c\000h\000e}{chapter.10}% 74
\BOOKMARK [1][-]{section.10.9}{\376\377\000G\000u\000\351\000n\000o\000n\000\040\000l\000e\000c\000t\000e\000u\000r\000\040\000d\000e\000\040\000N\000i\000e\000t\000z\000s\000c\000h\000e}{chapter.10}% 75
\BOOKMARK [1][-]{section.10.10}{\376\377\000T\000h\000e\000\040\000S\000t\000u\000p\000i\000d\000\040\000T\000w\000e\000n\000t\000y\000\040\000F\000i\000r\000s\000t\000\040\000C\000e\000n\000t\000u\000r\000y}{chapter.10}% 76
\BOOKMARK [1][-]{section.10.11}{\376\377\000D\000i\000n\000i\000n\000g\000\040\000w\000i\000t\000h\000\040\000D\000u\000n\000g\000\040\000B\000e\000e\000t\000l\000e\000s}{chapter.10}% 77
\BOOKMARK [1][-]{section.10.12}{\376\377\000M\000o\000n\000o\000t\000h\000e\000i\000s\000m\000,\000\040\000T\000o\000t\000a\000l\000i\000t\000a\000r\000i\000a\000n\000i\000s\000m\000,\000\040\000a\000n\000d\000\040\000o\000t\000h\000e\000r\000\040\000s\000t\000r\000a\000n\000g\000e\000\040\000M\000e\000m\000e\000s}{chapter.10}% 78
\BOOKMARK [0][-]{chapter.11}{\376\377\000E\000v\000o\000l\000a\000'\000s\000\040\000T\000o\000o\000l\000s\000\040\000o\000f\000\040\000t\000h\000e\000\040\000O\000c\000c\000u\000l\000t\000\040\000W\000a\000r}{}% 79
\BOOKMARK [1][-]{section.11.1}{\376\377\000T\000a\000c\000t\000i\000c\000s\000\040\000o\000f\000\040\000t\000h\000e\000\040\000O\000c\000c\000u\000l\000t\000\040\000W\000a\000r}{chapter.11}% 80
\BOOKMARK [1][-]{section.11.2}{\376\377\000T\000h\000e\000\040\000T\000o\000o\000l\000s\000\040\000o\000f\000\040\000t\000h\000e\000\040\000O\000c\000c\000u\000l\000t\000\040\000W\000a\000r}{chapter.11}% 81
\BOOKMARK [0][-]{chapter.12}{\376\377\000R\000e\000t\000u\000r\000n\000\040\000t\000o\000\040\000T\000r\000a\000d\000i\000t\000i\000o\000n\000.\000\040\000T\000h\000e\000\040\000F\000u\000t\000u\000r\000e\000\040\000E\000l\000i\000t\000e}{}% 82
\BOOKMARK [1][-]{section.12.1}{\376\377\000T\000h\000e\000\040\040\034\000P\000r\000o\000p\000h\000e\000c\000i\000e\000s\040\035\000\040\000o\000f\000\040\000R\000e\000n\000e\000\040\000G\000u\000e\000n\000o\000n}{chapter.12}% 83
\BOOKMARK [1][-]{section.12.2}{\376\377\000L\000i\000g\000h\000t\000n\000i\000n\000g\000\040\000S\000t\000r\000i\000k\000e\000s\000\040\000f\000r\000o\000m\000\040\000t\000h\000e\000\040\000E\000a\000s\000t}{chapter.12}% 84
\BOOKMARK [1][-]{section.12.3}{\376\377\000R\000e\000c\000o\000v\000e\000r\000i\000n\000g\000\040\000T\000r\000a\000d\000i\000t\000i\000o\000n}{chapter.12}% 85
\BOOKMARK [1][-]{section.12.4}{\376\377\000H\000u\000m\000a\000n\000,\000\040\000A\000l\000l\000\040\000T\000o\000o\000\040\000H\000u\000m\000a\000n}{chapter.12}% 86
\BOOKMARK [1][-]{section.12.5}{\376\377\000B\000i\000r\000t\000h\000\040\000a\000n\000d\000\040\000E\000s\000s\000e\000n\000c\000e\000\040\000o\000f\000\040\000t\000h\000e\000\040\000M\000o\000d\000e\000r\000n\000\040\000M\000y\000t\000h}{chapter.12}% 87
\BOOKMARK [1][-]{section.12.6}{\376\377\000R\000o\000u\000n\000d\000\040\000T\000a\000b\000l\000e\000:\000\040\000O\000s\000s\000e\000n\000d\000o\000w\000s\000k\000i\000,\000\040\000G\000u\000e\000n\000o\000n\000,\000\040\000M\000a\000r\000i\000t\000a\000i\000n}{chapter.12}% 88
\BOOKMARK [1][-]{section.12.7}{\376\377\000F\000r\000o\000m\000\040\000E\000g\000y\000p\000t\000\040\000t\000o\000\040\000E\000i\000r\000e}{chapter.12}% 89
\BOOKMARK [1][-]{section.12.8}{\376\377\000E\000s\000s\000e\000n\000c\000e\000\040\000o\000f\000\040\000A\000r\000c\000h\000a\000i\000s\000m}{chapter.12}% 90
\BOOKMARK [1][-]{section.12.9}{\376\377\000T\000h\000e\000\040\000N\000o\000t\000i\000o\000n\000\040\000o\000f\000\040\000a\000n\000\040\000E\000l\000i\000t\000e}{chapter.12}% 91
\BOOKMARK [0][-]{chapter.13}{\376\377\000T\000h\000e\000\040\000H\000i\000d\000d\000e\000n\000\040\000M\000e\000a\000n\000i\000n\000g\000\040\000o\000f\000\040\000H\000i\000s\000t\000o\000r\000y}{}% 92
\BOOKMARK [1][-]{section.13.1}{\376\377\000I\000d\000e\000a\000s\000\040\000a\000n\000d\000\040\000H\000i\000d\000d\000e\000n\000\040\000H\000i\000s\000t\000o\000r\000y}{chapter.13}% 93
\BOOKMARK [1][-]{section.13.2}{\376\377\000R\000e\000v\000i\000e\000w\000\040\000o\000f\000\040\000t\000h\000e\000\040\000M\000e\000a\000n\000i\000n\000g\000\040\000o\000f\000\040\000H\000i\000s\000t\000o\000r\000y}{chapter.13}% 94
\BOOKMARK [1][-]{section.13.3}{\376\377\000O\000n\000\040\000t\000h\000e\000\040\000H\000i\000d\000d\000e\000n\000\040\000H\000i\000s\000t\000o\000r\000y\000\040\000o\000f\000\040\000R\000o\000m\000e}{chapter.13}% 95
\BOOKMARK [1][-]{section.13.4}{\376\377\000N\000a\000t\000i\000o\000n\000a\000l\000i\000s\000m\000\040\000a\000n\000d\000\040\000C\000o\000s\000m\000o\000p\000o\000l\000i\000t\000a\000n\000i\000s\000m}{chapter.13}% 96
\BOOKMARK [0][-]{chapter.14}{\376\377\000C\000o\000n\000s\000e\000r\000v\000a\000t\000i\000s\000m\000\040\000a\000n\000d\000\040\000I\000d\000e\000a\000l\000i\000s\000m}{}% 97
\BOOKMARK [1][-]{section.14.1}{\376\377\000T\000h\000e\000\040\000P\000r\000i\000n\000c\000i\000p\000l\000e\000s\000\040\000o\000f\000\040\000W\000e\000l\000l\000-\000b\000r\000e\000d\000\040\000M\000e\000n}{chapter.14}% 98
\BOOKMARK [1][-]{section.14.2}{\376\377\000D\000o\000n\000o\000s\000o\000\040\000C\000o\000r\000t\000e\000s\000,\000\040\000C\000a\000r\000l\000\040\000S\000c\000h\000m\000i\000t\000t\000,\000\040\000B\000o\000n\000a\000l\000d}{chapter.14}% 99
\BOOKMARK [1][-]{section.14.3}{\376\377\000D\000o\000n\000o\000s\000o\000\040\000o\000n\000\040\000L\000i\000b\000e\000r\000a\000l\000i\000s\000m\000,\000\040\000S\000o\000c\000i\000a\000l\000i\000s\000m\000,\000\040\000a\000n\000d\000\040\000C\000a\000t\000h\000o\000l\000i\000c\000i\000s\000m}{chapter.14}% 100
\BOOKMARK [1][-]{section.14.4}{\376\377\000T\000h\000e\000\040\000F\000a\000i\000t\000h\000\040\000o\000f\000\040\000a\000\040\000P\000r\000i\000n\000c\000e}{chapter.14}% 101
\BOOKMARK [1][-]{section.14.5}{\376\377\000C\000o\000m\000m\000u\000n\000i\000t\000y\000\040\000a\000n\000d\000\040\000S\000o\000c\000i\000e\000t\000y}{chapter.14}% 102
\BOOKMARK [1][-]{section.14.6}{\376\377\000T\000h\000e\000\040\000G\000e\000r\000m\000a\000n\000\040\000C\000o\000n\000s\000e\000r\000v\000a\000t\000i\000v\000e\000\040\000R\000e\000v\000o\000l\000u\000t\000i\000o\000n}{chapter.14