\BOOKMARK [0][-]{chapter.1}{\376\377\000I\000n\000t\000r\000o\000d\000u\000c\000t\000i\000o\000n}{}% 1
\BOOKMARK [1][-]{section.1.1}{\376\377\000A\000l\000l\000\040\000T\000h\000i\000n\000g\000s\000\040\000w\000e\000r\000e\000\040\000r\000e\000s\000t\000o\000r\000e\000d\000\040\000t\000o\000\040\000O\000r\000d\000e\000r}{chapter.1}% 2
\BOOKMARK [1][-]{section.1.2}{\376\377\000T\000h\000e\000\040\000H\000e\000r\000m\000e\000t\000i\000c\000\040\000M\000e\000t\000h\000o\000d}{chapter.1}% 3
\BOOKMARK [1][-]{section.1.3}{\376\377\000H\000e\000r\000m\000e\000t\000i\000c\000\040\000M\000a\000x\000i\000m\000s}{chapter.1}% 4
\BOOKMARK [1][-]{section.1.4}{\376\377\000I\000n\000n\000a\000t\000e\000\040\000W\000i\000s\000d\000o\000m\000\040\000a\000n\000d\000\040\000C\000o\000l\000l\000e\000c\000t\000i\000v\000e\000\040\000I\000n\000i\000t\000i\000a\000t\000i\000o\000n}{chapter.1}% 5
\BOOKMARK [1][-]{section.1.5}{\376\377\000S\000a\000f\000e\000g\000u\000a\000r\000d\000i\000n\000g\000\040\000t\000h\000e\000\040\000M\000y\000s\000t\000e\000r\000i\000e\000s}{chapter.1}% 6
\BOOKMARK [1][-]{section.1.6}{\376\377\000H\000e\000r\000m\000e\000t\000i\000s\000m\000\040\000a\000n\000d\000\040\000t\000h\000e\000\040\000P\000r\000i\000m\000o\000r\000d\000i\000a\000l\000\040\000S\000t\000a\000t\000e}{chapter.1}% 7
\BOOKMARK [1][-]{section.1.7}{\376\377\000S\000p\000i\000r\000i\000t\000u\000a\000l\000\040\000C\000h\000a\000l\000l\000e\000n\000g\000e\000\040\000a\000n\000d\000\040\000R\000e\000n\000e\000w\000a\000l}{chapter.1}% 8
\BOOKMARK [1][-]{section.1.8}{\376\377\000T\000h\000e\000\040\000C\000h\000u\000r\000c\000h\000\040\000o\000f\000\040\000J\000o\000h\000n}{chapter.1}% 9
\BOOKMARK [1][-]{section.1.9}{\376\377\000P\000r\000\351\000c\000i\000s}{chapter.1}% 10
\BOOKMARK [1][-]{section.1.10}{\376\377\000R\000e\000s\000t\000a\000t\000e\000m\000e\000n\000t\000\040\000o\000f\000\040\000P\000u\000r\000p\000o\000s\000e}{chapter.1}% 11
\BOOKMARK [1][-]{section.1.11}{\376\377\000T\000h\000e\000\040\000P\000u\000r\000p\000o\000s\000e\000\040\000o\000f\000\040\000L\000i\000f\000e\000\040\000R\000e\000v\000e\000a\000l\000e\000d}{chapter.1}% 12
\BOOKMARK [1][-]{section.1.12}{\376\377\000S\000p\000i\000r\000i\000t\000u\000a\000l\000\040\000L\000A\000R\000P\000i\000n\000g}{chapter.1}% 13
\BOOKMARK [1][-]{section.1.13}{\376\377\000I\000n\000t\000e\000l\000l\000e\000c\000t\000u\000a\000l\000i\000t\000y\000\040\000a\000n\000d\000\040\000S\000p\000i\000r\000i\000t\000u\000a\000l\000i\000t\000y\000\040\000R\000e\000d\000u\000x}{chapter.1}% 14
\BOOKMARK [1][-]{section.1.14}{\376\377\000H\000i\000e\000r\000a\000r\000c\000h\000i\000c\000a\000l\000\040\000O\000r\000d\000e\000r\000\040\000a\000m\000o\000n\000g\000\040\000M\000a\000n\000k\000i\000n\000d}{chapter.1}% 15
\BOOKMARK [1][-]{section.1.15}{\376\377\000T\000h\000e\000\040\000P\000e\000r\000s\000o\000n\000a\000l\000\040\000E\000q\000u\000a\000t\000i\000o\000n\000\040\000a\000n\000d\000\040\000B\000e\000l\000i\000e\000f}{chapter.1}% 16
\BOOKMARK [1][-]{section.1.16}{\376\377\000T\000h\000e\000\040\000G\000r\000e\000a\000t\000e\000r\000\040\000M\000y\000s\000t\000e\000r\000i\000e\000s}{chapter.1}% 17
\BOOKMARK [1][-]{section.1.17}{\376\377\000T\000h\000e\000\040\000M\000e\000s\000s\000\040\000W\000e\000\040\000A\000r\000e\000\040\000I\000n}{chapter.1}% 18
\BOOKMARK [0][-]{chapter.2}{\376\377\000T\000h\000e\000\040\000H\000e\000r\000m\000e\000t\000i\000c\000\040\000T\000r\000a\000d\000i\000t\000i\000o\000n}{}% 19
\BOOKMARK [1][-]{section.2.1}{\376\377\000V\000i\000n\000c\000i\000t\000\040\000o\000m\000n\000i\000a\000\040\000V\000e\000r\000i\000t\000a\000s}{chapter.2}% 20
\BOOKMARK [1][-]{section.2.2}{\376\377\000T\000h\000e\000\040\000W\000i\000s\000e\000\040\000M\000a\000n\000\040\000r\000u\000l\000e\000s\000\040\000t\000h\000e\000\040\000E\000l\000e\000m\000e\000n\000t\000s}{chapter.2}% 21
\BOOKMARK [1][-]{section.2.3}{\376\377\000T\000h\000e\000\040\000F\000r\000e\000n\000c\000h\000\040\000H\000e\000r\000m\000e\000t\000i\000c\000\040\000T\000r\000a\000d\000i\000t\000i\000o\000n}{chapter.2}% 22
\BOOKMARK [1][-]{section.2.4}{\376\377\000L\000a\000n\000d\000\040\000o\000f\000\040\000t\000h\000e\000\040\000T\000w\000i\000c\000e\000-\000b\000o\000r\000n}{chapter.2}% 23
\BOOKMARK [1][-]{section.2.5}{\376\377\000T\000h\000e\000\040\000H\000e\000a\000r\000t\000\040\000o\000f\000\040\000t\000h\000e\000\040\000W\000e\000s\000t}{chapter.2}% 24
\BOOKMARK [1][-]{section.2.6}{\376\377\000Z\000a\000r\000a\000t\000h\000u\000s\000t\000r\000a}{chapter.2}% 25
\BOOKMARK [1][-]{section.2.7}{\376\377\000D\000e\000a\000t\000h\000\040\000b\000y\000\040\000a\000\040\000K\000i\000s\000s}{chapter.2}% 26
\BOOKMARK [1][-]{section.2.8}{\376\377\000T\000h\000e\000\040\000H\000i\000d\000d\000e\000n\000\040\000T\000r\000a\000d\000i\000t\000i\000o\000n}{chapter.2}% 27
\BOOKMARK [1][-]{section.2.9}{\376\377\000T\000h\000e\000\040\000S\000p\000i\000r\000i\000t\000\040\000o\000f\000\040\000J\000o\000s\000e\000p\000h\000\040\000d\000e\000\040\000M\000a\000i\000s\000t\000r\000e}{chapter.2}% 28
\BOOKMARK [1][-]{section.2.10}{\376\377\000B\000e\000f\000o\000r\000e\000\040\000y\000o\000u\000\040\000t\000h\000i\000n\000k\000\040\000a\000n\000d\000\040\000c\000h\000o\000o\000s\000e}{chapter.2}% 29
\BOOKMARK [1][-]{section.2.11}{\376\377\000A\000c\000t\000i\000o\000n\000\040\000a\000n\000d\000\040\000C\000o\000n\000t\000e\000m\000p\000l\000a\000t\000i\000o\000n\000\040\000i\000n\000\040\000D\000a\000n\000t\000e\040\031\000s\000\040\000D\000i\000v\000i\000n\000e\000\040\000C\000o\000m\000e\000d\000y}{chapter.2}% 30
\BOOKMARK [1][-]{section.2.12}{\376\377\000T\000h\000e\000\040\000R\000o\000a\000d\000\040\000f\000r\000o\000m\000\040\000D\000a\000n\000t\000e\000\040\000t\000o\000\040\000G\000u\000e\000n\000o\000n}{chapter.2}% 31
\BOOKMARK [1][-]{section.2.13}{\376\377\000D\000a\000n\000t\000e\000\040\000a\000n\000d\000\040\000t\000h\000e\000\040\000H\000e\000r\000m\000e\000t\000i\000c\000\040\000M\000e\000t\000h\000o\000d}{chapter.2}% 32
\BOOKMARK [1][-]{section.2.14}{\376\377\000T\000r\000a\000d\000i\000t\000i\000o\000n\000\040\000o\000n\000\040\000I\000t\000a\000l\000i\000a\000n\000\040\000S\000o\000i\000l}{chapter.2}% 33
\BOOKMARK [1][-]{section.2.15}{\376\377\000P\000r\000o\000p\000h\000e\000t\000s\000\040\000o\000f\000\040\000E\000l\000e\000c\000t\000r\000u\000m}{chapter.2}% 34
\BOOKMARK [1][-]{section.2.16}{\376\377\000S\000o\000p\000h\000i\000a\000,\000\040\000t\000h\000e\000\040\000W\000i\000s\000d\000o\000m\000\040\000o\000f\000\040\000G\000o\000d}{chapter.2}% 35
\BOOKMARK [0][-]{chapter.3}{\376\377\000C\000h\000r\000i\000s\000t\000i\000a\000n\000\040\000G\000n\000o\000s\000i\000s}{}% 36
\BOOKMARK [1][-]{section.3.1}{\376\377\000G\000n\000o\000s\000i\000s\000,\000\040\000p\000r\000o\000p\000e\000r\000l\000y\000\040\000s\000o\000\040\000c\000a\000l\000l\000e\000d}{chapter.3}% 37
\BOOKMARK [1][-]{section.3.2}{\376\377\000T\000h\000e\000\040\000W\000a\000y\000\040\000o\000f\000\040\000G\000n\000o\000s\000i\000s}{chapter.3}% 38
\BOOKMARK [1][-]{section.3.3}{\376\377\000P\000r\000e\000q\000u\000e\000l\000\040\000t\000o\000\040\000t\000h\000e\000\040\000T\000h\000r\000e\000e\000\040\000W\000o\000r\000l\000d\000s}{chapter.3}% 39
\BOOKMARK [1][-]{section.3.4}{\376\377\000T\000h\000e\000\040\000E\000s\000o\000t\000e\000r\000i\000c\000\040\000P\000a\000t\000h}{chapter.3}% 40
\BOOKMARK [1][-]{section.3.5}{\376\377\000T\000h\000e\000\040\000K\000i\000n\000g\000d\000o\000m\000\040\000o\000f\000\040\000H\000e\000a\000v\000e\000n}{chapter.3}% 41
\BOOKMARK [1][-]{section.3.6}{\376\377\000E\000s\000o\000t\000e\000r\000i\000s\000m\000\040\000a\000n\000d\000\040\000C\000h\000r\000i\000s\000t\000i\000a\000n\000\040\000M\000y\000s\000t\000i\000c\000i\000s\000m}{chapter.3}% 42
\BOOKMARK [1][-]{section.3.7}{\376\377\000T\000h\000e\000\040\000C\000r\000o\000s\000s\000\040\000a\000n\000d\000\040\000t\000h\000e\000\040\000E\000a\000g\000l\000e}{chapter.3}% 43
\BOOKMARK [1][-]{section.3.8}{\376\377\000D\000a\000n\000t\000e\000'\000s\000\040\000C\000o\000n\000t\000e\000m\000p\000l\000a\000t\000i\000o\000n}{chapter.3}% 44
\BOOKMARK [1][-]{section.3.9}{\376\377\000E\000s\000o\000t\000e\000r\000i\000c\000\040\000S\000c\000h\000o\000l\000a\000s\000t\000i\000c\000i\000s\000m}{chapter.3}% 45
\BOOKMARK [1][-]{section.3.10}{\376\377\000C\000h\000r\000i\000s\000t\000i\000a\000n\000\040\000G\000n\000o\000s\000i\000s}{chapter.3}% 46
\BOOKMARK [2][-]{subsection.3.10.1}{\376\377\000I\000n\000t\000r\000o\000d\000u\000c\000t\000i\000o\000n}{section.3.10}% 47
\BOOKMARK [2][-]{subsection.3.10.2}{\376\377\000C\000o\000s\000m\000o\000l\000o\000g\000y\000\040\000a\000n\000d\000\040\000C\000h\000r\000i\000s\000t\000i\000a\000n\000\040\000K\000a\000b\000b\000a\000l\000a\000h}{section.3.10}% 48
\BOOKMARK [2][-]{subsection.3.10.3}{\376\377\000M\000e\000i\000s\000t\000e\000r\000\040\000E\000c\000k\000h\000a\000r\000t}{section.3.10}% 49
\BOOKMARK [2][-]{subsection.3.10.4}{\376\377\000J\000a\000c\000o\000b\000\040\000B\000o\000e\000h\000m\000e}{section.3.10}% 50
\BOOKMARK [1][-]{section.3.11}{\376\377\000T\000h\000e\000\040\000R\000u\000s\000s\000i\000a\000n\000\040\000I\000d\000e\000a}{chapter.3}% 51
\BOOKMARK [1][-]{section.3.12}{\376\377\000S\000o\000p\000h\000i\000a\000\040\000a\000n\000d\000\040\000t\000h\000e\000\040\000E\000t\000e\000r\000n\000a\000l\000\040\000F\000e\000m\000i\000n\000i\000n\000e}{chapter.3}% 52
\BOOKMARK [1][-]{section.3.13}{\376\377\000B\000e\000r\000d\000y\000a\000e\000v\000\040\000a\000n\000d\000\040\000t\000h\000e\000\040\000M\000i\000r\000a\000g\000e\000\040\000o\000f\000\040\000P\000r\000o\000g\000r\000e\000s\000s}{chapter.3}% 53
\BOOKMARK [1][-]{section.3.14}{\376\377\000T\000h\000e\000o\000s\000o\000p\000h\000y\000\040\000a\000n\000d\000\040\000G\000n\000o\000s\000i\000s}{chapter.3}% 54
\BOOKMARK [1][-]{section.3.15}{\376\377\000T\000h\000o\000u\000g\000h\000t\000s\000\040\000a\000r\000o\000u\000n\000d\000\040\000t\000h\000e\000\040\000M\000a\000y\000p\000o\000l\000e}{chapter.3}% 55
\BOOKMARK [1][-]{section.3.16}{\376\377\000T\000h\000e\000\040\000A\000r\000t\000i\000s\000t\000\040\000o\000f\000\040\000t\000h\000e\000\040\000F\000u\000t\000u\000r\000e}{chapter.3}% 56
\BOOKMARK [0][-]{chapter.4}{\376\377\000C\000h\000r\000i\000s\000t\000i\000a\000n\000\040\000D\000o\000c\000t\000r\000i\000n\000e\000\040\000a\000n\000d\000\040\000T\000h\000e\000o\000l\000o\000g\000y}{}% 57
\BOOKMARK [1][-]{section.4.1}{\376\377\000J\000u\000s\000t\000i\000f\000i\000c\000a\000t\000i\000o\000n\000\040\000a\000n\000d\000\040\000P\000o\000s\000t\000m\000o\000r\000t\000e\000m\000\040\000S\000t\000a\000t\000e\000s}{chapter.4}% 58
\BOOKMARK [1][-]{section.4.2}{\376\377\000O\000n\000\040\000J\000o\000b\000\040\000a\000n\000d\000\040\000S\000u\000f\000f\000e\000r\000i\000n\000g}{chapter.4}% 59
\BOOKMARK [1][-]{section.4.3}{\376\377\000B\000e\000n\000e\000d\000i\000c\000t\000i\000n\000e\000s\000\040\000a\000n\000d\000\040\000L\000e\000c\000t\000i\000o\000\040\000D\000i\000v\000i\000n\000a}{chapter.4}% 60
\BOOKMARK [1][-]{section.4.4}{\376\377\000A\000b\000s\000e\000n\000c\000e\000\040\000a\000s\000\040\000p\000r\000e\000s\000e\000n\000c\000e}{chapter.4}% 61
\BOOKMARK [1][-]{section.4.5}{\376\377\000T\000h\000e\000\040\000D\000e\000v\000i\000l\000s\000\040\000C\000o\000n\000s\000p\000i\000r\000e}{chapter.4}% 62
\BOOKMARK [1][-]{section.4.6}{\376\377\000M\000e\000d\000i\000t\000a\000t\000i\000o\000n\000s\000\040\000o\000n\000\040\000t\000h\000e\000\040\000G\000o\000o\000d\000\040\000L\000i\000f\000e}{chapter.4}% 63
\BOOKMARK [1][-]{section.4.7}{\376\377\000A\000d\000o\000r\000n\000m\000e\000n\000t\000\040\000o\000f\000\040\000t\000h\000e\000\040\000S\000p\000i\000r\000i\000t\000u\000a\000l\000\040\000M\000a\000r\000r\000i\000a\000g\000e}{chapter.4}% 64
\BOOKMARK [1][-]{section.4.8}{\376\377\000P\000r\000e\000d\000e\000s\000t\000i\000n\000a\000t\000i\000o\000n\000\040\000a\000n\000d\000\040\000P\000r\000e\000d\000i\000l\000e\000c\000t\000i\000o\000n}{chapter.4}% 65
\BOOKMARK [1][-]{section.4.9}{\376\377\000T\000h\000e\000\040\000B\000r\000e\000a\000t\000h\000\040\000o\000f\000\040\000L\000i\000f\000e}{chapter.4}% 66
\BOOKMARK [1][-]{section.4.10}{\376\377\000S\000t\000\040\000A\000n\000t\000h\000o\000n\000y\000\040\000a\000n\000d\000\040\000P\000r\000a\000c\000t\000i\000c\000a\000l\000\040\000R\000e\000a\000s\000o\000n}{chapter.4}% 67
\BOOKMARK [1][-]{section.4.11}{\376\377\000O\000n\000\040\000t\000h\000e\000\040\000H\000u\000m\000a\000n\000\040\000S\000o\000u\000l}{chapter.4}% 68
\BOOKMARK [1][-]{section.4.12}{\376\377\000P\000h\000i\000l\000o\000k\000a\000l\000i\000a\000\040\000a\000n\000d\000\040\000t\000h\000e\000\040\000R\000e\000c\000o\000v\000e\000r\000y\000\040\000o\000f\000\040\000T\000r\000a\000d\000i\000t\000i\000o\000n}{chapter.4}% 69
\BOOKMARK [1][-]{section.4.13}{\376\377\000R\000a\000t\000i\000o\000n\000a\000l\000\040\000M\000a\000n\000\040\000a\000n\000d\000\040\000M\000o\000r\000a\000l\000\040\000L\000a\000w}{chapter.4}% 70
\BOOKMARK [1][-]{section.4.14}{\376\377\000G\000l\000e\000a\000n\000i\000n\000g\000s\000\040\000a\000b\000o\000u\000t\000\040\000t\000h\000e\000\040\000F\000i\000e\000l\000d\000\040\000o\000f\000\040\000P\000e\000a\000r\000l\000s}{chapter.4}% 71
\BOOKMARK [1][-]{section.4.15}{\376\377\000T\000h\000e\000\040\000I\000m\000a\000g\000e\000\040\000a\000n\000d\000\040\000L\000i\000k\000e\000n\000e\000s\000s}{chapter.4}% 72
\BOOKMARK [1][-]{section.4.16}{\376\377\000S\000e\000v\000e\000n\000\040\000G\000i\000f\000t\000s\000\040\000o\000f\000\040\000t\000h\000e\000\040\000H\000o\000l\000y\000\040\000S\000p\000i\000r\000i\000t}{chapter.4}% 73
\BOOKMARK [1][-]{section.4.17}{\376\377\000L\000e\000n\000g\000t\000h\000,\000\040\000B\000r\000e\000a\000d\000t\000h\000,\000\040\000H\000e\000i\000g\000h\000t\000,\000\040\000D\000e\000p\000t\000h}{chapter.4}% 74
\BOOKMARK [1][-]{section.4.18}{\376\377\000T\000o\000\040\000e\000a\000t\000\040\000o\000f\000\040\000t\000h\000e\000\040\000T\000r\000e\000e}{chapter.4}% 75
\BOOKMARK [1][-]{section.4.19}{\376\377\000T\000h\000e\000\040\000H\000e\000a\000t\000\040\000D\000e\000a\000t\000h\000\040\000o\000f\000\040\000t\000h\000e\000\040\000H\000u\000m\000a\000n\000\040\000R\000a\000c\000e}{chapter.4}% 76
\BOOKMARK [1][-]{section.4.20}{\376\377\000B\000e\000r\000n\000a\000r\000d\000\040\000a\000n\000d\000\040\000t\000h\000e\000\040\000M\000i\000l\000i\000t\000i\000a\000\040\000o\000f\000\040\000G\000o\000d}{chapter.4}% 77
\BOOKMARK [0][-]{chapter.5}{\376\377\000M\000e\000d\000i\000t\000a\000t\000i\000o\000n\000s\000\040\000o\000n\000\040\000t\000h\000e\000\040\000O\000l\000d\000\040\000T\000e\000s\000t\000a\000m\000e\000n\000t}{}% 78
\BOOKMARK [1][-]{section.5.1}{\376\377\000I\000n\000\040\000t\000h\000e\000\040\000B\000e\000g\000i\000n\000n\000i\000n\000g}{chapter.5}% 79
\BOOKMARK [1][-]{section.5.2}{\376\377\000T\000h\000e\000\040\000S\000t\000a\000g\000e\000s\000\040\000o\000f\000\040\000t\000h\000e\000\040\000F\000a\000l\000l}{chapter.5}% 80
\BOOKMARK [1][-]{section.5.3}{\376\377\000H\000e\000r\000m\000e\000t\000i\000c\000\040\000M\000e\000d\000i\000t\000a\000t\000i\000o\000n}{chapter.5}% 81
\BOOKMARK [0][-]{chapter.6}{\376\377\000M\000e\000d\000i\000t\000a\000t\000i\000o\000n\000s\000\040\000o\000n\000\040\000t\000h\000e\000\040\000G\000o\000s\000p\000e\000l\000s}{}% 82
\BOOKMARK [1][-]{section.6.1}{\376\377\000M\000e\000d\000i\000t\000a\000t\000i\000o\000n\000\040\000o\000n\000\040\000t\000h\000e\000\040\000I\000m\000m\000a\000c\000u\000l\000a\000t\000e\000\040\000C\000o\000n\000c\000e\000p\000t\000i\000o\000n}{chapter.6}% 83
\BOOKMARK [1][-]{section.6.2}{\376\377\000M\000e\000d\000i\000t\000a\000t\000i\000o\000n\000\040\000o\000n\000\040\000t\000h\000e\000\040\000I\000n\000c\000a\000r\000n\000a\000t\000i\000o\000n}{chapter.6}% 84
\BOOKMARK [1][-]{section.6.3}{\376\377\000T\000h\000e\000\040\000I\000n\000f\000a\000n\000c\000y\000\040\000N\000a\000r\000r\000a\000t\000i\000v\000e\000s}{chapter.6}% 85
\BOOKMARK [1][-]{section.6.4}{\376\377\000T\000h\000e\000\040\000H\000e\000r\000a\000l\000d\000\040\000A\000n\000g\000e\000l\000s\000\040\000S\000i\000n\000g}{chapter.6}% 86
\BOOKMARK [1][-]{section.6.5}{\376\377\000R\000e\000v\000e\000l\000a\000t\000i\000o\000n\000\040\000t\000o\000\040\000t\000h\000e\000\040\000W\000i\000s\000e}{chapter.6}% 87
\BOOKMARK [1][-]{section.6.6}{\376\377\000T\000h\000e\000\040\000H\000o\000l\000y\000\040\000G\000r\000a\000i\000l}{chapter.6}% 88
\BOOKMARK [1][-]{section.6.7}{\376\377\000T\000h\000e\000\040\000S\000e\000v\000e\000n\000\040\000M\000i\000r\000a\000c\000l\000e\000s\000\040\000a\000s\000\040\000a\000n\000\040\000E\000s\000o\000t\000e\000r\000i\000c\000\040\000S\000c\000h\000o\000o\000l}{chapter.6}% 89
\BOOKMARK [0][-]{chapter.7}{\376\377\000A\000d\000v\000e\000n\000t\000\040\000M\000e\000d\000i\000t\000a\000t\000i\000o\000n\000s}{}% 90
\BOOKMARK [1][-]{section.7.1}{\376\377\000W\000e\000e\000k\000\040\0001}{chapter.7}% 91
\BOOKMARK [1][-]{section.7.2}{\376\377\000W\000e\000e\000k\000\040\0002\000:\000\040\000P\000u\000r\000i\000t\000y\000\040\000o\000f\000\040\000T\000h\000o\000u\000g\000h\000t}{chapter.7}% 92
\BOOKMARK [1][-]{section.7.3}{\376\377\000W\000e\000e\000k\000\040\0003\000:\000\040\000P\000u\000r\000i\000t\000y\000\040\000o\000f\000\040\000W\000i\000l\000l}{chapter.7}% 93
\BOOKMARK [1][-]{section.7.4}{\376\377\000W\000e\000e\000k\000\040\0004\000:\000\040\000I\000n\000c\000a\000r\000n\000a\000t\000i\000o\000n\000\040\000o\000f\000\040\000t\000h\000e\000\040\000L\000o\000g\000o\000s}{chapter.7}% 94
\BOOKMARK [1][-]{section.7.5}{\376\377\000T\000h\000e\000\040\000M\000e\000a\000n\000i\000n\000g\000\040\000o\000f\000\040\000C\000h\000r\000i\000s\000t\000m\000a\000s}{chapter.7}% 95
\BOOKMARK [0][-]{chapter.8}{\376\377\000M\000e\000d\000i\000t\000a\000t\000i\000o\000n\000s\000\040\000o\000n\000\040\000t\000h\000e\000\040\000A\000n\000g\000e\000l\000s}{}% 96
\BOOKMARK [1][-]{section.8.1}{\376\377\000G\000o\000d\000s\000\040\000a\000n\000d\000\040\000A\000n\000g\000e\000l\000s}{chapter.8}% 97
\BOOKMARK [1][-]{section.8.2}{\376\377\000T\000h\000e\000\040\000T\000r\000u\000e\000\040\000H\000o\000r\000o\000s\000c\000o\000p\000e}{chapter.8}% 98
\BOOKMARK [1][-]{section.8.3}{\376\377\000L\000i\000b\000e\000r\000a\000t\000i\000n\000g\000\040\000t\000h\000e\000\040\000G\000u\000a\000r\000d\000i\000a\000n\000\040\000A\000n\000g\000e\000l}{chapter.8}% 99
\BOOKMARK [1][-]{section.8.4}{\376\377\000A\000n\000g\000e\000l\000s\000\040\000a\000n\000d\000\040\000D\000e\000m\000o\000n\000s}{chapter.8}% 100
\BOOKMARK [1][-]{section.8.5}{\376\377\000C\000h\000a\000n\000g\000i\000n\000g\000\040\000o\000f\000\040\000t\000h\000e\000\040\000G\000u\000a\000r\000d}{chapter.8}% 101
\BOOKMARK [1][-]{section.8.6}{\376\377\000T\000h\000e\000\040\000B\000o\000n\000d\000a\000g\000e\000\040\000o\000f\000\040\000S\000p\000i\000r\000i\000t\000s}{chapter.8}% 102
\BOOKMARK [1][-]{section.8.7}{\376\377\000A\000n\000g\000e\000l\000i\000c\000\040\000S\000t\000a\000t\000e\000s\000\040\000o\000f\000\040\000B\000e\000i\000n\000g}{chapter.8}% 103
\BOOKMARK [0][-]{chapter.9}{\376\377\000M\000e\000d\000i\000t\000a\000t\000i\000o\000n\000s\000\040\000o\000n\000\040\000I\000n\000c\000a\000r\000n\000a\000t\000i\000o\000n}{}% 104
\BOOKMARK [1][-]{section.9.1}{\376\377\000C\000l\000a\000s\000s\000i\000c\000a\000l\000\040\000a\000n\000d\000\040\000R\000o\000m\000a\000n\000t\000i\000c\000\040\000E\000t\000h\000i\000c\000s}{chapter.9}% 105
\BOOKMARK [1][-]{section.9.2}{\376\377\000I\000n\000c\000a\000r\000n\000a\000t\000i\000o\000n\000\040\000o\000f\000\040\000t\000h\000e\000\040\000L\000o\000g\000o\000s}{chapter.9}% 106
\BOOKMARK [0][-]{chapter.10}{\376\377\000H\000e\000r\000m\000e\000t\000i\000c\000\040\000M\000e\000d\000i\000t\000a\000t\000i\000o\000n\000s\000\040\000o\000n\000\040\000C\000a\000t\000h\000o\000l\000i\000c\000\040\000D\000o\000c\000t\000r\000i\000n\000e}{}% 107
\BOOKMARK [1][-]{section.10.1}{\376\377\000S\000o\000l\000e\000m\000n\000i\000t\000y\000\040\000o\000f\000\040\000M\000a\000r\000y}{chapter.10}% 108
\BOOKMARK [1][-]{section.10.2}{\376\377\000A\000n\000d\000\040\000G\000o\000d\000\040\000C\000r\000e\000a\000t\000e\000d\000\040\000W\000o\000m\000a\000n}{chapter.10}% 109
\BOOKMARK [1][-]{section.10.3}{\376\377\000I\000\040\000S\000l\000e\000e\000p\000,\000\040\000b\000u\000t\000\040\000t\000h\000e\000\040\000H\000e\000a\000r\000t\000\040\000i\000s\000\040\000A\000w\000a\000k\000e}{chapter.10}% 110
\BOOKMARK [1][-]{section.10.4}{\376\377\000M\000e\000d\000i\000t\000a\000t\000i\000o\000n\000s\000\040\000o\000n\000\040\000t\000h\000e\000\040\000B\000o\000d\000y}{chapter.10}% 111
\BOOKMARK [1][-]{section.10.5}{\376\377\000S\000o\000l\000a\000r\000i\000t\000y\000\040\000a\000n\000d\000\040\000I\000m\000p\000a\000s\000s\000i\000b\000i\000l\000i\000t\000y}{chapter.10}% 112
\BOOKMARK [1][-]{section.10.6}{\376\377\000M\000e\000d\000i\000t\000a\000t\000i\000o\000n\000s\000\040\000o\000n\000\040\000t\000h\000e\000\040\000G\000o\000o\000d\000\040\000L\000i\000f\000e}{chapter.10}% 113
\BOOKMARK [1][-]{section.10.7}{\376\377\000R\000e\000s\000t\000,\000\040\000S\000e\000e\000,\000\040\000L\000o\000v\000e\000,\000\040\000P\000r\000a\000i\000s\000e}{chapter.10}% 114
\BOOKMARK [1][-]{section.10.8}{\376\377\000T\000h\000e\000\040\000F\000i\000v\000e\000\040\000W\000a\000y\000s\000\040\000t\000o\000\040\000G\000o\000d}{chapter.10}% 115
\BOOKMARK [0][-]{chapter.11}{\376\377\000A\000b\000o\000u\000t\000\040\000t\000h\000e\000\040\000U\000n\000k\000n\000o\000w\000n\000\040\000F\000r\000i\000e\000n\000d}{}% 116
\BOOKMARK [1][-]{section.11.1}{\376\377\000T\000h\000e\000\040\000C\000o\000n\000v\000e\000r\000s\000i\000o\000n\000\040\000o\000f\000\040\000V\000a\000l\000e\000n\000t\000i\000n\000\040\000T\000o\000m\000b\000e\000r\000g}{chapter.11}% 117
\BOOKMARK [1][-]{section.11.2}{\376\377\000M\000y\000t\000h\000\040\000a\000s\000\040\000E\000t\000e\000r\000n\000a\000l\000\040\000I\000d\000e\000a}{chapter.11}% 118
\BOOKMARK [1][-]{section.11.3}{\376\377\000T\000h\000e\000\040\000T\000e\000m\000p\000t\000a\000t\000i\000o\000n\000s\000\040\000i\000n\000\040\000t\000h\000e\000\040\000W\000i\000l\000d\000e\000r\000n\000e\000s\000s}{chapter.11}% 119
\BOOKMARK [0][-]{chapter.12}{\376\377\000M\000e\000d\000i\000t\000a\000t\000i\000o\000n\000s\000\040\000o\000n\000\040\000t\000h\000e\000\040\000T\000a\000r\000o\000t}{}% 120
\BOOKMARK [1][-]{section.12.1}{\376\377\000D\000r\000e\000a\000m\000i\000n\000g\000\040\000i\000n\000\040\000t\000h\000e\000\040\000D\000o\000g\000\040\000D\000a\000y\000s}{chapter.12}% 121
\BOOKMARK [1][-]{section.12.2}{\376\377\000M\000e\000m\000b\000e\000r\000s\000\040\000o\000f\000\040\000t\000h\000e\000\040\000C\000r\000e\000w}{chapter.12}% 122
\BOOKMARK [1][-]{section.12.3}{\376\377\000T\000h\000e\000\040\000W\000o\000r\000d\000\040\000i\000s\000\040\000S\000i\000l\000e\000n\000c\000e\000\040\000E\000x\000p\000r\000e\000s\000s\000e\000d}{chapter.12}% 123
\BOOKMARK [1][-]{section.12.4}{\376\377\000T\000h\000e\000\040\000W\000o\000r\000d\000\040\000i\000s\000\040\000m\000a\000d\000e\000\040\000F\000l\000e\000s\000h}{chapter.12}% 124
\BOOKMARK [1][-]{section.12.5}{\376\377\000C\000o\000n\000s\000c\000i\000o\000u\000s\000\040\000P\000a\000r\000t\000i\000c\000i\000p\000a\000t\000i\000o\000n\000\040\000i\000n\000\040\000W\000o\000r\000l\000d\000\040\000E\000v\000e\000n\000t\000s}{chapter.12}% 125
\BOOKMARK [1][-]{section.12.6}{\376\377\000T\000h\000e\000\040\000O\000p\000e\000n\000\040\000a\000n\000d\000\040\000C\000l\000o\000s\000e\000d\000\040\000U\000n\000i\000v\000e\000r\000s\000e\000s}{chapter.12}% 126
\BOOKMARK [1][-]{section.12.7}{\376\377\000T\000h\000e\000\040\000L\000a\000m\000p\000\040\000o\000f\000\040\000T\000r\000i\000s\000m\000e\000g\000i\000s\000t\000u\000s}{chapter.12}% 127
\BOOKMARK [1][-]{section.12.8}{\376\377\000W\000i\000s\000d\000o\000m\000,\000\040\000P\000r\000u\000d\000e\000n\000c\000e\000,\000\040\000C\000u\000n\000n\000i\000n\000g}{chapter.12}% 128
\BOOKMARK [1][-]{section.12.9}{\376\377\000S\000o\000l\000a\000r\000\040\000a\000n\000d\000\040\000L\000u\000n\000a\000r\000\040\000I\000n\000i\000t\000i\000a\000t\000i\000o\000n}{chapter.12}% 129
\BOOKMARK [1][-]{section.12.10}{\376\377\000F\000r\000e\000e\000d\000o\000m\000\040\000i\000s\000\040\000a\000\040\000F\000a\000c\000t}{chapter.12}% 130
\BOOKMARK [1][-]{section.12.11}{\376\377\000T\000h\000e\000\040\000M\000i\000d\000d\000l\000e\000\040\000P\000i\000l\000l\000a\000r}{chapter.12}% 131
\BOOKMARK [1][-]{section.12.12}{\376\377\000W\000h\000y\000\040\000I\000\040\000W\000a\000s\000\040\000B\000o\000r\000n}{chapter.12}% 132
\BOOKMARK [1][-]{section.12.13}{\376\377\000S\000a\000l\000v\000a\000t\000i\000o\000n\000\040\000a\000n\000d\000\040\000E\000v\000o\000l\000u\000t\000i\000o\000n}{chapter.12}% 133
\BOOKMARK [1][-]{section.12.14}{\376\377\000I\000n\000t\000e\000l\000l\000e\000c\000t\000u\000a\000l\000i\000t\000y\000\040\000a\000n\000d\000\040\000O\000r\000g\000a\000n\000i\000c\000\040\000L\000o\000g\000i\000c}{chapter.12}% 134
\BOOKMARK [1][-]{section.12.15}{\376\377\000A\000n\000t\000i\000s\000o\000c\000i\000a\000l\000\040\000B\000e\000h\000a\000v\000i\000o\000r}{chapter.12}% 135
\BOOKMARK [1][-]{section.12.16}{\376\377\000T\000h\000e\000\040\000V\000o\000w\000\040\000o\000f\000\040\000P\000o\000v\000e\000r\000t\000y}{chapter.12}% 136
\BOOKMARK [0][-]{chapter.13}{\376\377\000S\000p\000a\000r\000s\000e\000\040\000N\000o\000t\000e\000s\000\040\000a\000n\000d\000\040\000M\000u\000s\000i\000n\000g\000s}{}% 137
\BOOKMARK [1][-]{section.13.1}{\376\377\000T\000h\000e\000\040\000G\000o\000o\000d\000\040\000S\000h\000e\000p\000h\000e\000r\000d}{chapter.13}% 138
\BOOKMARK [1][-]{section.13.2}{\376\377\000S\000e\000c\000r\000e\000t\000,\000\040\000A\000r\000c\000a\000n\000u\000m\000,\000\040\000M\000y\000s\000t\000e\000r\000y}{chapter.13}% 139
\BOOKMARK [1][-]{section.13.3}{\376\377\000T\000h\000i\000n\000k\000i\000n\000g\000\040\000a\000n\000d\000\040\000A\000r\000g\000u\000m\000e\000n\000t\000s}{chapter.13}% 140
\BOOKMARK [1][-]{section.13.4}{\376\377\000T\000i\000m\000e\000\040\000f\000o\000r\000\040\000a\000\040\000S\000e\000c\000o\000n\000d\000\040\000R\000e\000n\000u\000n\000c\000i\000a\000t\000i\000o\000n}{chapter.13}% 141
\BOOKMARK [1][-]{section.13.5}{\376\377\000G\000e\000o\000c\000e\000n\000t\000r\000i\000s\000m\000\040\000a\000n\000d\000\040\000t\000h\000e\000\040\000C\000e\000n\000t\000e\000r\000\040\000o\000f\000\040\000t\000h\000e\000\040\000U\000n\000i\000v\000e\000r\000s\000e}{chapter.13}% 142
\BOOKMARK [1][-]{section.13.6}{\376\377\000O\000n\000\040\000H\000e\000r\000m\000e\000t\000i\000c\000\040\000S\000u\000b\000l\000i\000m\000a\000t\000i\000o\000n}{chapter.13}% 143
\BOOKMARK [1][-]{section.13.7}{\376\377\000D\000e\000t\000r\000a\000c\000t\000i\000o\000n\000,\000\040\000S\000o\000u\000l\000\040\000M\000a\000t\000e\000s\000\040\000a\000n\000d\000\040\000P\000a\000r\000a\000n\000o\000r\000m\000a\000l\000\040\000P\000o\000w\000e\000r\000s}{chapter.13}% 144
\BOOKMARK [1][-]{section.13.8}{\376\377\000D\000o\000\040\000D\000o\000g\000s\000\040\000G\000o\000\040\000t\000o\000\040\000H\000e\000a\000v\000e\000n}{chapter.13}% 145
\BOOKMARK [1][-]{section.13.9}{\376\377\000F\000a\000b\000r\000e\000\040\000d\000'\000O\000l\000i\000v\000e\000t\000\040\000o\000n\000\040\000t\000h\000e\000\040\000B\000o\000r\000e\000a\000n\000\040\000R\000a\000c\000e}{chapter.13}% 146
\BOOKMARK [1][-]{section.13.10}{\376\377\000I\000n\000v\000a\000s\000i\000o\000n\000\040\000o\000f\000\040\000t\000h\000e\000\040\000B\000o\000d\000y\000\040\000S\000n\000a\000t\000c\000h\000e\000r\000s}{chapter.13}% 147
\BOOKMARK [1][-]{section.13.11}{\376\377\000T\000h\000e\000\040\000N\000i\000g\000h\000t\000\040\000o\000f\000\040\000t\000h\000e\000\040\000B\000l\000a\000c\000k\000\040\000C\000o\000w\000s}{chapter.13}% 148
\BOOKMARK [1][-]{section.13.12}{\376\377\000T\000h\000e\000\040\000C\000r\000i\000t\000i\000c\000\040\000a\000n\000d\000\040\000t\000h\000e\000\040\000I\000d\000e\000o\000l\000o\000g\000u\000e}{chapter.13}% 149
\BOOKMARK [1][-]{section.13.13}{\376\377\000T\000h\000e\000\040\000L\000i\000f\000e\000\040\000o\000f\000\040\000R\000e\000a\000s\000o\000n}{chapter.13}% 150
\BOOKMARK [1][-]{section.13.14}{\376\377\000M\000e\000n\000\040\000w\000i\000t\000h\000o\000u\000t\000\040\000Q\000u\000a\000l\000i\000t\000i\000e\000s}{chapter.13}% 151
\BOOKMARK [1][-]{section.13.15}{\376\377\000O\000b\000j\000e\000c\000t\000i\000v\000e\000\040\000R\000e\000a\000l\000i\000t\000y}{chapter.13}% 152
\BOOKMARK [1][-]{section.13.16}{\376\377\000G\000o\000d\000\040\000a\000n\000d\000\040\000L\000i\000f\000e\000'\000s\000\040\000P\000a\000r\000t\000i\000c\000i\000p\000a\000t\000i\000o\000n\000\040\000T\000r\000o\000p\000h\000y}{chapter.13}% 153
\BOOKMARK [1][-]{section.13.17}{\376\377\000T\000h\000a\000n\000k\000s\000\040\000f\000o\000r\000\040\000t\000h\000e\000\040\000M\000e\000m\000o\000r\000i\000e\000s}{chapter.13}% 154
\BOOKMARK [1][-]{section.13.18}{\376\377\000M\000i\000d\000n\000i\000g\000h\000t\000\040\000M\000e\000z\000e}{chapter.13}% 155
\BOOKMARK [1][-]{section.13.19}{\376\377\000T\000h\000e\000\040\000T\000w\000o\000\040\000H\000a\000n\000d\000s\000\040\000o\000f\000\040\000G\000o\000d}{chapter.13}% 156
\BOOKMARK [1][-]{section.13.20}{\376\377\000L\000i\000f\000e\000\040\000i\000n\000\040\000t\000h\000e\000\040\000N\000o\000o\000s\000p\000h\000e\000r\000e}{chapter.13}% 157
\BOOKMARK [1][-]{section.13.21}{\376\377\000W\000h\000e\000r\000e\000\040\000T\000r\000u\000t\000h\000\040\000W\000i\000l\000l\000\040\000D\000w\000e\000l\000l}{chapter.13}% 158
\BOOKMARK [1][-]{section.13.22}{\376\377\000N\000o\000s\000t\000a\000l\000g\000i\000a\000\040\000a\000n\000d\000\040\000D\000e\000a\000t\000h}{chapter.13}% 159
\BOOKMARK [1][-]{section.13.23}{\376\377\000T\000h\000e\000\040\000P\000o\000e\000t\000\040\000a\000n\000d\000\040\000t\000h\000e\000\040\000S\000a\000i\000n\000t}{chapter.13}% 160
\BOOKMARK [1][-]{section.13.24}{\376\377\000S\000y\000m\000p\000a\000t\000h\000y\000\040\000f\000o\000r\000\040\000t\000h\000e\000\040\000D\000e\000v\000i\000l}{chapter.13}% 161
\BOOKMARK [1][-]{section.13.25}{\376\377\000M\000e\000d\000i\000t\000a\000t\000i\000o\000n\000\040\000o\000f\000\040\000T\000h\000a\000i\000s}{chapter.13}% 162
\BOOKMARK [1][-]{section.13.26}{\376\377\000T\000h\000e\000\040\000H\000o\000l\000y\000\040\000G\000h\000o\000s\000t\000\040\000M\000o\000v\000e\000m\000e\000n\000t}{chapter.13}% 163
\BOOKMARK [1][-]{section.13.27}{\376\377\000I\000n\000s\000p\000i\000r\000a\000t\000i\000o\000n}{chapter.13}% 164
